2023-09-26 11:39:05.896 +02:00 [Information] User profile is available. Using '"C:\Users\arifo\AppData\Local\ASP.NET\DataProtection-Keys"' as key repository and Windows DPAPI to encrypt keys at rest.
2023-09-26 11:39:06.215 +02:00 [Information] Now listening on: "https://localhost:7133"
2023-09-26 11:39:06.216 +02:00 [Information] Now listening on: "http://localhost:5244"
2023-09-26 11:39:06.220 +02:00 [Information] Application started. Press Ctrl+C to shut down.
2023-09-26 11:39:06.221 +02:00 [Information] Hosting environment: "Development"
2023-09-26 11:39:06.222 +02:00 [Information] Content root path: "C:\website\ITForums\ITForums"
2023-09-26 11:39:06.849 +02:00 [Information] Request starting HTTP/2 GET https://localhost:7133/ - -
2023-09-26 11:39:06.934 +02:00 [Information] Executing endpoint '"ITForums.Controllers.HomeController.Index (ITForums)"'
2023-09-26 11:39:06.947 +02:00 [Information] Route matched with "{action = \"Index\", controller = \"Home\"}". Executing controller action with signature "Microsoft.AspNetCore.Mvc.IActionResult Index()" on controller "ITForums.Controllers.HomeController" ("ITForums").
2023-09-26 11:39:07.097 +02:00 [Information] Executing action method "ITForums.Controllers.HomeController.Index (ITForums)" - Validation state: Valid
2023-09-26 11:39:07.102 +02:00 [Information] Executed action method "ITForums.Controllers.HomeController.Index (ITForums)", returned result "Microsoft.AspNetCore.Mvc.ViewResult" in 1.3747ms.
2023-09-26 11:39:07.110 +02:00 [Information] Executing ViewResult, running view "Index".
2023-09-26 11:39:07.356 +02:00 [Information] Executed ViewResult - view "Index" executed in 246.7402ms.
2023-09-26 11:39:07.359 +02:00 [Information] Executed action "ITForums.Controllers.HomeController.Index (ITForums)" in 412.2589ms
2023-09-26 11:39:07.360 +02:00 [Information] Executed endpoint '"ITForums.Controllers.HomeController.Index (ITForums)"'
2023-09-26 11:39:07.376 +02:00 [Information] Request finished HTTP/2 GET https://localhost:7133/ - - - 200 - text/html;+charset=utf-8 528.3378ms
2023-09-26 11:39:07.384 +02:00 [Information] Request starting HTTP/2 GET https://localhost:7133/lib/jquery-validation-unobtrusive/jquery.validate.unobtrusive.js - -
2023-09-26 11:39:07.384 +02:00 [Information] Request starting HTTP/2 GET https://localhost:7133/lib/jquery-validate/jquery.validate.js - -
2023-09-26 11:39:07.399 +02:00 [Information] Request starting HTTP/2 GET https://localhost:7133/_framework/aspnetcore-browser-refresh.js - -
2023-09-26 11:39:07.403 +02:00 [Information] The file "/lib/jquery-validation-unobtrusive/jquery.validate.unobtrusive.js" was not modified
2023-09-26 11:39:07.403 +02:00 [Information] The file "/lib/jquery-validate/jquery.validate.js" was not modified
2023-09-26 11:39:07.404 +02:00 [Information] Request finished HTTP/2 GET https://localhost:7133/lib/jquery-validate/jquery.validate.js - - - 304 - text/javascript 20.1457ms
2023-09-26 11:39:07.404 +02:00 [Information] Request finished HTTP/2 GET https://localhost:7133/lib/jquery-validation-unobtrusive/jquery.validate.unobtrusive.js - - - 304 - text/javascript 20.1563ms
2023-09-26 11:39:07.411 +02:00 [Information] Request starting HTTP/2 GET https://localhost:7133/_vs/browserLink - -
2023-09-26 11:39:07.411 +02:00 [Information] Request finished HTTP/2 GET https://localhost:7133/_framework/aspnetcore-browser-refresh.js - - - 200 12348 application/javascript;+charset=utf-8 11.6026ms
2023-09-26 11:39:07.441 +02:00 [Information] Request finished HTTP/2 GET https://localhost:7133/_vs/browserLink - - - 200 - text/javascript;+charset=UTF-8 30.3923ms
2023-09-26 11:39:08.565 +02:00 [Information] Request starting HTTP/2 GET https://localhost:7133/Order/Table - -
2023-09-26 11:39:08.567 +02:00 [Information] Executing endpoint '"ITForums.Controllers.OrderController.Table (ITForums)"'
2023-09-26 11:39:08.572 +02:00 [Information] Route matched with "{action = \"Table\", controller = \"Order\"}". Executing controller action with signature "System.Threading.Tasks.Task`1[Microsoft.AspNetCore.Mvc.IActionResult] Table()" on controller "ITForums.Controllers.OrderController" ("ITForums").
2023-09-26 11:39:08.595 +02:00 [Information] Executing action method "ITForums.Controllers.OrderController.Table (ITForums)" - Validation state: Valid
2023-09-26 11:39:08.636 +02:00 [Information] Executed action method "ITForums.Controllers.OrderController.Table (ITForums)", returned result "Microsoft.AspNetCore.Mvc.ViewResult" in 40.6368ms.
2023-09-26 11:39:08.638 +02:00 [Information] Executing ViewResult, running view "Table".
2023-09-26 11:39:08.773 +02:00 [Information] Executed ViewResult - view "Table" executed in 136.261ms.
2023-09-26 11:39:08.773 +02:00 [Information] Executed action "ITForums.Controllers.OrderController.Table (ITForums)" in 201.3251ms
2023-09-26 11:39:08.773 +02:00 [Information] Executed endpoint '"ITForums.Controllers.OrderController.Table (ITForums)"'
2023-09-26 11:39:08.783 +02:00 [Information] Request finished HTTP/2 GET https://localhost:7133/Order/Table - - - 200 - text/html;+charset=utf-8 218.8440ms
2023-09-26 11:39:08.784 +02:00 [Information] Request starting HTTP/2 GET https://localhost:7133/Order/lib/bootstrap/js/bootstrap.js - -
2023-09-26 11:39:08.784 +02:00 [Information] Request starting HTTP/2 GET https://localhost:7133/Order/lib/jquery/jquery.js - -
2023-09-26 11:39:08.784 +02:00 [Information] Request starting HTTP/2 GET https://localhost:7133/Order/lib/jquery-validate/jquery.validate.js - -
2023-09-26 11:39:08.785 +02:00 [Information] Request starting HTTP/2 GET https://localhost:7133/_framework/aspnetcore-browser-refresh.js - -
2023-09-26 11:39:08.785 +02:00 [Information] Request starting HTTP/2 GET https://localhost:7133/Order/lib/jquery-validation-unobtrusive/jquery.validate.unobtrusive.js - -
2023-09-26 11:39:08.786 +02:00 [Information] Request finished HTTP/2 GET https://localhost:7133/_framework/aspnetcore-browser-refresh.js - - - 200 12348 application/javascript;+charset=utf-8 1.0221ms
2023-09-26 11:39:08.788 +02:00 [Information] Request finished HTTP/2 GET https://localhost:7133/Order/lib/jquery-validation-unobtrusive/jquery.validate.unobtrusive.js - - - 404 0 - 3.0015ms
2023-09-26 11:39:08.788 +02:00 [Information] Request finished HTTP/2 GET https://localhost:7133/Order/lib/jquery-validate/jquery.validate.js - - - 404 0 - 3.6750ms
2023-09-26 11:39:08.788 +02:00 [Information] Request finished HTTP/2 GET https://localhost:7133/Order/lib/jquery/jquery.js - - - 404 0 - 4.1084ms
2023-09-26 11:39:08.788 +02:00 [Information] Request finished HTTP/2 GET https://localhost:7133/Order/lib/bootstrap/js/bootstrap.js - - - 404 0 - 4.4883ms
2023-09-26 11:39:08.800 +02:00 [Information] Request starting HTTP/2 GET https://localhost:7133/_vs/browserLink - -
2023-09-26 11:39:08.818 +02:00 [Information] Request finished HTTP/2 GET https://localhost:7133/_vs/browserLink - - - 200 - text/javascript;+charset=UTF-8 22.3328ms
2023-09-26 11:39:09.222 +02:00 [Information] Request starting HTTP/2 GET https://localhost:7133/Customer/Table - -
2023-09-26 11:39:09.223 +02:00 [Information] Executing endpoint '"ITForums.Controllers.CustomerController.Table (ITForums)"'
2023-09-26 11:39:09.225 +02:00 [Information] Route matched with "{action = \"Table\", controller = \"Customer\"}". Executing controller action with signature "System.Threading.Tasks.Task`1[Microsoft.AspNetCore.Mvc.IActionResult] Table()" on controller "ITForums.Controllers.CustomerController" ("ITForums").
2023-09-26 11:39:09.241 +02:00 [Information] Executing action method "ITForums.Controllers.CustomerController.Table (ITForums)" - Validation state: Valid
2023-09-26 11:39:09.290 +02:00 [Information] Executed action method "ITForums.Controllers.CustomerController.Table (ITForums)", returned result "Microsoft.AspNetCore.Mvc.ViewResult" in 48.4187ms.
2023-09-26 11:39:09.291 +02:00 [Information] Executing ViewResult, running view "Table".
2023-09-26 11:39:09.315 +02:00 [Information] Executed ViewResult - view "Table" executed in 25.4486ms.
2023-09-26 11:39:09.316 +02:00 [Information] Executed action "ITForums.Controllers.CustomerController.Table (ITForums)" in 90.3914ms
2023-09-26 11:39:09.316 +02:00 [Information] Executed endpoint '"ITForums.Controllers.CustomerController.Table (ITForums)"'
2023-09-26 11:39:09.317 +02:00 [Information] Request finished HTTP/2 GET https://localhost:7133/Customer/Table - - - 200 - text/html;+charset=utf-8 95.2467ms
2023-09-26 11:39:09.327 +02:00 [Information] Request starting HTTP/2 GET https://localhost:7133/Customer/lib/bootstrap/js/bootstrap.js - -
2023-09-26 11:39:09.327 +02:00 [Information] Request starting HTTP/2 GET https://localhost:7133/Customer/lib/jquery/jquery.js - -
2023-09-26 11:39:09.327 +02:00 [Information] Request starting HTTP/2 GET https://localhost:7133/Customer/lib/jquery-validate/jquery.validate.js - -
2023-09-26 11:39:09.327 +02:00 [Information] Request starting HTTP/2 GET https://localhost:7133/Customer/lib/jquery-validation-unobtrusive/jquery.validate.unobtrusive.js - -
2023-09-26 11:39:09.327 +02:00 [Information] Request starting HTTP/2 GET https://localhost:7133/_framework/aspnetcore-browser-refresh.js - -
2023-09-26 11:39:09.328 +02:00 [Information] Request finished HTTP/2 GET https://localhost:7133/Customer/lib/jquery-validate/jquery.validate.js - - - 404 0 - 0.6027ms
2023-09-26 11:39:09.328 +02:00 [Information] Request finished HTTP/2 GET https://localhost:7133/Customer/lib/bootstrap/js/bootstrap.js - - - 404 0 - 0.6350ms
2023-09-26 11:39:09.328 +02:00 [Information] Request finished HTTP/2 GET https://localhost:7133/_framework/aspnetcore-browser-refresh.js - - - 200 12348 application/javascript;+charset=utf-8 0.9759ms
2023-09-26 11:39:09.329 +02:00 [Information] Request finished HTTP/2 GET https://localhost:7133/Customer/lib/jquery-validation-unobtrusive/jquery.validate.unobtrusive.js - - - 404 0 - 0.2690ms
2023-09-26 11:39:09.329 +02:00 [Information] Request finished HTTP/2 GET https://localhost:7133/Customer/lib/jquery/jquery.js - - - 404 0 - 0.5479ms
2023-09-26 11:39:09.336 +02:00 [Information] Request starting HTTP/2 GET https://localhost:7133/_vs/browserLink - -
2023-09-26 11:39:09.347 +02:00 [Information] Request finished HTTP/2 GET https://localhost:7133/_vs/browserLink - - - 200 - text/javascript;+charset=UTF-8 10.9032ms
2023-09-26 11:39:09.881 +02:00 [Information] Request starting HTTP/2 GET https://localhost:7133/Question/Table - -
2023-09-26 11:39:09.882 +02:00 [Information] Executing endpoint '"ITForums.Controllers.QuestionController.Table (ITForums)"'
2023-09-26 11:39:09.886 +02:00 [Information] Route matched with "{action = \"Table\", controller = \"Question\"}". Executing controller action with signature "System.Threading.Tasks.Task`1[Microsoft.AspNetCore.Mvc.IActionResult] Table()" on controller "ITForums.Controllers.QuestionController" ("ITForums").
2023-09-26 11:39:09.902 +02:00 [Information] Executing action method "ITForums.Controllers.QuestionController.Table (ITForums)" - Validation state: Valid
2023-09-26 11:39:09.913 +02:00 [Information] Executed action method "ITForums.Controllers.QuestionController.Table (ITForums)", returned result "Microsoft.AspNetCore.Mvc.ViewResult" in 10.0623ms.
2023-09-26 11:39:09.913 +02:00 [Information] Executing ViewResult, running view "Table".
2023-09-26 11:39:10.027 +02:00 [Information] Executed ViewResult - view "Table" executed in 114.2456ms.
2023-09-26 11:39:10.027 +02:00 [Information] Executed action "ITForums.Controllers.QuestionController.Table (ITForums)" in 141.5854ms
2023-09-26 11:39:10.027 +02:00 [Information] Executed endpoint '"ITForums.Controllers.QuestionController.Table (ITForums)"'
2023-09-26 11:39:10.030 +02:00 [Information] Request finished HTTP/2 GET https://localhost:7133/Question/Table - - - 200 - text/html;+charset=utf-8 149.2667ms
2023-09-26 11:39:10.042 +02:00 [Information] Request starting HTTP/2 GET https://localhost:7133/Question/lib/bootstrap/js/bootstrap.js - -
2023-09-26 11:39:10.042 +02:00 [Information] Request starting HTTP/2 GET https://localhost:7133/Question/lib/jquery-validation-unobtrusive/jquery.validate.unobtrusive.js - -
2023-09-26 11:39:10.043 +02:00 [Information] Request starting HTTP/2 GET https://localhost:7133/Question/lib/jquery-validate/jquery.validate.js - -
2023-09-26 11:39:10.043 +02:00 [Information] Request starting HTTP/2 GET https://localhost:7133/Question/lib/jquery/jquery.js - -
2023-09-26 11:39:10.043 +02:00 [Information] Request starting HTTP/2 GET https://localhost:7133/_framework/aspnetcore-browser-refresh.js - -
2023-09-26 11:39:10.044 +02:00 [Information] Request finished HTTP/2 GET https://localhost:7133/_framework/aspnetcore-browser-refresh.js - - - 200 12348 application/javascript;+charset=utf-8 0.7247ms
2023-09-26 11:39:10.045 +02:00 [Information] Request finished HTTP/2 GET https://localhost:7133/Question/lib/jquery-validation-unobtrusive/jquery.validate.unobtrusive.js - - - 404 0 - 2.4125ms
2023-09-26 11:39:10.045 +02:00 [Information] Request finished HTTP/2 GET https://localhost:7133/Question/lib/bootstrap/js/bootstrap.js - - - 404 0 - 3.1443ms
2023-09-26 11:39:10.045 +02:00 [Information] Request finished HTTP/2 GET https://localhost:7133/Question/lib/jquery-validate/jquery.validate.js - - - 404 0 - 2.3186ms
2023-09-26 11:39:10.045 +02:00 [Information] Request finished HTTP/2 GET https://localhost:7133/Question/lib/jquery/jquery.js - - - 404 0 - 2.3451ms
2023-09-26 11:39:10.051 +02:00 [Information] Request starting HTTP/2 GET https://localhost:7133/_vs/browserLink - -
2023-09-26 11:39:10.067 +02:00 [Information] Request finished HTTP/2 GET https://localhost:7133/_vs/browserLink - - - 200 - text/javascript;+charset=UTF-8 15.6971ms
