2023-09-26 10:25:38.656 +02:00 [Information] User profile is available. Using '"C:\Users\arifo\AppData\Local\ASP.NET\DataProtection-Keys"' as key repository and Windows DPAPI to encrypt keys at rest.
2023-09-26 10:25:38.835 +02:00 [Information] Now listening on: "https://localhost:7133"
2023-09-26 10:25:38.836 +02:00 [Information] Now listening on: "http://localhost:5244"
2023-09-26 10:25:38.843 +02:00 [Information] Application started. Press Ctrl+C to shut down.
2023-09-26 10:25:38.846 +02:00 [Information] Hosting environment: "Development"
2023-09-26 10:25:38.847 +02:00 [Information] Content root path: "C:\website\ITForums\ITForums\"
2023-09-26 10:25:39.775 +02:00 [Information] Request starting HTTP/2 GET https://localhost:7133/ - -
2023-09-26 10:25:39.836 +02:00 [Information] Executing endpoint '"ITForums.Controllers.HomeController.Index (ITForums)"'
2023-09-26 10:25:39.850 +02:00 [Information] Route matched with "{action = \"Index\", controller = \"Home\"}". Executing controller action with signature "Microsoft.AspNetCore.Mvc.IActionResult Index()" on controller "ITForums.Controllers.HomeController" ("ITForums").
2023-09-26 10:25:39.911 +02:00 [Information] Executing action method "ITForums.Controllers.HomeController.Index (ITForums)" - Validation state: Valid
2023-09-26 10:25:39.916 +02:00 [Information] Executed action method "ITForums.Controllers.HomeController.Index (ITForums)", returned result "Microsoft.AspNetCore.Mvc.ViewResult" in 0.662ms.
2023-09-26 10:25:39.925 +02:00 [Information] Executing ViewResult, running view "Index".
2023-09-26 10:25:40.107 +02:00 [Information] Executed ViewResult - view "Index" executed in 180.5563ms.
2023-09-26 10:25:40.113 +02:00 [Information] Executed action "ITForums.Controllers.HomeController.Index (ITForums)" in 262.5543ms
2023-09-26 10:25:40.114 +02:00 [Information] Executed endpoint '"ITForums.Controllers.HomeController.Index (ITForums)"'
2023-09-26 10:25:40.145 +02:00 [Information] Request finished HTTP/2 GET https://localhost:7133/ - - - 200 - text/html;+charset=utf-8 374.2955ms
2023-09-26 10:25:40.174 +02:00 [Information] Request starting HTTP/2 GET https://localhost:7133/_vs/browserLink - -
2023-09-26 10:25:40.174 +02:00 [Information] Request starting HTTP/2 GET https://localhost:7133/_framework/aspnetcore-browser-refresh.js - -
2023-09-26 10:25:40.186 +02:00 [Information] Request finished HTTP/2 GET https://localhost:7133/_framework/aspnetcore-browser-refresh.js - - - 200 12348 application/javascript;+charset=utf-8 11.3958ms
2023-09-26 10:25:40.193 +02:00 [Information] Request finished HTTP/2 GET https://localhost:7133/_vs/browserLink - - - 200 - text/javascript;+charset=UTF-8 19.2468ms
2023-09-26 10:25:42.283 +02:00 [Information] Request starting HTTP/2 GET https://localhost:7133/Question/Table - -
2023-09-26 10:25:42.287 +02:00 [Information] Executing endpoint '"ITForums.Controllers.QuestionController.Table (ITForums)"'
2023-09-26 10:25:42.291 +02:00 [Information] Route matched with "{action = \"Table\", controller = \"Question\"}". Executing controller action with signature "System.Threading.Tasks.Task`1[Microsoft.AspNetCore.Mvc.IActionResult] Table()" on controller "ITForums.Controllers.QuestionController" ("ITForums").
2023-09-26 10:25:42.338 +02:00 [Information] Executing action method "ITForums.Controllers.QuestionController.Table (ITForums)" - Validation state: Valid
2023-09-26 10:25:42.403 +02:00 [Information] Executed action method "ITForums.Controllers.QuestionController.Table (ITForums)", returned result "Microsoft.AspNetCore.Mvc.ViewResult" in 64.1393ms.
2023-09-26 10:25:42.404 +02:00 [Information] Executing ViewResult, running view "Table".
2023-09-26 10:25:42.475 +02:00 [Information] Executed ViewResult - view "Table" executed in 71.6694ms.
2023-09-26 10:25:42.475 +02:00 [Information] Executed action "ITForums.Controllers.QuestionController.Table (ITForums)" in 183.42ms
2023-09-26 10:25:42.475 +02:00 [Information] Executed endpoint '"ITForums.Controllers.QuestionController.Table (ITForums)"'
2023-09-26 10:25:42.483 +02:00 [Information] Request starting HTTP/2 GET https://localhost:7133/Question/lib/bootstrap/js/bootstrap.js - -
2023-09-26 10:25:42.483 +02:00 [Information] Request starting HTTP/2 GET https://localhost:7133/Question/lib/jquery/jquery.js - -
2023-09-26 10:25:42.483 +02:00 [Information] Request starting HTTP/2 GET https://localhost:7133/_framework/aspnetcore-browser-refresh.js - -
2023-09-26 10:25:42.484 +02:00 [Information] Request finished HTTP/2 GET https://localhost:7133/_framework/aspnetcore-browser-refresh.js - - - 200 12348 application/javascript;+charset=utf-8 0.7035ms
2023-09-26 10:25:42.488 +02:00 [Information] Request finished HTTP/2 GET https://localhost:7133/Question/lib/bootstrap/js/bootstrap.js - - - 404 0 - 5.1190ms
2023-09-26 10:25:42.488 +02:00 [Information] Request finished HTTP/2 GET https://localhost:7133/Question/lib/jquery/jquery.js - - - 404 0 - 4.9684ms
2023-09-26 10:25:42.490 +02:00 [Information] Request finished HTTP/2 GET https://localhost:7133/Question/Table - - - 200 - text/html;+charset=utf-8 207.4784ms
2023-09-26 10:25:42.492 +02:00 [Information] Request starting HTTP/2 GET https://localhost:7133/_vs/browserLink - -
2023-09-26 10:25:42.503 +02:00 [Information] Request finished HTTP/2 GET https://localhost:7133/_vs/browserLink - - - 200 - text/javascript;+charset=UTF-8 10.8420ms
2023-09-26 10:25:43.745 +02:00 [Information] Request starting HTTP/2 GET https://localhost:7133/Question/Create - -
2023-09-26 10:25:43.745 +02:00 [Information] Executing endpoint '"ITForums.Controllers.QuestionController.Create (ITForums)"'
2023-09-26 10:25:43.746 +02:00 [Information] Route matched with "{action = \"Create\", controller = \"Question\"}". Executing controller action with signature "Microsoft.AspNetCore.Mvc.IActionResult Create()" on controller "ITForums.Controllers.QuestionController" ("ITForums").
2023-09-26 10:25:43.802 +02:00 [Information] Executing action method "ITForums.Controllers.QuestionController.Create (ITForums)" - Validation state: Valid
2023-09-26 10:25:43.802 +02:00 [Information] Executed action method "ITForums.Controllers.QuestionController.Create (ITForums)", returned result "Microsoft.AspNetCore.Mvc.ViewResult" in 0.1755ms.
2023-09-26 10:25:43.803 +02:00 [Information] Executing ViewResult, running view "Create".
2023-09-26 10:25:43.846 +02:00 [Information] Executed ViewResult - view "Create" executed in 43.7336ms.
2023-09-26 10:25:43.846 +02:00 [Information] Executed action "ITForums.Controllers.QuestionController.Create (ITForums)" in 100.2093ms
2023-09-26 10:25:43.846 +02:00 [Information] Executed endpoint '"ITForums.Controllers.QuestionController.Create (ITForums)"'
2023-09-26 10:25:43.848 +02:00 [Information] Request finished HTTP/2 GET https://localhost:7133/Question/Create - - - 200 - text/html;+charset=utf-8 104.2185ms
2023-09-26 10:25:43.861 +02:00 [Information] Request starting HTTP/2 GET https://localhost:7133/_framework/aspnetcore-browser-refresh.js - -
2023-09-26 10:25:43.861 +02:00 [Information] Request starting HTTP/2 GET https://localhost:7133/Question/lib/jquery/jquery.js - -
2023-09-26 10:25:43.861 +02:00 [Information] Request starting HTTP/2 GET https://localhost:7133/Question/lib/bootstrap/js/bootstrap.js - -
2023-09-26 10:25:43.862 +02:00 [Information] Request finished HTTP/2 GET https://localhost:7133/_framework/aspnetcore-browser-refresh.js - - - 200 12348 application/javascript;+charset=utf-8 0.5607ms
2023-09-26 10:25:43.862 +02:00 [Information] Request finished HTTP/2 GET https://localhost:7133/Question/lib/jquery/jquery.js - - - 404 0 - 0.7623ms
2023-09-26 10:25:43.862 +02:00 [Information] Request finished HTTP/2 GET https://localhost:7133/Question/lib/bootstrap/js/bootstrap.js - - - 404 0 - 0.7601ms
2023-09-26 10:25:43.867 +02:00 [Information] Request starting HTTP/2 GET https://localhost:7133/_vs/browserLink - -
2023-09-26 10:25:43.871 +02:00 [Information] Request finished HTTP/2 GET https://localhost:7133/_vs/browserLink - - - 200 - text/javascript;+charset=UTF-8 4.2274ms
2023-09-26 10:25:44.843 +02:00 [Information] Request starting HTTP/2 POST https://localhost:7133/Question/Create application/x-www-form-urlencoded 220
2023-09-26 10:25:44.844 +02:00 [Information] Executing endpoint '"ITForums.Controllers.QuestionController.Create (ITForums)"'
2023-09-26 10:25:44.863 +02:00 [Information] Route matched with "{action = \"Create\", controller = \"Question\"}". Executing controller action with signature "System.Threading.Tasks.Task`1[Microsoft.AspNetCore.Mvc.IActionResult] Create(ITForums.Models.Question)" on controller "ITForums.Controllers.QuestionController" ("ITForums").
2023-09-26 10:25:44.907 +02:00 [Information] Executing action method "ITForums.Controllers.QuestionController.Create (ITForums)" - Validation state: Invalid
2023-09-26 10:25:44.925 +02:00 [Warning] [QuestionController] Question creation failed Question { Id: 0, Title: null, Description: null, ImageUrl: null, OrderQuestions: null, Answer: 0 }
2023-09-26 10:25:44.926 +02:00 [Information] Executed action method "ITForums.Controllers.QuestionController.Create (ITForums)", returned result "Microsoft.AspNetCore.Mvc.ViewResult" in 18.9662ms.
2023-09-26 10:25:44.926 +02:00 [Information] Executing ViewResult, running view "Create".
2023-09-26 10:25:44.934 +02:00 [Information] Executed ViewResult - view "Create" executed in 7.902ms.
2023-09-26 10:25:44.934 +02:00 [Information] Executed action "ITForums.Controllers.QuestionController.Create (ITForums)" in 71.0066ms
2023-09-26 10:25:44.934 +02:00 [Information] Executed endpoint '"ITForums.Controllers.QuestionController.Create (ITForums)"'
2023-09-26 10:25:44.936 +02:00 [Information] Request finished HTTP/2 POST https://localhost:7133/Question/Create application/x-www-form-urlencoded 220 - 200 - text/html;+charset=utf-8 92.9188ms
2023-09-26 10:25:44.946 +02:00 [Information] Request starting HTTP/2 GET https://localhost:7133/_framework/aspnetcore-browser-refresh.js - -
2023-09-26 10:25:44.946 +02:00 [Information] Request starting HTTP/2 GET https://localhost:7133/Question/lib/jquery/jquery.js - -
2023-09-26 10:25:44.946 +02:00 [Information] Request starting HTTP/2 GET https://localhost:7133/Question/lib/bootstrap/js/bootstrap.js - -
2023-09-26 10:25:44.946 +02:00 [Information] Request finished HTTP/2 GET https://localhost:7133/Question/lib/jquery/jquery.js - - - 404 0 - 0.9490ms
2023-09-26 10:25:44.947 +02:00 [Information] Request finished HTTP/2 GET https://localhost:7133/Question/lib/bootstrap/js/bootstrap.js - - - 404 0 - 1.0776ms
2023-09-26 10:25:44.947 +02:00 [Information] Request finished HTTP/2 GET https://localhost:7133/_framework/aspnetcore-browser-refresh.js - - - 200 12348 application/javascript;+charset=utf-8 0.8984ms
2023-09-26 10:25:44.958 +02:00 [Information] Request starting HTTP/2 GET https://localhost:7133/_vs/browserLink - -
2023-09-26 10:25:44.972 +02:00 [Information] Request finished HTTP/2 GET https://localhost:7133/_vs/browserLink - - - 200 - text/javascript;+charset=UTF-8 13.8585ms
2023-09-26 10:26:02.535 +02:00 [Information] Request starting HTTP/2 POST https://localhost:7133/Question/Create application/x-www-form-urlencoded 304
2023-09-26 10:26:02.536 +02:00 [Information] Executing endpoint '"ITForums.Controllers.QuestionController.Create (ITForums)"'
2023-09-26 10:26:02.536 +02:00 [Information] Route matched with "{action = \"Create\", controller = \"Question\"}". Executing controller action with signature "System.Threading.Tasks.Task`1[Microsoft.AspNetCore.Mvc.IActionResult] Create(ITForums.Models.Question)" on controller "ITForums.Controllers.QuestionController" ("ITForums").
2023-09-26 10:26:02.554 +02:00 [Information] Executing action method "ITForums.Controllers.QuestionController.Create (ITForums)" - Validation state: Valid
2023-09-26 10:26:02.590 +02:00 [Information] Executed action method "ITForums.Controllers.QuestionController.Create (ITForums)", returned result "Microsoft.AspNetCore.Mvc.RedirectToActionResult" in 35.6506ms.
2023-09-26 10:26:02.591 +02:00 [Information] Executing RedirectResult, redirecting to "/Question/Table".
2023-09-26 10:26:02.591 +02:00 [Information] Executed action "ITForums.Controllers.QuestionController.Create (ITForums)" in 54.8693ms
2023-09-26 10:26:02.591 +02:00 [Information] Executed endpoint '"ITForums.Controllers.QuestionController.Create (ITForums)"'
2023-09-26 10:26:02.591 +02:00 [Information] Request finished HTTP/2 POST https://localhost:7133/Question/Create application/x-www-form-urlencoded 304 - 302 0 - 56.5241ms
2023-09-26 10:26:02.597 +02:00 [Information] Request starting HTTP/2 GET https://localhost:7133/Question/Table - -
2023-09-26 10:26:02.597 +02:00 [Information] Executing endpoint '"ITForums.Controllers.QuestionController.Table (ITForums)"'
2023-09-26 10:26:02.597 +02:00 [Information] Route matched with "{action = \"Table\", controller = \"Question\"}". Executing controller action with signature "System.Threading.Tasks.Task`1[Microsoft.AspNetCore.Mvc.IActionResult] Table()" on controller "ITForums.Controllers.QuestionController" ("ITForums").
2023-09-26 10:26:02.613 +02:00 [Information] Executing action method "ITForums.Controllers.QuestionController.Table (ITForums)" - Validation state: Valid
2023-09-26 10:26:02.616 +02:00 [Information] Executed action method "ITForums.Controllers.QuestionController.Table (ITForums)", returned result "Microsoft.AspNetCore.Mvc.ViewResult" in 3.2577ms.
2023-09-26 10:26:02.616 +02:00 [Information] Executing ViewResult, running view "Table".
2023-09-26 10:26:02.630 +02:00 [Information] Executed ViewResult - view "Table" executed in 13.5897ms.
2023-09-26 10:26:02.630 +02:00 [Information] Executed action "ITForums.Controllers.QuestionController.Table (ITForums)" in 32.6ms
2023-09-26 10:26:02.630 +02:00 [Information] Executed endpoint '"ITForums.Controllers.QuestionController.Table (ITForums)"'
2023-09-26 10:26:02.632 +02:00 [Information] Request finished HTTP/2 GET https://localhost:7133/Question/Table - - - 200 - text/html;+charset=utf-8 35.7694ms
2023-09-26 10:26:02.639 +02:00 [Information] Request starting HTTP/2 GET https://localhost:7133/Question/lib/bootstrap/js/bootstrap.js - -
2023-09-26 10:26:02.639 +02:00 [Information] Request starting HTTP/2 GET https://localhost:7133/Question/lib/jquery/jquery.js - -
2023-09-26 10:26:02.639 +02:00 [Information] Request starting HTTP/2 GET https://localhost:7133/_framework/aspnetcore-browser-refresh.js - -
2023-09-26 10:26:02.640 +02:00 [Information] Request finished HTTP/2 GET https://localhost:7133/_framework/aspnetcore-browser-refresh.js - - - 200 12348 application/javascript;+charset=utf-8 0.4412ms
2023-09-26 10:26:02.640 +02:00 [Information] Request finished HTTP/2 GET https://localhost:7133/Question/lib/jquery/jquery.js - - - 404 0 - 0.5732ms
2023-09-26 10:26:02.640 +02:00 [Information] Request finished HTTP/2 GET https://localhost:7133/Question/lib/bootstrap/js/bootstrap.js - - - 404 0 - 0.8662ms
2023-09-26 10:26:02.651 +02:00 [Information] Request starting HTTP/2 GET https://localhost:7133/_vs/browserLink - -
2023-09-26 10:26:02.651 +02:00 [Information] Request starting HTTP/2 GET https://localhost:7133/Question/e - -
2023-09-26 10:26:02.651 +02:00 [Information] Request finished HTTP/2 GET https://localhost:7133/Question/e - - - 404 0 - 0.3536ms
2023-09-26 10:26:02.661 +02:00 [Information] Request finished HTTP/2 GET https://localhost:7133/_vs/browserLink - - - 200 - text/javascript;+charset=UTF-8 10.5167ms
2023-09-26 10:26:06.527 +02:00 [Information] Request starting HTTP/2 GET https://localhost:7133/Question/Delete/9 - -
2023-09-26 10:26:06.528 +02:00 [Information] Executing endpoint '"ITForums.Controllers.QuestionController.Delete (ITForums)"'
2023-09-26 10:26:06.531 +02:00 [Information] Route matched with "{action = \"Delete\", controller = \"Question\"}". Executing controller action with signature "System.Threading.Tasks.Task`1[Microsoft.AspNetCore.Mvc.IActionResult] Delete(Int32)" on controller "ITForums.Controllers.QuestionController" ("ITForums").
2023-09-26 10:26:06.551 +02:00 [Information] Executing action method "ITForums.Controllers.QuestionController.Delete (ITForums)" - Validation state: Valid
2023-09-26 10:26:06.575 +02:00 [Information] Executed action method "ITForums.Controllers.QuestionController.Delete (ITForums)", returned result "Microsoft.AspNetCore.Mvc.ViewResult" in 24.244ms.
2023-09-26 10:26:06.576 +02:00 [Information] Executing ViewResult, running view "Delete".
2023-09-26 10:26:06.585 +02:00 [Information] Executed ViewResult - view "Delete" executed in 9.7518ms.
2023-09-26 10:26:06.585 +02:00 [Information] Executed action "ITForums.Controllers.QuestionController.Delete (ITForums)" in 54.4037ms
2023-09-26 10:26:06.585 +02:00 [Information] Executed endpoint '"ITForums.Controllers.QuestionController.Delete (ITForums)"'
2023-09-26 10:26:06.587 +02:00 [Information] Request finished HTTP/2 GET https://localhost:7133/Question/Delete/9 - - - 200 - text/html;+charset=utf-8 59.9945ms
2023-09-26 10:26:06.600 +02:00 [Information] Request starting HTTP/2 GET https://localhost:7133/_framework/aspnetcore-browser-refresh.js - -
2023-09-26 10:26:06.600 +02:00 [Information] Request starting HTTP/2 GET https://localhost:7133/Question/Delete/lib/bootstrap/js/bootstrap.js - -
2023-09-26 10:26:06.600 +02:00 [Information] Request finished HTTP/2 GET https://localhost:7133/_framework/aspnetcore-browser-refresh.js - - - 200 12348 application/javascript;+charset=utf-8 0.4942ms
2023-09-26 10:26:06.600 +02:00 [Information] Request finished HTTP/2 GET https://localhost:7133/Question/Delete/lib/bootstrap/js/bootstrap.js - - - 404 0 - 0.5274ms
2023-09-26 10:26:06.601 +02:00 [Information] Request starting HTTP/2 GET https://localhost:7133/Question/Delete/lib/jquery/jquery.js - -
2023-09-26 10:26:06.601 +02:00 [Information] Request finished HTTP/2 GET https://localhost:7133/Question/Delete/lib/jquery/jquery.js - - - 404 0 - 0.2629ms
2023-09-26 10:26:06.606 +02:00 [Information] Request starting HTTP/2 GET https://localhost:7133/_vs/browserLink - -
2023-09-26 10:26:06.610 +02:00 [Information] Request finished HTTP/2 GET https://localhost:7133/_vs/browserLink - - - 200 - text/javascript;+charset=UTF-8 4.0542ms
2023-09-26 10:26:08.085 +02:00 [Information] Request starting HTTP/2 POST https://localhost:7133/Question/DeleteConfirmed/9 application/x-www-form-urlencoded 182
2023-09-26 10:26:08.086 +02:00 [Information] Executing endpoint '"ITForums.Controllers.QuestionController.DeleteConfirmed (ITForums)"'
2023-09-26 10:26:08.088 +02:00 [Information] Route matched with "{action = \"DeleteConfirmed\", controller = \"Question\"}". Executing controller action with signature "System.Threading.Tasks.Task`1[Microsoft.AspNetCore.Mvc.IActionResult] DeleteConfirmed(Int32)" on controller "ITForums.Controllers.QuestionController" ("ITForums").
2023-09-26 10:26:08.105 +02:00 [Information] Executing action method "ITForums.Controllers.QuestionController.DeleteConfirmed (ITForums)" - Validation state: Valid
2023-09-26 10:26:08.137 +02:00 [Information] Executed action method "ITForums.Controllers.QuestionController.DeleteConfirmed (ITForums)", returned result "Microsoft.AspNetCore.Mvc.RedirectToActionResult" in 31.4619ms.
2023-09-26 10:26:08.137 +02:00 [Information] Executing RedirectResult, redirecting to "/Question/Table".
2023-09-26 10:26:08.137 +02:00 [Information] Executed action "ITForums.Controllers.QuestionController.DeleteConfirmed (ITForums)" in 49.0253ms
2023-09-26 10:26:08.137 +02:00 [Information] Executed endpoint '"ITForums.Controllers.QuestionController.DeleteConfirmed (ITForums)"'
2023-09-26 10:26:08.137 +02:00 [Information] Request finished HTTP/2 POST https://localhost:7133/Question/DeleteConfirmed/9 application/x-www-form-urlencoded 182 - 302 0 - 52.6042ms
2023-09-26 10:26:08.143 +02:00 [Information] Request starting HTTP/2 GET https://localhost:7133/Question/Table - -
2023-09-26 10:26:08.143 +02:00 [Information] Executing endpoint '"ITForums.Controllers.QuestionController.Table (ITForums)"'
2023-09-26 10:26:08.144 +02:00 [Information] Route matched with "{action = \"Table\", controller = \"Question\"}". Executing controller action with signature "System.Threading.Tasks.Task`1[Microsoft.AspNetCore.Mvc.IActionResult] Table()" on controller "ITForums.Controllers.QuestionController" ("ITForums").
2023-09-26 10:26:08.160 +02:00 [Information] Executing action method "ITForums.Controllers.QuestionController.Table (ITForums)" - Validation state: Valid
2023-09-26 10:26:08.165 +02:00 [Information] Executed action method "ITForums.Controllers.QuestionController.Table (ITForums)", returned result "Microsoft.AspNetCore.Mvc.ViewResult" in 5.1893ms.
2023-09-26 10:26:08.165 +02:00 [Information] Executing ViewResult, running view "Table".
2023-09-26 10:26:08.173 +02:00 [Information] Executed ViewResult - view "Table" executed in 7.6555ms.
2023-09-26 10:26:08.173 +02:00 [Information] Executed action "ITForums.Controllers.QuestionController.Table (ITForums)" in 29.6131ms
2023-09-26 10:26:08.173 +02:00 [Information] Executed endpoint '"ITForums.Controllers.QuestionController.Table (ITForums)"'
2023-09-26 10:26:08.176 +02:00 [Information] Request finished HTTP/2 GET https://localhost:7133/Question/Table - - - 200 - text/html;+charset=utf-8 32.7941ms
2023-09-26 10:26:08.186 +02:00 [Information] Request starting HTTP/2 GET https://localhost:7133/Question/lib/bootstrap/js/bootstrap.js - -
2023-09-26 10:26:08.187 +02:00 [Information] Request starting HTTP/2 GET https://localhost:7133/Question/lib/jquery/jquery.js - -
2023-09-26 10:26:08.187 +02:00 [Information] Request starting HTTP/2 GET https://localhost:7133/_framework/aspnetcore-browser-refresh.js - -
2023-09-26 10:26:08.187 +02:00 [Information] Request finished HTTP/2 GET https://localhost:7133/Question/lib/bootstrap/js/bootstrap.js - - - 404 0 - 1.0257ms
2023-09-26 10:26:08.187 +02:00 [Information] Request finished HTTP/2 GET https://localhost:7133/Question/lib/jquery/jquery.js - - - 404 0 - 0.4497ms
2023-09-26 10:26:08.187 +02:00 [Information] Request finished HTTP/2 GET https://localhost:7133/_framework/aspnetcore-browser-refresh.js - - - 200 12348 application/javascript;+charset=utf-8 0.2015ms
2023-09-26 10:26:08.193 +02:00 [Information] Request starting HTTP/2 GET https://localhost:7133/_vs/browserLink - -
2023-09-26 10:26:08.197 +02:00 [Information] Request finished HTTP/2 GET https://localhost:7133/_vs/browserLink - - - 200 - text/javascript;+charset=UTF-8 4.0995ms
