2023-08-24 14:10:47.669 +02:00 [Information] User profile is available. Using '"/Users/baifanz/.aspnet/DataProtection-Keys"' as key repository; keys will not be encrypted at rest.
2023-08-24 14:10:47.933 +02:00 [Information] Now listening on: "https://localhost:7205"
2023-08-24 14:10:47.934 +02:00 [Information] Now listening on: "http://localhost:5112"
2023-08-24 14:10:47.989 +02:00 [Information] Application started. Press Ctrl+C to shut down.
2023-08-24 14:10:47.990 +02:00 [Information] Hosting environment: "Development"
2023-08-24 14:10:47.991 +02:00 [Information] Content root path: "/Users/baifanz/Projects/ITPE32-23H/6-Logging/MyShop-11-Logging/MyShop"
2023-08-24 14:10:49.130 +02:00 [Information] Request starting HTTP/1.1 GET https://localhost:7205/ - -
2023-08-24 14:10:49.146 +02:00 [Information] Executing endpoint '"MyShop.Controllers.HomeController.Index (MyShop)"'
2023-08-24 14:10:49.151 +02:00 [Information] Route matched with "{action = \"Index\", controller = \"Home\"}". Executing controller action with signature "Microsoft.AspNetCore.Mvc.IActionResult Index()" on controller "MyShop.Controllers.HomeController" ("MyShop").
2023-08-24 14:10:49.157 +02:00 [Information] Executing ViewResult, running view "Index".
2023-08-24 14:10:49.196 +02:00 [Information] Executed ViewResult - view "Index" executed in 40.1255ms.
2023-08-24 14:10:49.197 +02:00 [Information] Executed action "MyShop.Controllers.HomeController.Index (MyShop)" in 45.7552ms
2023-08-24 14:10:49.197 +02:00 [Information] Executed endpoint '"MyShop.Controllers.HomeController.Index (MyShop)"'
2023-08-24 14:10:49.200 +02:00 [Information] Request finished HTTP/1.1 GET https://localhost:7205/ - - - 200 - text/html;+charset=utf-8 69.9955ms
2023-08-24 14:10:49.258 +02:00 [Information] Request starting HTTP/1.1 GET https://localhost:7205/favicon.ico - -
2023-08-24 14:10:49.261 +02:00 [Information] Request finished HTTP/1.1 GET https://localhost:7205/favicon.ico - - - 404 0 - 2.5309ms
2023-08-24 14:10:51.632 +02:00 [Information] Request starting HTTP/1.1 GET https://localhost:7205/Order/Table - -
2023-08-24 14:10:51.639 +02:00 [Information] Executing endpoint '"MyShop.Controllers.OrderController.Table (MyShop)"'
2023-08-24 14:10:51.648 +02:00 [Information] Route matched with "{action = \"Table\", controller = \"Order\"}". Executing controller action with signature "System.Threading.Tasks.Task`1[Microsoft.AspNetCore.Mvc.IActionResult] Table()" on controller "MyShop.Controllers.OrderController" ("MyShop").
2023-08-24 14:10:51.705 +02:00 [Information] Executing ViewResult, running view "Table".
2023-08-24 14:10:51.744 +02:00 [Information] Executed ViewResult - view "Table" executed in 39.355ms.
2023-08-24 14:10:51.744 +02:00 [Information] Executed action "MyShop.Controllers.OrderController.Table (MyShop)" in 95.5921ms
2023-08-24 14:10:51.744 +02:00 [Information] Executed endpoint '"MyShop.Controllers.OrderController.Table (MyShop)"'
2023-08-24 14:10:51.746 +02:00 [Information] Request finished HTTP/1.1 GET https://localhost:7205/Order/Table - - - 200 - text/html;+charset=utf-8 113.2736ms
2023-08-24 14:10:53.360 +02:00 [Information] Request starting HTTP/1.1 GET https://localhost:7205/Customer/Table - -
2023-08-24 14:10:53.360 +02:00 [Information] Executing endpoint '"MyShop.Controllers.CustomerController.Table (MyShop)"'
2023-08-24 14:10:53.364 +02:00 [Information] Route matched with "{action = \"Table\", controller = \"Customer\"}". Executing controller action with signature "System.Threading.Tasks.Task`1[Microsoft.AspNetCore.Mvc.IActionResult] Table()" on controller "MyShop.Controllers.CustomerController" ("MyShop").
2023-08-24 14:10:53.418 +02:00 [Information] Executing ViewResult, running view "Table".
2023-08-24 14:10:53.429 +02:00 [Information] Executed ViewResult - view "Table" executed in 11.5942ms.
2023-08-24 14:10:53.429 +02:00 [Information] Executed action "MyShop.Controllers.CustomerController.Table (MyShop)" in 65.0313ms
2023-08-24 14:10:53.429 +02:00 [Information] Executed endpoint '"MyShop.Controllers.CustomerController.Table (MyShop)"'
2023-08-24 14:10:53.429 +02:00 [Information] Request finished HTTP/1.1 GET https://localhost:7205/Customer/Table - - - 200 - text/html;+charset=utf-8 69.7290ms
2023-08-24 14:10:53.952 +02:00 [Information] Request starting HTTP/1.1 GET https://localhost:7205/Item/Table - -
2023-08-24 14:10:53.952 +02:00 [Information] Executing endpoint '"MyShop.Controllers.ItemController.Table (MyShop)"'
2023-08-24 14:10:53.956 +02:00 [Information] Route matched with "{action = \"Table\", controller = \"Item\"}". Executing controller action with signature "System.Threading.Tasks.Task`1[Microsoft.AspNetCore.Mvc.IActionResult] Table()" on controller "MyShop.Controllers.ItemController" ("MyShop").
2023-08-24 14:10:53.961 +02:00 [Information] This is an information message.
2023-08-24 14:10:53.963 +02:00 [Warning] This is a warning message
2023-08-24 14:10:53.964 +02:00 [Error] This is an error message.
2023-08-24 14:10:53.977 +02:00 [Information] Executing ViewResult, running view "Table".
2023-08-24 14:10:53.992 +02:00 [Information] Executed ViewResult - view "Table" executed in 16.7124ms.
2023-08-24 14:10:53.993 +02:00 [Information] Executed action "MyShop.Controllers.ItemController.Table (MyShop)" in 35.8849ms
2023-08-24 14:10:53.993 +02:00 [Information] Executed endpoint '"MyShop.Controllers.ItemController.Table (MyShop)"'
2023-08-24 14:10:53.993 +02:00 [Information] Request finished HTTP/1.1 GET https://localhost:7205/Item/Table - - - 200 - text/html;+charset=utf-8 41.1571ms
2023-08-24 14:10:56.192 +02:00 [Information] Request starting HTTP/1.1 GET https://localhost:7205/Item/Update/6 - -
2023-08-24 14:10:56.195 +02:00 [Information] Executing endpoint '"MyShop.Controllers.ItemController.Update (MyShop)"'
2023-08-24 14:10:56.211 +02:00 [Information] Route matched with "{action = \"Update\", controller = \"Item\"}". Executing controller action with signature "System.Threading.Tasks.Task`1[Microsoft.AspNetCore.Mvc.IActionResult] Update(Int32)" on controller "MyShop.Controllers.ItemController" ("MyShop").
2023-08-24 14:10:56.238 +02:00 [Information] Executing ViewResult, running view "Update".
2023-08-24 14:10:56.270 +02:00 [Information] Executed ViewResult - view "Update" executed in 32.9157ms.
2023-08-24 14:10:56.270 +02:00 [Information] Executed action "MyShop.Controllers.ItemController.Update (MyShop)" in 58.8872ms
2023-08-24 14:10:56.270 +02:00 [Information] Executed endpoint '"MyShop.Controllers.ItemController.Update (MyShop)"'
2023-08-24 14:10:56.270 +02:00 [Information] Request finished HTTP/1.1 GET https://localhost:7205/Item/Update/6 - - - 200 - text/html;+charset=utf-8 77.7879ms
2023-08-24 14:10:57.332 +02:00 [Information] Request starting HTTP/1.1 POST https://localhost:7205/Item/Update/6 application/x-www-form-urlencoded 372
2023-08-24 14:10:57.332 +02:00 [Information] Executing endpoint '"MyShop.Controllers.ItemController.Update (MyShop)"'
2023-08-24 14:10:57.347 +02:00 [Information] Route matched with "{action = \"Update\", controller = \"Item\"}". Executing controller action with signature "System.Threading.Tasks.Task`1[Microsoft.AspNetCore.Mvc.IActionResult] Update(MyShop.Models.Item)" on controller "MyShop.Controllers.ItemController" ("MyShop").
2023-08-24 14:10:57.380 +02:00 [Information] Executing RedirectResult, redirecting to "/Item/Table".
2023-08-24 14:10:57.380 +02:00 [Information] Executed action "MyShop.Controllers.ItemController.Update (MyShop)" in 33.2511ms
2023-08-24 14:10:57.380 +02:00 [Information] Executed endpoint '"MyShop.Controllers.ItemController.Update (MyShop)"'
2023-08-24 14:10:57.380 +02:00 [Information] Request finished HTTP/1.1 POST https://localhost:7205/Item/Update/6 application/x-www-form-urlencoded 372 - 302 0 - 48.6030ms
2023-08-24 14:10:57.382 +02:00 [Information] Request starting HTTP/1.1 GET https://localhost:7205/Item/Table - -
2023-08-24 14:10:57.382 +02:00 [Information] Executing endpoint '"MyShop.Controllers.ItemController.Table (MyShop)"'
2023-08-24 14:10:57.382 +02:00 [Information] Route matched with "{action = \"Table\", controller = \"Item\"}". Executing controller action with signature "System.Threading.Tasks.Task`1[Microsoft.AspNetCore.Mvc.IActionResult] Table()" on controller "MyShop.Controllers.ItemController" ("MyShop").
2023-08-24 14:10:57.383 +02:00 [Information] This is an information message.
2023-08-24 14:10:57.384 +02:00 [Warning] This is a warning message
2023-08-24 14:10:57.385 +02:00 [Error] This is an error message.
2023-08-24 14:10:57.386 +02:00 [Information] Executing ViewResult, running view "Table".
2023-08-24 14:10:57.388 +02:00 [Information] Executed ViewResult - view "Table" executed in 1.1615ms.
2023-08-24 14:10:57.388 +02:00 [Information] Executed action "MyShop.Controllers.ItemController.Table (MyShop)" in 5.4418ms
2023-08-24 14:10:57.388 +02:00 [Information] Executed endpoint '"MyShop.Controllers.ItemController.Table (MyShop)"'
2023-08-24 14:10:57.388 +02:00 [Information] Request finished HTTP/1.1 GET https://localhost:7205/Item/Table - - - 200 - text/html;+charset=utf-8 5.8467ms
2023-08-24 14:10:59.076 +02:00 [Information] Request starting HTTP/1.1 GET https://localhost:7205/Item/Update/7 - -
2023-08-24 14:10:59.076 +02:00 [Information] Executing endpoint '"MyShop.Controllers.ItemController.Update (MyShop)"'
2023-08-24 14:10:59.077 +02:00 [Information] Route matched with "{action = \"Update\", controller = \"Item\"}". Executing controller action with signature "System.Threading.Tasks.Task`1[Microsoft.AspNetCore.Mvc.IActionResult] Update(Int32)" on controller "MyShop.Controllers.ItemController" ("MyShop").
2023-08-24 14:10:59.081 +02:00 [Information] Executing ViewResult, running view "Update".
2023-08-24 14:10:59.088 +02:00 [Information] Executed ViewResult - view "Update" executed in 7.1594ms.
2023-08-24 14:10:59.088 +02:00 [Information] Executed action "MyShop.Controllers.ItemController.Update (MyShop)" in 11.3049ms
2023-08-24 14:10:59.088 +02:00 [Information] Executed endpoint '"MyShop.Controllers.ItemController.Update (MyShop)"'
2023-08-24 14:10:59.088 +02:00 [Information] Request finished HTTP/1.1 GET https://localhost:7205/Item/Update/7 - - - 200 - text/html;+charset=utf-8 11.9971ms
2023-08-24 14:10:59.678 +02:00 [Information] Request starting HTTP/1.1 POST https://localhost:7205/Item/Update/7 application/x-www-form-urlencoded 352
2023-08-24 14:10:59.678 +02:00 [Information] Executing endpoint '"MyShop.Controllers.ItemController.Update (MyShop)"'
2023-08-24 14:10:59.678 +02:00 [Information] Route matched with "{action = \"Update\", controller = \"Item\"}". Executing controller action with signature "System.Threading.Tasks.Task`1[Microsoft.AspNetCore.Mvc.IActionResult] Update(MyShop.Models.Item)" on controller "MyShop.Controllers.ItemController" ("MyShop").
2023-08-24 14:10:59.683 +02:00 [Information] Executing RedirectResult, redirecting to "/Item/Table".
2023-08-24 14:10:59.683 +02:00 [Information] Executed action "MyShop.Controllers.ItemController.Update (MyShop)" in 4.7479ms
2023-08-24 14:10:59.683 +02:00 [Information] Executed endpoint '"MyShop.Controllers.ItemController.Update (MyShop)"'
2023-08-24 14:10:59.684 +02:00 [Information] Request finished HTTP/1.1 POST https://localhost:7205/Item/Update/7 application/x-www-form-urlencoded 352 - 302 0 - 5.6162ms
2023-08-24 14:10:59.686 +02:00 [Information] Request starting HTTP/1.1 GET https://localhost:7205/Item/Table - -
2023-08-24 14:10:59.686 +02:00 [Information] Executing endpoint '"MyShop.Controllers.ItemController.Table (MyShop)"'
2023-08-24 14:10:59.686 +02:00 [Information] Route matched with "{action = \"Table\", controller = \"Item\"}". Executing controller action with signature "System.Threading.Tasks.Task`1[Microsoft.AspNetCore.Mvc.IActionResult] Table()" on controller "MyShop.Controllers.ItemController" ("MyShop").
2023-08-24 14:10:59.688 +02:00 [Information] This is an information message.
2023-08-24 14:10:59.689 +02:00 [Warning] This is a warning message
2023-08-24 14:10:59.691 +02:00 [Error] This is an error message.
2023-08-24 14:10:59.694 +02:00 [Information] Executing ViewResult, running view "Table".
2023-08-24 14:10:59.697 +02:00 [Information] Executed ViewResult - view "Table" executed in 3.3196ms.
2023-08-24 14:10:59.697 +02:00 [Information] Executed action "MyShop.Controllers.ItemController.Table (MyShop)" in 11.3874ms
2023-08-24 14:10:59.697 +02:00 [Information] Executed endpoint '"MyShop.Controllers.ItemController.Table (MyShop)"'
2023-08-24 14:10:59.698 +02:00 [Information] Request finished HTTP/1.1 GET https://localhost:7205/Item/Table - - - 200 - text/html;+charset=utf-8 11.9728ms
2023-08-24 14:11:01.320 +02:00 [Information] Request starting HTTP/1.1 GET https://localhost:7205/Item/Delete/8 - -
2023-08-24 14:11:01.321 +02:00 [Information] Executing endpoint '"MyShop.Controllers.ItemController.Delete (MyShop)"'
2023-08-24 14:11:01.324 +02:00 [Information] Route matched with "{action = \"Delete\", controller = \"Item\"}". Executing controller action with signature "System.Threading.Tasks.Task`1[Microsoft.AspNetCore.Mvc.IActionResult] Delete(Int32)" on controller "MyShop.Controllers.ItemController" ("MyShop").
2023-08-24 14:11:01.333 +02:00 [Information] Executing ViewResult, running view "Delete".
2023-08-24 14:11:01.342 +02:00 [Information] Executed ViewResult - view "Delete" executed in 10.7438ms.
2023-08-24 14:11:01.342 +02:00 [Information] Executed action "MyShop.Controllers.ItemController.Delete (MyShop)" in 17.9339ms
2023-08-24 14:11:01.343 +02:00 [Information] Executed endpoint '"MyShop.Controllers.ItemController.Delete (MyShop)"'
2023-08-24 14:11:01.343 +02:00 [Information] Request finished HTTP/1.1 GET https://localhost:7205/Item/Delete/8 - - - 200 - text/html;+charset=utf-8 22.2332ms
2023-08-24 14:11:02.227 +02:00 [Information] Request starting HTTP/1.1 POST https://localhost:7205/Item/DeleteConfirmed/8 application/x-www-form-urlencoded 182
2023-08-24 14:11:02.227 +02:00 [Information] Executing endpoint '"MyShop.Controllers.ItemController.DeleteConfirmed (MyShop)"'
2023-08-24 14:11:02.231 +02:00 [Information] Route matched with "{action = \"DeleteConfirmed\", controller = \"Item\"}". Executing controller action with signature "System.Threading.Tasks.Task`1[Microsoft.AspNetCore.Mvc.IActionResult] DeleteConfirmed(Int32)" on controller "MyShop.Controllers.ItemController" ("MyShop").
2023-08-24 14:11:02.253 +02:00 [Information] Executing RedirectResult, redirecting to "/Item/Table".
2023-08-24 14:11:02.253 +02:00 [Information] Executed action "MyShop.Controllers.ItemController.DeleteConfirmed (MyShop)" in 22.0412ms
2023-08-24 14:11:02.253 +02:00 [Information] Executed endpoint '"MyShop.Controllers.ItemController.DeleteConfirmed (MyShop)"'
2023-08-24 14:11:02.254 +02:00 [Information] Request finished HTTP/1.1 POST https://localhost:7205/Item/DeleteConfirmed/8 application/x-www-form-urlencoded 182 - 302 0 - 26.4326ms
2023-08-24 14:11:02.256 +02:00 [Information] Request starting HTTP/1.1 GET https://localhost:7205/Item/Table - -
2023-08-24 14:11:02.256 +02:00 [Information] Executing endpoint '"MyShop.Controllers.ItemController.Table (MyShop)"'
2023-08-24 14:11:02.256 +02:00 [Information] Route matched with "{action = \"Table\", controller = \"Item\"}". Executing controller action with signature "System.Threading.Tasks.Task`1[Microsoft.AspNetCore.Mvc.IActionResult] Table()" on controller "MyShop.Controllers.ItemController" ("MyShop").
2023-08-24 14:11:02.258 +02:00 [Information] This is an information message.
2023-08-24 14:11:02.259 +02:00 [Warning] This is a warning message
2023-08-24 14:11:02.260 +02:00 [Error] This is an error message.
2023-08-24 14:11:02.263 +02:00 [Information] Executing ViewResult, running view "Table".
2023-08-24 14:11:02.264 +02:00 [Information] Executed ViewResult - view "Table" executed in 1.2492ms.
2023-08-24 14:11:02.264 +02:00 [Information] Executed action "MyShop.Controllers.ItemController.Table (MyShop)" in 8.1545ms
2023-08-24 14:11:02.264 +02:00 [Information] Executed endpoint '"MyShop.Controllers.ItemController.Table (MyShop)"'
2023-08-24 14:11:02.264 +02:00 [Information] Request finished HTTP/1.1 GET https://localhost:7205/Item/Table - - - 200 - text/html;+charset=utf-8 8.5676ms
