2023-08-28 18:00:46.299 +02:00 [Information] User profile is available. Using '"/Users/baifanz/.aspnet/DataProtection-Keys"' as key repository; keys will not be encrypted at rest.
2023-08-28 18:00:46.535 +02:00 [Information] Now listening on: "https://localhost:7205"
2023-08-28 18:00:46.536 +02:00 [Information] Now listening on: "http://localhost:5112"
2023-08-28 18:00:46.538 +02:00 [Information] Application started. Press Ctrl+C to shut down.
2023-08-28 18:00:46.538 +02:00 [Information] Hosting environment: "Development"
2023-08-28 18:00:46.539 +02:00 [Information] Content root path: "/Users/baifanz/Projects/ITPE32-23H/7-Input-Validation/MyShop"
2023-08-28 18:00:47.718 +02:00 [Information] Request starting HTTP/1.1 GET https://localhost:7205/ - -
2023-08-28 18:00:47.733 +02:00 [Information] Executing endpoint '"MyShop.Controllers.HomeController.Index (MyShop)"'
2023-08-28 18:00:47.738 +02:00 [Information] Route matched with "{action = \"Index\", controller = \"Home\"}". Executing controller action with signature "Microsoft.AspNetCore.Mvc.IActionResult Index()" on controller "MyShop.Controllers.HomeController" ("MyShop").
2023-08-28 18:00:47.744 +02:00 [Information] Executing ViewResult, running view "Index".
2023-08-28 18:00:47.783 +02:00 [Information] Executed ViewResult - view "Index" executed in 39.3585ms.
2023-08-28 18:00:47.784 +02:00 [Information] Executed action "MyShop.Controllers.HomeController.Index (MyShop)" in 44.924ms
2023-08-28 18:00:47.784 +02:00 [Information] Executed endpoint '"MyShop.Controllers.HomeController.Index (MyShop)"'
2023-08-28 18:00:47.787 +02:00 [Information] Request finished HTTP/1.1 GET https://localhost:7205/ - - - 200 - text/html;+charset=utf-8 69.3277ms
2023-08-28 18:00:49.228 +02:00 [Information] Request starting HTTP/1.1 GET https://localhost:7205/Item/Table - -
2023-08-28 18:00:49.232 +02:00 [Information] Executing endpoint '"MyShop.Controllers.ItemController.Table (MyShop)"'
2023-08-28 18:00:49.237 +02:00 [Information] Route matched with "{action = \"Table\", controller = \"Item\"}". Executing controller action with signature "System.Threading.Tasks.Task`1[Microsoft.AspNetCore.Mvc.IActionResult] Table()" on controller "MyShop.Controllers.ItemController" ("MyShop").
2023-08-28 18:00:49.296 +02:00 [Information] Executing ViewResult, running view "Table".
2023-08-28 18:00:49.304 +02:00 [Information] Executed ViewResult - view "Table" executed in 8.4245ms.
2023-08-28 18:00:49.304 +02:00 [Information] Executed action "MyShop.Controllers.ItemController.Table (MyShop)" in 66.7377ms
2023-08-28 18:00:49.304 +02:00 [Information] Executed endpoint '"MyShop.Controllers.ItemController.Table (MyShop)"'
2023-08-28 18:00:49.306 +02:00 [Information] Request finished HTTP/1.1 GET https://localhost:7205/Item/Table - - - 200 - text/html;+charset=utf-8 78.3434ms
2023-08-28 18:00:51.639 +02:00 [Information] Request starting HTTP/1.1 GET https://localhost:7205/Item/Update/1 - -
2023-08-28 18:00:51.644 +02:00 [Information] Executing endpoint '"MyShop.Controllers.ItemController.Update (MyShop)"'
2023-08-28 18:00:51.656 +02:00 [Information] Route matched with "{action = \"Update\", controller = \"Item\"}". Executing controller action with signature "System.Threading.Tasks.Task`1[Microsoft.AspNetCore.Mvc.IActionResult] Update(Int32)" on controller "MyShop.Controllers.ItemController" ("MyShop").
2023-08-28 18:00:51.716 +02:00 [Information] Executing ViewResult, running view "Update".
2023-08-28 18:00:51.742 +02:00 [Information] Executed ViewResult - view "Update" executed in 27.1138ms.
2023-08-28 18:00:51.742 +02:00 [Information] Executed action "MyShop.Controllers.ItemController.Update (MyShop)" in 85.9072ms
2023-08-28 18:00:51.742 +02:00 [Information] Executed endpoint '"MyShop.Controllers.ItemController.Update (MyShop)"'
2023-08-28 18:00:51.743 +02:00 [Information] Request finished HTTP/1.1 GET https://localhost:7205/Item/Update/1 - - - 200 - text/html;+charset=utf-8 103.3172ms
2023-08-28 18:00:52.569 +02:00 [Information] Request starting HTTP/1.1 GET https://localhost:7205/Item/Table - -
2023-08-28 18:00:52.569 +02:00 [Information] Executing endpoint '"MyShop.Controllers.ItemController.Table (MyShop)"'
2023-08-28 18:00:52.569 +02:00 [Information] Route matched with "{action = \"Table\", controller = \"Item\"}". Executing controller action with signature "System.Threading.Tasks.Task`1[Microsoft.AspNetCore.Mvc.IActionResult] Table()" on controller "MyShop.Controllers.ItemController" ("MyShop").
2023-08-28 18:00:52.575 +02:00 [Information] Executing ViewResult, running view "Table".
2023-08-28 18:00:52.578 +02:00 [Information] Executed ViewResult - view "Table" executed in 2.2485ms.
2023-08-28 18:00:52.578 +02:00 [Information] Executed action "MyShop.Controllers.ItemController.Table (MyShop)" in 8.1655ms
2023-08-28 18:00:52.578 +02:00 [Information] Executed endpoint '"MyShop.Controllers.ItemController.Table (MyShop)"'
2023-08-28 18:00:52.578 +02:00 [Information] Request finished HTTP/1.1 GET https://localhost:7205/Item/Table - - - 200 - text/html;+charset=utf-8 8.9899ms
2023-08-28 18:01:10.388 +02:00 [Information] Request starting HTTP/1.1 GET https://localhost:7205/Item/Update/4 - -
2023-08-28 18:01:10.416 +02:00 [Information] Executing endpoint '"MyShop.Controllers.ItemController.Update (MyShop)"'
2023-08-28 18:01:10.416 +02:00 [Information] Route matched with "{action = \"Update\", controller = \"Item\"}". Executing controller action with signature "System.Threading.Tasks.Task`1[Microsoft.AspNetCore.Mvc.IActionResult] Update(Int32)" on controller "MyShop.Controllers.ItemController" ("MyShop").
2023-08-28 18:01:10.429 +02:00 [Information] Executing ViewResult, running view "Update".
2023-08-28 18:01:10.433 +02:00 [Information] Executed ViewResult - view "Update" executed in 4.6865ms.
2023-08-28 18:01:10.434 +02:00 [Information] Executed action "MyShop.Controllers.ItemController.Update (MyShop)" in 17.4185ms
2023-08-28 18:01:10.434 +02:00 [Information] Executed endpoint '"MyShop.Controllers.ItemController.Update (MyShop)"'
2023-08-28 18:01:10.434 +02:00 [Information] Request finished HTTP/1.1 GET https://localhost:7205/Item/Update/4 - - - 200 - text/html;+charset=utf-8 46.0442ms
2023-08-28 18:01:11.285 +02:00 [Information] Request starting HTTP/1.1 POST https://localhost:7205/Item/Update/4 application/x-www-form-urlencoded 351
2023-08-28 18:01:11.286 +02:00 [Information] Executing endpoint '"MyShop.Controllers.ItemController.Update (MyShop)"'
2023-08-28 18:01:11.302 +02:00 [Information] Route matched with "{action = \"Update\", controller = \"Item\"}". Executing controller action with signature "System.Threading.Tasks.Task`1[Microsoft.AspNetCore.Mvc.IActionResult] Update(MyShop.Models.Item)" on controller "MyShop.Controllers.ItemController" ("MyShop").
2023-08-28 18:01:23.036 +02:00 [Information] Executing RedirectResult, redirecting to "/Item/Table".
2023-08-28 18:01:23.036 +02:00 [Information] Executed action "MyShop.Controllers.ItemController.Update (MyShop)" in 11733.9556ms
2023-08-28 18:01:23.036 +02:00 [Information] Executed endpoint '"MyShop.Controllers.ItemController.Update (MyShop)"'
2023-08-28 18:01:23.037 +02:00 [Information] Request finished HTTP/1.1 POST https://localhost:7205/Item/Update/4 application/x-www-form-urlencoded 351 - 302 0 - 11751.3262ms
2023-08-28 18:01:23.040 +02:00 [Information] Request starting HTTP/1.1 GET https://localhost:7205/Item/Table - -
2023-08-28 18:01:23.040 +02:00 [Information] Executing endpoint '"MyShop.Controllers.ItemController.Table (MyShop)"'
2023-08-28 18:01:23.040 +02:00 [Information] Route matched with "{action = \"Table\", controller = \"Item\"}". Executing controller action with signature "System.Threading.Tasks.Task`1[Microsoft.AspNetCore.Mvc.IActionResult] Table()" on controller "MyShop.Controllers.ItemController" ("MyShop").
2023-08-28 18:01:23.043 +02:00 [Information] Executing ViewResult, running view "Table".
2023-08-28 18:01:23.045 +02:00 [Information] Executed ViewResult - view "Table" executed in 1.8271ms.
2023-08-28 18:01:23.045 +02:00 [Information] Executed action "MyShop.Controllers.ItemController.Table (MyShop)" in 4.4355ms
2023-08-28 18:01:23.045 +02:00 [Information] Executed endpoint '"MyShop.Controllers.ItemController.Table (MyShop)"'
2023-08-28 18:01:23.045 +02:00 [Information] Request finished HTTP/1.1 GET https://localhost:7205/Item/Table - - - 200 - text/html;+charset=utf-8 4.8586ms
2023-08-28 18:02:01.076 +02:00 [Information] Request starting HTTP/1.1 GET https://localhost:7205/Item/Update/4 - -
2023-08-28 18:02:01.078 +02:00 [Information] Executing endpoint '"MyShop.Controllers.ItemController.Update (MyShop)"'
2023-08-28 18:02:01.080 +02:00 [Information] Route matched with "{action = \"Update\", controller = \"Item\"}". Executing controller action with signature "System.Threading.Tasks.Task`1[Microsoft.AspNetCore.Mvc.IActionResult] Update(Int32)" on controller "MyShop.Controllers.ItemController" ("MyShop").
2023-08-28 18:02:01.085 +02:00 [Information] Executing ViewResult, running view "Update".
2023-08-28 18:02:01.088 +02:00 [Information] Executed ViewResult - view "Update" executed in 3.2124ms.
2023-08-28 18:02:01.088 +02:00 [Information] Executed action "MyShop.Controllers.ItemController.Update (MyShop)" in 8.5179ms
2023-08-28 18:02:01.089 +02:00 [Information] Executed endpoint '"MyShop.Controllers.ItemController.Update (MyShop)"'
2023-08-28 18:02:01.089 +02:00 [Information] Request finished HTTP/1.1 GET https://localhost:7205/Item/Update/4 - - - 200 - text/html;+charset=utf-8 12.6105ms
2023-08-28 18:02:01.954 +02:00 [Information] Request starting HTTP/1.1 POST https://localhost:7205/Item/Update/4 application/x-www-form-urlencoded 351
2023-08-28 18:02:01.954 +02:00 [Information] Executing endpoint '"MyShop.Controllers.ItemController.Update (MyShop)"'
2023-08-28 18:02:01.954 +02:00 [Information] Route matched with "{action = \"Update\", controller = \"Item\"}". Executing controller action with signature "System.Threading.Tasks.Task`1[Microsoft.AspNetCore.Mvc.IActionResult] Update(MyShop.Models.Item)" on controller "MyShop.Controllers.ItemController" ("MyShop").
2023-08-28 18:03:25.479 +02:00 [Information] Executing RedirectResult, redirecting to "/Item/Table".
2023-08-28 18:03:25.479 +02:00 [Information] Executed action "MyShop.Controllers.ItemController.Update (MyShop)" in 83526.5695ms
2023-08-28 18:03:25.479 +02:00 [Information] Executed endpoint '"MyShop.Controllers.ItemController.Update (MyShop)"'
2023-08-28 18:03:25.480 +02:00 [Information] Request finished HTTP/1.1 POST https://localhost:7205/Item/Update/4 application/x-www-form-urlencoded 351 - 302 0 - 83527.2920ms
2023-08-28 18:03:25.488 +02:00 [Information] Request starting HTTP/1.1 GET https://localhost:7205/Item/Table - -
2023-08-28 18:03:25.490 +02:00 [Information] Executing endpoint '"MyShop.Controllers.ItemController.Table (MyShop)"'
2023-08-28 18:03:25.490 +02:00 [Information] Route matched with "{action = \"Table\", controller = \"Item\"}". Executing controller action with signature "System.Threading.Tasks.Task`1[Microsoft.AspNetCore.Mvc.IActionResult] Table()" on controller "MyShop.Controllers.ItemController" ("MyShop").
2023-08-28 18:03:25.492 +02:00 [Information] Executing ViewResult, running view "Table".
2023-08-28 18:03:25.492 +02:00 [Information] Executed ViewResult - view "Table" executed in 0.5444ms.
2023-08-28 18:03:25.492 +02:00 [Information] Executed action "MyShop.Controllers.ItemController.Table (MyShop)" in 2.137ms
2023-08-28 18:03:25.492 +02:00 [Information] Executed endpoint '"MyShop.Controllers.ItemController.Table (MyShop)"'
2023-08-28 18:03:25.492 +02:00 [Information] Request finished HTTP/1.1 GET https://localhost:7205/Item/Table - - - 200 - text/html;+charset=utf-8 4.1475ms
2023-08-28 18:03:39.259 +02:00 [Information] Request starting HTTP/1.1 GET https://localhost:7205/Item/Update/5 - -
2023-08-28 18:03:39.261 +02:00 [Information] Executing endpoint '"MyShop.Controllers.ItemController.Update (MyShop)"'
2023-08-28 18:03:39.283 +02:00 [Information] Route matched with "{action = \"Update\", controller = \"Item\"}". Executing controller action with signature "System.Threading.Tasks.Task`1[Microsoft.AspNetCore.Mvc.IActionResult] Update(Int32)" on controller "MyShop.Controllers.ItemController" ("MyShop").
2023-08-28 18:03:47.835 +02:00 [Information] Executing ViewResult, running view "Update".
2023-08-28 18:03:47.837 +02:00 [Information] Executed ViewResult - view "Update" executed in 2.3361ms.
2023-08-28 18:03:47.837 +02:00 [Information] Executed action "MyShop.Controllers.ItemController.Update (MyShop)" in 8531.4645ms
2023-08-28 18:03:47.837 +02:00 [Information] Executed endpoint '"MyShop.Controllers.ItemController.Update (MyShop)"'
2023-08-28 18:03:47.837 +02:00 [Information] Request finished HTTP/1.1 GET https://localhost:7205/Item/Update/5 - - - 200 - text/html;+charset=utf-8 8578.5370ms
2023-08-28 18:05:13.022 +02:00 [Information] Request starting HTTP/1.1 GET https://localhost:7205/Item/Table - -
2023-08-28 18:05:13.025 +02:00 [Information] Executing endpoint '"MyShop.Controllers.ItemController.Table (MyShop)"'
2023-08-28 18:05:13.051 +02:00 [Information] Route matched with "{action = \"Table\", controller = \"Item\"}". Executing controller action with signature "System.Threading.Tasks.Task`1[Microsoft.AspNetCore.Mvc.IActionResult] Table()" on controller "MyShop.Controllers.ItemController" ("MyShop").
2023-08-28 18:05:13.162 +02:00 [Information] Executing ViewResult, running view "Table".
2023-08-28 18:05:13.164 +02:00 [Information] Executed ViewResult - view "Table" executed in 2.6614ms.
2023-08-28 18:05:13.164 +02:00 [Information] Executed action "MyShop.Controllers.ItemController.Table (MyShop)" in 111.2764ms
2023-08-28 18:05:13.164 +02:00 [Information] Executed endpoint '"MyShop.Controllers.ItemController.Table (MyShop)"'
2023-08-28 18:05:13.165 +02:00 [Information] Request finished HTTP/1.1 GET https://localhost:7205/Item/Table - - - 200 - text/html;+charset=utf-8 165.2450ms
2023-08-28 18:05:14.437 +02:00 [Information] Request starting HTTP/1.1 GET https://localhost:7205/Item/Update/2 - -
2023-08-28 18:05:14.437 +02:00 [Information] Executing endpoint '"MyShop.Controllers.ItemController.Update (MyShop)"'
2023-08-28 18:05:14.438 +02:00 [Information] Route matched with "{action = \"Update\", controller = \"Item\"}". Executing controller action with signature "System.Threading.Tasks.Task`1[Microsoft.AspNetCore.Mvc.IActionResult] Update(Int32)" on controller "MyShop.Controllers.ItemController" ("MyShop").
2023-08-28 18:05:21.175 +02:00 [Information] Executing ViewResult, running view "Update".
2023-08-28 18:05:46.678 +02:00 [Information] Executed ViewResult - view "Update" executed in 25503.1ms.
2023-08-28 18:05:55.317 +02:00 [Information] Executed action "MyShop.Controllers.ItemController.Update (MyShop)" in 40880.3615ms
2023-08-28 18:05:55.912 +02:00 [Information] Executed endpoint '"MyShop.Controllers.ItemController.Update (MyShop)"'
2023-08-28 18:05:57.062 +02:00 [Information] Request finished HTTP/1.1 GET https://localhost:7205/Item/Update/2 - - - 200 - text/html;+charset=utf-8 42625.0110ms
