2023-08-24 14:31:49.684 +02:00 [Information] User profile is available. Using '"/Users/baifanz/.aspnet/DataProtection-Keys"' as key repository; keys will not be encrypted at rest.
2023-08-24 14:31:49.972 +02:00 [Information] Now listening on: "https://localhost:7205"
2023-08-24 14:31:49.973 +02:00 [Information] Now listening on: "http://localhost:5112"
2023-08-24 14:31:49.976 +02:00 [Information] Application started. Press Ctrl+C to shut down.
2023-08-24 14:31:49.977 +02:00 [Information] Hosting environment: "Development"
2023-08-24 14:31:49.978 +02:00 [Information] Content root path: "/Users/baifanz/Projects/ITPE32-23H/7-Input-Validation/MyShop"
2023-08-24 14:31:51.112 +02:00 [Information] Request starting HTTP/1.1 GET https://localhost:7205/ - -
2023-08-24 14:31:51.126 +02:00 [Information] Executing endpoint '"MyShop.Controllers.HomeController.Index (MyShop)"'
2023-08-24 14:31:51.131 +02:00 [Information] Route matched with "{action = \"Index\", controller = \"Home\"}". Executing controller action with signature "Microsoft.AspNetCore.Mvc.IActionResult Index()" on controller "MyShop.Controllers.HomeController" ("MyShop").
2023-08-24 14:31:51.136 +02:00 [Information] Executing ViewResult, running view "Index".
2023-08-24 14:31:51.170 +02:00 [Information] Executed ViewResult - view "Index" executed in 35.2847ms.
2023-08-24 14:31:51.171 +02:00 [Information] Executed action "MyShop.Controllers.HomeController.Index (MyShop)" in 40.0277ms
2023-08-24 14:31:51.172 +02:00 [Information] Executed endpoint '"MyShop.Controllers.HomeController.Index (MyShop)"'
2023-08-24 14:31:51.178 +02:00 [Information] Request finished HTTP/1.1 GET https://localhost:7205/ - - - 200 - text/html;+charset=utf-8 66.2844ms
2023-08-24 14:31:51.236 +02:00 [Information] Request starting HTTP/1.1 GET https://localhost:7205/favicon.ico - -
2023-08-24 14:31:51.237 +02:00 [Information] Request finished HTTP/1.1 GET https://localhost:7205/favicon.ico - - - 404 0 - 1.6389ms
2023-08-24 14:31:53.067 +02:00 [Information] Request starting HTTP/1.1 GET https://localhost:7205/Order/Table - -
2023-08-24 14:31:53.069 +02:00 [Information] Executing endpoint '"MyShop.Controllers.OrderController.Table (MyShop)"'
2023-08-24 14:31:53.078 +02:00 [Information] Route matched with "{action = \"Table\", controller = \"Order\"}". Executing controller action with signature "System.Threading.Tasks.Task`1[Microsoft.AspNetCore.Mvc.IActionResult] Table()" on controller "MyShop.Controllers.OrderController" ("MyShop").
2023-08-24 14:31:53.128 +02:00 [Information] Executing ViewResult, running view "Table".
2023-08-24 14:31:53.169 +02:00 [Information] Executed ViewResult - view "Table" executed in 41.1742ms.
2023-08-24 14:31:53.169 +02:00 [Information] Executed action "MyShop.Controllers.OrderController.Table (MyShop)" in 90.6428ms
2023-08-24 14:31:53.169 +02:00 [Information] Executed endpoint '"MyShop.Controllers.OrderController.Table (MyShop)"'
2023-08-24 14:31:53.171 +02:00 [Information] Request finished HTTP/1.1 GET https://localhost:7205/Order/Table - - - 200 - text/html;+charset=utf-8 104.6227ms
2023-08-24 14:31:56.394 +02:00 [Information] Request starting HTTP/1.1 GET https://localhost:7205/Order/CreateOrderItem - -
2023-08-24 14:31:56.395 +02:00 [Information] Executing endpoint '"MyShop.Controllers.OrderController.CreateOrderItem (MyShop)"'
2023-08-24 14:31:56.399 +02:00 [Information] Route matched with "{action = \"CreateOrderItem\", controller = \"Order\"}". Executing controller action with signature "System.Threading.Tasks.Task`1[Microsoft.AspNetCore.Mvc.IActionResult] CreateOrderItem()" on controller "MyShop.Controllers.OrderController" ("MyShop").
2023-08-24 14:31:56.462 +02:00 [Information] Executing ViewResult, running view "CreateOrderItem".
2023-08-24 14:31:56.487 +02:00 [Information] Executed ViewResult - view "CreateOrderItem" executed in 24.9091ms.
2023-08-24 14:31:56.487 +02:00 [Information] Executed action "MyShop.Controllers.OrderController.CreateOrderItem (MyShop)" in 87.663ms
2023-08-24 14:31:56.487 +02:00 [Information] Executed endpoint '"MyShop.Controllers.OrderController.CreateOrderItem (MyShop)"'
2023-08-24 14:31:56.487 +02:00 [Information] Request finished HTTP/1.1 GET https://localhost:7205/Order/CreateOrderItem - - - 200 - text/html;+charset=utf-8 93.3645ms
2023-08-24 14:32:01.495 +02:00 [Information] Request starting HTTP/1.1 POST https://localhost:7205/Order/CreateOrderItem application/x-www-form-urlencoded 273
2023-08-24 14:32:01.495 +02:00 [Information] Executing endpoint '"MyShop.Controllers.OrderController.CreateOrderItem (MyShop)"'
2023-08-24 14:32:01.523 +02:00 [Information] Route matched with "{action = \"CreateOrderItem\", controller = \"Order\"}". Executing controller action with signature "System.Threading.Tasks.Task`1[Microsoft.AspNetCore.Mvc.IActionResult] CreateOrderItem(MyShop.Models.OrderItem)" on controller "MyShop.Controllers.OrderController" ("MyShop").
2023-08-24 14:32:01.620 +02:00 [Information] Executing "BadRequestObjectResult", writing value of type '"System.String"'.
2023-08-24 14:32:01.620 +02:00 [Information] Executed action "MyShop.Controllers.OrderController.CreateOrderItem (MyShop)" in 97.4924ms
2023-08-24 14:32:01.620 +02:00 [Information] Executed endpoint '"MyShop.Controllers.OrderController.CreateOrderItem (MyShop)"'
2023-08-24 14:32:01.621 +02:00 [Information] Request finished HTTP/1.1 POST https://localhost:7205/Order/CreateOrderItem application/x-www-form-urlencoded 273 - 400 - text/plain;+charset=utf-8 125.9020ms
2023-08-24 14:32:17.408 +02:00 [Information] Request starting HTTP/1.1 GET https://localhost:7205/Order/CreateOrderItem - -
2023-08-24 14:32:17.409 +02:00 [Information] Executing endpoint '"MyShop.Controllers.OrderController.CreateOrderItem (MyShop)"'
2023-08-24 14:32:17.409 +02:00 [Information] Route matched with "{action = \"CreateOrderItem\", controller = \"Order\"}". Executing controller action with signature "System.Threading.Tasks.Task`1[Microsoft.AspNetCore.Mvc.IActionResult] CreateOrderItem()" on controller "MyShop.Controllers.OrderController" ("MyShop").
2023-08-24 14:32:17.427 +02:00 [Information] Executing ViewResult, running view "CreateOrderItem".
2023-08-24 14:32:17.433 +02:00 [Information] Executed ViewResult - view "CreateOrderItem" executed in 6.1947ms.
2023-08-24 14:32:17.433 +02:00 [Information] Executed action "MyShop.Controllers.OrderController.CreateOrderItem (MyShop)" in 23.2366ms
2023-08-24 14:32:17.433 +02:00 [Information] Executed endpoint '"MyShop.Controllers.OrderController.CreateOrderItem (MyShop)"'
2023-08-24 14:32:17.433 +02:00 [Information] Request finished HTTP/1.1 GET https://localhost:7205/Order/CreateOrderItem - - - 200 - text/html;+charset=utf-8 24.8422ms
2023-08-24 14:32:19.897 +02:00 [Information] Request starting HTTP/1.1 GET https://localhost:7205/Order/Table - -
2023-08-24 14:32:19.898 +02:00 [Information] Executing endpoint '"MyShop.Controllers.OrderController.Table (MyShop)"'
2023-08-24 14:32:19.898 +02:00 [Information] Route matched with "{action = \"Table\", controller = \"Order\"}". Executing controller action with signature "System.Threading.Tasks.Task`1[Microsoft.AspNetCore.Mvc.IActionResult] Table()" on controller "MyShop.Controllers.OrderController" ("MyShop").
2023-08-24 14:32:19.901 +02:00 [Information] Executing ViewResult, running view "Table".
2023-08-24 14:32:19.926 +02:00 [Information] Executed ViewResult - view "Table" executed in 25.26ms.
2023-08-24 14:32:19.926 +02:00 [Information] Executed action "MyShop.Controllers.OrderController.Table (MyShop)" in 28.2152ms
2023-08-24 14:32:19.926 +02:00 [Information] Executed endpoint '"MyShop.Controllers.OrderController.Table (MyShop)"'
2023-08-24 14:32:19.926 +02:00 [Information] Request finished HTTP/1.1 GET https://localhost:7205/Order/Table - - - 200 - text/html;+charset=utf-8 28.9075ms
2023-08-24 14:32:23.465 +02:00 [Information] Request starting HTTP/1.1 GET https://localhost:7205/Order/CreateOrderItem - -
2023-08-24 14:32:23.465 +02:00 [Information] Executing endpoint '"MyShop.Controllers.OrderController.CreateOrderItem (MyShop)"'
2023-08-24 14:32:23.465 +02:00 [Information] Route matched with "{action = \"CreateOrderItem\", controller = \"Order\"}". Executing controller action with signature "System.Threading.Tasks.Task`1[Microsoft.AspNetCore.Mvc.IActionResult] CreateOrderItem()" on controller "MyShop.Controllers.OrderController" ("MyShop").
2023-08-24 14:32:23.477 +02:00 [Information] Executing ViewResult, running view "CreateOrderItem".
2023-08-24 14:32:23.481 +02:00 [Information] Executed ViewResult - view "CreateOrderItem" executed in 3.7303ms.
2023-08-24 14:32:23.481 +02:00 [Information] Executed action "MyShop.Controllers.OrderController.CreateOrderItem (MyShop)" in 15.6723ms
2023-08-24 14:32:23.481 +02:00 [Information] Executed endpoint '"MyShop.Controllers.OrderController.CreateOrderItem (MyShop)"'
2023-08-24 14:32:23.481 +02:00 [Information] Request finished HTTP/1.1 GET https://localhost:7205/Order/CreateOrderItem - - - 200 - text/html;+charset=utf-8 16.4020ms
2023-08-24 14:32:40.126 +02:00 [Information] Request starting HTTP/1.1 POST https://localhost:7205/Order/CreateOrderItem application/x-www-form-urlencoded 273
2023-08-24 14:32:40.126 +02:00 [Information] Executing endpoint '"MyShop.Controllers.OrderController.CreateOrderItem (MyShop)"'
2023-08-24 14:32:40.126 +02:00 [Information] Route matched with "{action = \"CreateOrderItem\", controller = \"Order\"}". Executing controller action with signature "System.Threading.Tasks.Task`1[Microsoft.AspNetCore.Mvc.IActionResult] CreateOrderItem(MyShop.Models.OrderItem)" on controller "MyShop.Controllers.OrderController" ("MyShop").
2023-08-24 14:32:54.219 +02:00 [Information] Executing "BadRequestObjectResult", writing value of type '"System.String"'.
2023-08-24 14:32:54.220 +02:00 [Information] Executed action "MyShop.Controllers.OrderController.CreateOrderItem (MyShop)" in 14093.6422ms
2023-08-24 14:32:54.220 +02:00 [Information] Executed endpoint '"MyShop.Controllers.OrderController.CreateOrderItem (MyShop)"'
2023-08-24 14:32:54.220 +02:00 [Information] Request finished HTTP/1.1 POST https://localhost:7205/Order/CreateOrderItem application/x-www-form-urlencoded 273 - 400 - text/plain;+charset=utf-8 14094.4657ms
2023-08-24 14:33:16.688 +02:00 [Information] Request starting HTTP/1.1 GET https://localhost:7205/Order/CreateOrderItem - -
2023-08-24 14:33:16.688 +02:00 [Information] Executing endpoint '"MyShop.Controllers.OrderController.CreateOrderItem (MyShop)"'
2023-08-24 14:33:16.688 +02:00 [Information] Route matched with "{action = \"CreateOrderItem\", controller = \"Order\"}". Executing controller action with signature "System.Threading.Tasks.Task`1[Microsoft.AspNetCore.Mvc.IActionResult] CreateOrderItem()" on controller "MyShop.Controllers.OrderController" ("MyShop").
2023-08-24 14:33:16.708 +02:00 [Information] Executing ViewResult, running view "CreateOrderItem".
2023-08-24 14:33:16.710 +02:00 [Information] Executed ViewResult - view "CreateOrderItem" executed in 2.6165ms.
2023-08-24 14:33:16.711 +02:00 [Information] Executed action "MyShop.Controllers.OrderController.CreateOrderItem (MyShop)" in 20.5605ms
2023-08-24 14:33:16.711 +02:00 [Information] Executed endpoint '"MyShop.Controllers.OrderController.CreateOrderItem (MyShop)"'
2023-08-24 14:33:16.711 +02:00 [Information] Request finished HTTP/1.1 GET https://localhost:7205/Order/CreateOrderItem - - - 200 - text/html;+charset=utf-8 23.1187ms
2023-08-24 14:33:17.584 +02:00 [Information] Request starting HTTP/1.1 POST https://localhost:7205/Order/CreateOrderItem application/x-www-form-urlencoded 273
2023-08-24 14:33:17.584 +02:00 [Information] Executing endpoint '"MyShop.Controllers.OrderController.CreateOrderItem (MyShop)"'
2023-08-24 14:33:17.584 +02:00 [Information] Route matched with "{action = \"CreateOrderItem\", controller = \"Order\"}". Executing controller action with signature "System.Threading.Tasks.Task`1[Microsoft.AspNetCore.Mvc.IActionResult] CreateOrderItem(MyShop.Models.OrderItem)" on controller "MyShop.Controllers.OrderController" ("MyShop").
2023-08-24 14:33:32.218 +02:00 [Information] Executing "BadRequestObjectResult", writing value of type '"System.String"'.
2023-08-24 14:33:32.218 +02:00 [Information] Executed action "MyShop.Controllers.OrderController.CreateOrderItem (MyShop)" in 14634.4966ms
2023-08-24 14:33:32.218 +02:00 [Information] Executed endpoint '"MyShop.Controllers.OrderController.CreateOrderItem (MyShop)"'
2023-08-24 14:33:32.219 +02:00 [Information] Request finished HTTP/1.1 POST https://localhost:7205/Order/CreateOrderItem application/x-www-form-urlencoded 273 - 400 - text/plain;+charset=utf-8 14635.1942ms
