2023-08-24 14:53:58.120 +02:00 [Information] User profile is available. Using '"/Users/baifanz/.aspnet/DataProtection-Keys"' as key repository; keys will not be encrypted at rest.
2023-08-24 14:53:58.359 +02:00 [Information] Now listening on: "https://localhost:7205"
2023-08-24 14:53:58.360 +02:00 [Information] Now listening on: "http://localhost:5112"
2023-08-24 14:53:58.363 +02:00 [Information] Application started. Press Ctrl+C to shut down.
2023-08-24 14:53:58.363 +02:00 [Information] Hosting environment: "Development"
2023-08-24 14:53:58.364 +02:00 [Information] Content root path: "/Users/baifanz/Projects/ITPE32-23H/7-Input-Validation/MyShop"
2023-08-24 14:53:59.531 +02:00 [Information] Request starting HTTP/1.1 GET https://localhost:7205/ - -
2023-08-24 14:53:59.545 +02:00 [Information] Executing endpoint '"MyShop.Controllers.HomeController.Index (MyShop)"'
2023-08-24 14:53:59.551 +02:00 [Information] Route matched with "{action = \"Index\", controller = \"Home\"}". Executing controller action with signature "Microsoft.AspNetCore.Mvc.IActionResult Index()" on controller "MyShop.Controllers.HomeController" ("MyShop").
2023-08-24 14:53:59.555 +02:00 [Information] Executing ViewResult, running view "Index".
2023-08-24 14:53:59.588 +02:00 [Information] Executed ViewResult - view "Index" executed in 33.0243ms.
2023-08-24 14:53:59.589 +02:00 [Information] Executed action "MyShop.Controllers.HomeController.Index (MyShop)" in 37.688ms
2023-08-24 14:53:59.589 +02:00 [Information] Executed endpoint '"MyShop.Controllers.HomeController.Index (MyShop)"'
2023-08-24 14:53:59.594 +02:00 [Information] Request finished HTTP/1.1 GET https://localhost:7205/ - - - 200 - text/html;+charset=utf-8 62.9935ms
2023-08-24 14:54:00.962 +02:00 [Information] Request starting HTTP/1.1 GET https://localhost:7205/Order/Table - -
2023-08-24 14:54:00.965 +02:00 [Information] Executing endpoint '"MyShop.Controllers.OrderController.Table (MyShop)"'
2023-08-24 14:54:00.971 +02:00 [Information] Route matched with "{action = \"Table\", controller = \"Order\"}". Executing controller action with signature "System.Threading.Tasks.Task`1[Microsoft.AspNetCore.Mvc.IActionResult] Table()" on controller "MyShop.Controllers.OrderController" ("MyShop").
2023-08-24 14:54:01.035 +02:00 [Information] Executing ViewResult, running view "Table".
2023-08-24 14:54:01.058 +02:00 [Information] Executed ViewResult - view "Table" executed in 23.5486ms.
2023-08-24 14:54:01.058 +02:00 [Information] Executed action "MyShop.Controllers.OrderController.Table (MyShop)" in 87.3599ms
2023-08-24 14:54:01.058 +02:00 [Information] Executed endpoint '"MyShop.Controllers.OrderController.Table (MyShop)"'
2023-08-24 14:54:01.060 +02:00 [Information] Request finished HTTP/1.1 GET https://localhost:7205/Order/Table - - - 200 - text/html;+charset=utf-8 98.3960ms
2023-08-24 14:54:02.562 +02:00 [Information] Request starting HTTP/1.1 GET https://localhost:7205/Order/CreateOrderItem - -
2023-08-24 14:54:02.566 +02:00 [Information] Executing endpoint '"MyShop.Controllers.OrderController.CreateOrderItem (MyShop)"'
2023-08-24 14:54:02.571 +02:00 [Information] Route matched with "{action = \"CreateOrderItem\", controller = \"Order\"}". Executing controller action with signature "System.Threading.Tasks.Task`1[Microsoft.AspNetCore.Mvc.IActionResult] CreateOrderItem()" on controller "MyShop.Controllers.OrderController" ("MyShop").
2023-08-24 14:54:02.631 +02:00 [Information] Executing ViewResult, running view "CreateOrderItem".
2023-08-24 14:54:02.656 +02:00 [Information] Executed ViewResult - view "CreateOrderItem" executed in 25.016ms.
2023-08-24 14:54:02.656 +02:00 [Information] Executed action "MyShop.Controllers.OrderController.CreateOrderItem (MyShop)" in 85.2199ms
2023-08-24 14:54:02.656 +02:00 [Information] Executed endpoint '"MyShop.Controllers.OrderController.CreateOrderItem (MyShop)"'
2023-08-24 14:54:02.656 +02:00 [Information] Request finished HTTP/1.1 GET https://localhost:7205/Order/CreateOrderItem - - - 200 - text/html;+charset=utf-8 93.8424ms
2023-08-24 14:54:08.754 +02:00 [Information] Request starting HTTP/1.1 POST https://localhost:7205/Order/CreateOrderItem application/x-www-form-urlencoded 273
2023-08-24 14:54:08.754 +02:00 [Information] Executing endpoint '"MyShop.Controllers.OrderController.CreateOrderItem (MyShop)"'
2023-08-24 14:54:08.770 +02:00 [Information] Route matched with "{action = \"CreateOrderItem\", controller = \"Order\"}". Executing controller action with signature "System.Threading.Tasks.Task`1[Microsoft.AspNetCore.Mvc.IActionResult] CreateOrderItem(MyShop.Models.OrderItem)" on controller "MyShop.Controllers.OrderController" ("MyShop").
2023-08-24 14:55:45.356 +02:00 [Information] Executing RedirectResult, redirecting to "/Order/Table".
2023-08-24 14:55:45.356 +02:00 [Information] Executed action "MyShop.Controllers.OrderController.CreateOrderItem (MyShop)" in 96587.9659ms
2023-08-24 14:55:45.356 +02:00 [Information] Executed endpoint '"MyShop.Controllers.OrderController.CreateOrderItem (MyShop)"'
2023-08-24 14:55:45.357 +02:00 [Information] Request finished HTTP/1.1 POST https://localhost:7205/Order/CreateOrderItem application/x-www-form-urlencoded 273 - 302 0 - 96604.7706ms
2023-08-24 14:55:45.389 +02:00 [Information] Request starting HTTP/1.1 GET https://localhost:7205/Order/Table - -
2023-08-24 14:55:45.415 +02:00 [Information] Executing endpoint '"MyShop.Controllers.OrderController.Table (MyShop)"'
2023-08-24 14:55:45.415 +02:00 [Information] Route matched with "{action = \"Table\", controller = \"Order\"}". Executing controller action with signature "System.Threading.Tasks.Task`1[Microsoft.AspNetCore.Mvc.IActionResult] Table()" on controller "MyShop.Controllers.OrderController" ("MyShop").
2023-08-24 14:55:45.498 +02:00 [Information] Executing ViewResult, running view "Table".
2023-08-24 14:55:45.507 +02:00 [Information] Executed ViewResult - view "Table" executed in 9.5331ms.
2023-08-24 14:55:45.507 +02:00 [Information] Executed action "MyShop.Controllers.OrderController.Table (MyShop)" in 92.2954ms
2023-08-24 14:55:45.507 +02:00 [Information] Executed endpoint '"MyShop.Controllers.OrderController.Table (MyShop)"'
2023-08-24 14:55:45.507 +02:00 [Information] Request finished HTTP/1.1 GET https://localhost:7205/Order/Table - - - 200 - text/html;+charset=utf-8 118.6141ms
2023-08-24 14:55:58.857 +02:00 [Information] Request starting HTTP/1.1 GET https://localhost:7205/Order/CreateOrderItem - -
2023-08-24 14:55:58.858 +02:00 [Information] Executing endpoint '"MyShop.Controllers.OrderController.CreateOrderItem (MyShop)"'
2023-08-24 14:55:58.858 +02:00 [Information] Route matched with "{action = \"CreateOrderItem\", controller = \"Order\"}". Executing controller action with signature "System.Threading.Tasks.Task`1[Microsoft.AspNetCore.Mvc.IActionResult] CreateOrderItem()" on controller "MyShop.Controllers.OrderController" ("MyShop").
2023-08-24 14:55:58.870 +02:00 [Information] Executing ViewResult, running view "CreateOrderItem".
2023-08-24 14:55:58.874 +02:00 [Information] Executed ViewResult - view "CreateOrderItem" executed in 4.4869ms.
2023-08-24 14:55:58.874 +02:00 [Information] Executed action "MyShop.Controllers.OrderController.CreateOrderItem (MyShop)" in 16.0714ms
2023-08-24 14:55:58.874 +02:00 [Information] Executed endpoint '"MyShop.Controllers.OrderController.CreateOrderItem (MyShop)"'
2023-08-24 14:55:58.875 +02:00 [Information] Request finished HTTP/1.1 GET https://localhost:7205/Order/CreateOrderItem - - - 200 - text/html;+charset=utf-8 17.4287ms
2023-08-24 14:56:03.568 +02:00 [Information] Request starting HTTP/1.1 POST https://localhost:7205/Order/CreateOrderItem application/x-www-form-urlencoded 273
2023-08-24 14:56:03.568 +02:00 [Information] Executing endpoint '"MyShop.Controllers.OrderController.CreateOrderItem (MyShop)"'
2023-08-24 14:56:03.568 +02:00 [Information] Route matched with "{action = \"CreateOrderItem\", controller = \"Order\"}". Executing controller action with signature "System.Threading.Tasks.Task`1[Microsoft.AspNetCore.Mvc.IActionResult] CreateOrderItem(MyShop.Models.OrderItem)" on controller "MyShop.Controllers.OrderController" ("MyShop").
2023-08-24 14:56:06.223 +02:00 [Information] Executing ViewResult, running view "CreateOrderItem".
2023-08-24 14:56:06.225 +02:00 [Information] Executed ViewResult - view "CreateOrderItem" executed in 2.2523ms.
2023-08-24 14:56:06.225 +02:00 [Information] Executed action "MyShop.Controllers.OrderController.CreateOrderItem (MyShop)" in 2656.5296ms
2023-08-24 14:56:06.225 +02:00 [Information] Executed endpoint '"MyShop.Controllers.OrderController.CreateOrderItem (MyShop)"'
2023-08-24 14:56:06.225 +02:00 [Information] Request finished HTTP/1.1 POST https://localhost:7205/Order/CreateOrderItem application/x-www-form-urlencoded 273 - 200 - text/html;+charset=utf-8 2657.1548ms
2023-08-24 14:56:09.369 +02:00 [Information] Request starting HTTP/1.1 POST https://localhost:7205/Order/CreateOrderItem application/x-www-form-urlencoded 273
2023-08-24 14:56:09.369 +02:00 [Information] Executing endpoint '"MyShop.Controllers.OrderController.CreateOrderItem (MyShop)"'
2023-08-24 14:56:09.369 +02:00 [Information] Route matched with "{action = \"CreateOrderItem\", controller = \"Order\"}". Executing controller action with signature "System.Threading.Tasks.Task`1[Microsoft.AspNetCore.Mvc.IActionResult] CreateOrderItem(MyShop.Models.OrderItem)" on controller "MyShop.Controllers.OrderController" ("MyShop").
2023-08-24 14:56:09.379 +02:00 [Information] Executing RedirectResult, redirecting to "/Order/Table".
2023-08-24 14:56:09.380 +02:00 [Information] Executed action "MyShop.Controllers.OrderController.CreateOrderItem (MyShop)" in 10.0109ms
2023-08-24 14:56:09.380 +02:00 [Information] Executed endpoint '"MyShop.Controllers.OrderController.CreateOrderItem (MyShop)"'
2023-08-24 14:56:09.380 +02:00 [Information] Request finished HTTP/1.1 POST https://localhost:7205/Order/CreateOrderItem application/x-www-form-urlencoded 273 - 302 0 - 10.7232ms
2023-08-24 14:56:09.382 +02:00 [Information] Request starting HTTP/1.1 GET https://localhost:7205/Order/Table - -
2023-08-24 14:56:09.382 +02:00 [Information] Executing endpoint '"MyShop.Controllers.OrderController.Table (MyShop)"'
2023-08-24 14:56:09.382 +02:00 [Information] Route matched with "{action = \"Table\", controller = \"Order\"}". Executing controller action with signature "System.Threading.Tasks.Task`1[Microsoft.AspNetCore.Mvc.IActionResult] Table()" on controller "MyShop.Controllers.OrderController" ("MyShop").
2023-08-24 14:56:09.385 +02:00 [Information] Executing ViewResult, running view "Table".
2023-08-24 14:56:09.394 +02:00 [Information] Executed ViewResult - view "Table" executed in 9.0676ms.
2023-08-24 14:56:09.394 +02:00 [Information] Executed action "MyShop.Controllers.OrderController.Table (MyShop)" in 12.259ms
2023-08-24 14:56:09.394 +02:00 [Information] Executed endpoint '"MyShop.Controllers.OrderController.Table (MyShop)"'
2023-08-24 14:56:09.394 +02:00 [Information] Request finished HTTP/1.1 GET https://localhost:7205/Order/Table - - - 200 - text/html;+charset=utf-8 12.6291ms
2023-08-24 14:56:13.673 +02:00 [Information] Request starting HTTP/1.1 GET https://localhost:7205/Order/CreateOrderItem - -
2023-08-24 14:56:13.674 +02:00 [Information] Executing endpoint '"MyShop.Controllers.OrderController.CreateOrderItem (MyShop)"'
2023-08-24 14:56:13.674 +02:00 [Information] Route matched with "{action = \"CreateOrderItem\", controller = \"Order\"}". Executing controller action with signature "System.Threading.Tasks.Task`1[Microsoft.AspNetCore.Mvc.IActionResult] CreateOrderItem()" on controller "MyShop.Controllers.OrderController" ("MyShop").
2023-08-24 14:56:13.684 +02:00 [Information] Executing ViewResult, running view "CreateOrderItem".
2023-08-24 14:56:13.685 +02:00 [Information] Executed ViewResult - view "CreateOrderItem" executed in 1.0794ms.
2023-08-24 14:56:13.685 +02:00 [Information] Executed action "MyShop.Controllers.OrderController.CreateOrderItem (MyShop)" in 11.3438ms
2023-08-24 14:56:13.685 +02:00 [Information] Executed endpoint '"MyShop.Controllers.OrderController.CreateOrderItem (MyShop)"'
2023-08-24 14:56:13.685 +02:00 [Information] Request finished HTTP/1.1 GET https://localhost:7205/Order/CreateOrderItem - - - 200 - text/html;+charset=utf-8 12.0417ms
2023-08-24 14:56:19.079 +02:00 [Information] Request starting HTTP/1.1 POST https://localhost:7205/Order/CreateOrderItem application/x-www-form-urlencoded 274
2023-08-24 14:56:19.079 +02:00 [Information] Executing endpoint '"MyShop.Controllers.OrderController.CreateOrderItem (MyShop)"'
2023-08-24 14:56:19.079 +02:00 [Information] Route matched with "{action = \"CreateOrderItem\", controller = \"Order\"}". Executing controller action with signature "System.Threading.Tasks.Task`1[Microsoft.AspNetCore.Mvc.IActionResult] CreateOrderItem(MyShop.Models.OrderItem)" on controller "MyShop.Controllers.OrderController" ("MyShop").
2023-08-24 14:56:19.088 +02:00 [Information] Executing RedirectResult, redirecting to "/Order/Table".
2023-08-24 14:56:19.088 +02:00 [Information] Executed action "MyShop.Controllers.OrderController.CreateOrderItem (MyShop)" in 9.3363ms
2023-08-24 14:56:19.089 +02:00 [Information] Executed endpoint '"MyShop.Controllers.OrderController.CreateOrderItem (MyShop)"'
2023-08-24 14:56:19.089 +02:00 [Information] Request finished HTTP/1.1 POST https://localhost:7205/Order/CreateOrderItem application/x-www-form-urlencoded 274 - 302 0 - 10.1450ms
2023-08-24 14:56:19.114 +02:00 [Information] Request starting HTTP/1.1 GET https://localhost:7205/Order/Table - -
2023-08-24 14:56:19.114 +02:00 [Information] Executing endpoint '"MyShop.Controllers.OrderController.Table (MyShop)"'
2023-08-24 14:56:19.114 +02:00 [Information] Route matched with "{action = \"Table\", controller = \"Order\"}". Executing controller action with signature "System.Threading.Tasks.Task`1[Microsoft.AspNetCore.Mvc.IActionResult] Table()" on controller "MyShop.Controllers.OrderController" ("MyShop").
2023-08-24 14:56:19.117 +02:00 [Information] Executing ViewResult, running view "Table".
2023-08-24 14:56:19.132 +02:00 [Information] Executed ViewResult - view "Table" executed in 14.2268ms.
2023-08-24 14:56:19.132 +02:00 [Information] Executed action "MyShop.Controllers.OrderController.Table (MyShop)" in 17.6215ms
2023-08-24 14:56:19.132 +02:00 [Information] Executed endpoint '"MyShop.Controllers.OrderController.Table (MyShop)"'
2023-08-24 14:56:19.132 +02:00 [Information] Request finished HTTP/1.1 GET https://localhost:7205/Order/Table - - - 200 - text/html;+charset=utf-8 18.1537ms
