2023-08-24 14:56:57.303 +02:00 [Information] User profile is available. Using '"/Users/baifanz/.aspnet/DataProtection-Keys"' as key repository; keys will not be encrypted at rest.
2023-08-24 14:56:57.591 +02:00 [Information] Now listening on: "https://localhost:7205"
2023-08-24 14:56:57.591 +02:00 [Information] Now listening on: "http://localhost:5112"
2023-08-24 14:56:57.594 +02:00 [Information] Application started. Press Ctrl+C to shut down.
2023-08-24 14:56:57.595 +02:00 [Information] Hosting environment: "Development"
2023-08-24 14:56:57.595 +02:00 [Information] Content root path: "/Users/baifanz/Projects/ITPE32-23H/7-Input-Validation/MyShop"
2023-08-24 14:56:58.863 +02:00 [Information] Request starting HTTP/1.1 GET https://localhost:7205/ - -
2023-08-24 14:56:58.879 +02:00 [Information] Executing endpoint '"MyShop.Controllers.HomeController.Index (MyShop)"'
2023-08-24 14:56:58.884 +02:00 [Information] Route matched with "{action = \"Index\", controller = \"Home\"}". Executing controller action with signature "Microsoft.AspNetCore.Mvc.IActionResult Index()" on controller "MyShop.Controllers.HomeController" ("MyShop").
2023-08-24 14:56:58.888 +02:00 [Information] Executing ViewResult, running view "Index".
2023-08-24 14:56:58.924 +02:00 [Information] Executed ViewResult - view "Index" executed in 34.7635ms.
2023-08-24 14:56:58.927 +02:00 [Information] Executed action "MyShop.Controllers.HomeController.Index (MyShop)" in 43.2897ms
2023-08-24 14:56:58.928 +02:00 [Information] Executed endpoint '"MyShop.Controllers.HomeController.Index (MyShop)"'
2023-08-24 14:56:58.933 +02:00 [Information] Request finished HTTP/1.1 GET https://localhost:7205/ - - - 200 - text/html;+charset=utf-8 69.7390ms
2023-08-24 14:57:07.580 +02:00 [Information] Request starting HTTP/1.1 GET https://localhost:7205/Item/Table - -
2023-08-24 14:57:07.584 +02:00 [Information] Executing endpoint '"MyShop.Controllers.ItemController.Table (MyShop)"'
2023-08-24 14:57:07.595 +02:00 [Information] Route matched with "{action = \"Table\", controller = \"Item\"}". Executing controller action with signature "System.Threading.Tasks.Task`1[Microsoft.AspNetCore.Mvc.IActionResult] Table()" on controller "MyShop.Controllers.ItemController" ("MyShop").
2023-08-24 14:57:07.656 +02:00 [Information] Executing ViewResult, running view "Table".
2023-08-24 14:57:07.663 +02:00 [Information] Executed ViewResult - view "Table" executed in 8.0115ms.
2023-08-24 14:57:07.664 +02:00 [Information] Executed action "MyShop.Controllers.ItemController.Table (MyShop)" in 68.7637ms
2023-08-24 14:57:07.664 +02:00 [Information] Executed endpoint '"MyShop.Controllers.ItemController.Table (MyShop)"'
2023-08-24 14:57:07.665 +02:00 [Information] Request finished HTTP/1.1 GET https://localhost:7205/Item/Table - - - 200 - text/html;+charset=utf-8 85.5058ms
2023-08-24 14:57:09.272 +02:00 [Information] Request starting HTTP/1.1 GET https://localhost:7205/Item/Delete/1 - -
2023-08-24 14:57:09.276 +02:00 [Information] Executing endpoint '"MyShop.Controllers.ItemController.Delete (MyShop)"'
2023-08-24 14:57:09.291 +02:00 [Information] Route matched with "{action = \"Delete\", controller = \"Item\"}". Executing controller action with signature "System.Threading.Tasks.Task`1[Microsoft.AspNetCore.Mvc.IActionResult] Delete(Int32)" on controller "MyShop.Controllers.ItemController" ("MyShop").
2023-08-24 14:57:09.341 +02:00 [Information] Executing ViewResult, running view "Delete".
2023-08-24 14:57:09.349 +02:00 [Information] Executed ViewResult - view "Delete" executed in 7.9531ms.
2023-08-24 14:57:09.349 +02:00 [Information] Executed action "MyShop.Controllers.ItemController.Delete (MyShop)" in 57.3081ms
2023-08-24 14:57:09.349 +02:00 [Information] Executed endpoint '"MyShop.Controllers.ItemController.Delete (MyShop)"'
2023-08-24 14:57:09.349 +02:00 [Information] Request finished HTTP/1.1 GET https://localhost:7205/Item/Delete/1 - - - 200 - text/html;+charset=utf-8 77.4051ms
2023-08-24 14:57:10.357 +02:00 [Information] Request starting HTTP/1.1 POST https://localhost:7205/Item/DeleteConfirmed/1 application/x-www-form-urlencoded 182
2023-08-24 14:57:10.358 +02:00 [Information] Executing endpoint '"MyShop.Controllers.ItemController.DeleteConfirmed (MyShop)"'
2023-08-24 14:57:10.362 +02:00 [Information] Route matched with "{action = \"DeleteConfirmed\", controller = \"Item\"}". Executing controller action with signature "System.Threading.Tasks.Task`1[Microsoft.AspNetCore.Mvc.IActionResult] DeleteConfirmed(Int32)" on controller "MyShop.Controllers.ItemController" ("MyShop").
2023-08-24 14:57:10.404 +02:00 [Information] Executing RedirectResult, redirecting to "/Item/Table".
2023-08-24 14:57:10.404 +02:00 [Information] Executed action "MyShop.Controllers.ItemController.DeleteConfirmed (MyShop)" in 41.8572ms
2023-08-24 14:57:10.404 +02:00 [Information] Executed endpoint '"MyShop.Controllers.ItemController.DeleteConfirmed (MyShop)"'
2023-08-24 14:57:10.405 +02:00 [Information] Request finished HTTP/1.1 POST https://localhost:7205/Item/DeleteConfirmed/1 application/x-www-form-urlencoded 182 - 302 0 - 47.4003ms
2023-08-24 14:57:10.407 +02:00 [Information] Request starting HTTP/1.1 GET https://localhost:7205/Item/Table - -
2023-08-24 14:57:10.407 +02:00 [Information] Executing endpoint '"MyShop.Controllers.ItemController.Table (MyShop)"'
2023-08-24 14:57:10.407 +02:00 [Information] Route matched with "{action = \"Table\", controller = \"Item\"}". Executing controller action with signature "System.Threading.Tasks.Task`1[Microsoft.AspNetCore.Mvc.IActionResult] Table()" on controller "MyShop.Controllers.ItemController" ("MyShop").
2023-08-24 14:57:10.409 +02:00 [Information] Executing ViewResult, running view "Table".
2023-08-24 14:57:10.410 +02:00 [Information] Executed ViewResult - view "Table" executed in 1.0034ms.
2023-08-24 14:57:10.410 +02:00 [Information] Executed action "MyShop.Controllers.ItemController.Table (MyShop)" in 2.9266ms
2023-08-24 14:57:10.410 +02:00 [Information] Executed endpoint '"MyShop.Controllers.ItemController.Table (MyShop)"'
2023-08-24 14:57:10.410 +02:00 [Information] Request finished HTTP/1.1 GET https://localhost:7205/Item/Table - - - 200 - text/html;+charset=utf-8 3.3455ms
2023-08-24 14:57:11.239 +02:00 [Information] Request starting HTTP/1.1 GET https://localhost:7205/Item/Create - -
2023-08-24 14:57:11.239 +02:00 [Information] Executing endpoint '"MyShop.Controllers.ItemController.Create (MyShop)"'
2023-08-24 14:57:11.240 +02:00 [Information] Route matched with "{action = \"Create\", controller = \"Item\"}". Executing controller action with signature "Microsoft.AspNetCore.Mvc.IActionResult Create()" on controller "MyShop.Controllers.ItemController" ("MyShop").
2023-08-24 14:57:11.241 +02:00 [Information] Executing ViewResult, running view "Create".
2023-08-24 14:57:11.288 +02:00 [Information] Executed ViewResult - view "Create" executed in 46.9636ms.
2023-08-24 14:57:11.288 +02:00 [Information] Executed action "MyShop.Controllers.ItemController.Create (MyShop)" in 47.588ms
2023-08-24 14:57:11.288 +02:00 [Information] Executed endpoint '"MyShop.Controllers.ItemController.Create (MyShop)"'
2023-08-24 14:57:11.288 +02:00 [Information] Request finished HTTP/1.1 GET https://localhost:7205/Item/Create - - - 200 - text/html;+charset=utf-8 49.8898ms
2023-08-24 14:57:12.119 +02:00 [Information] Request starting HTTP/1.1 GET https://localhost:7205/Item/Table - -
2023-08-24 14:57:12.119 +02:00 [Information] Executing endpoint '"MyShop.Controllers.ItemController.Table (MyShop)"'
2023-08-24 14:57:12.119 +02:00 [Information] Route matched with "{action = \"Table\", controller = \"Item\"}". Executing controller action with signature "System.Threading.Tasks.Task`1[Microsoft.AspNetCore.Mvc.IActionResult] Table()" on controller "MyShop.Controllers.ItemController" ("MyShop").
2023-08-24 14:57:12.124 +02:00 [Information] Executing ViewResult, running view "Table".
2023-08-24 14:57:12.126 +02:00 [Information] Executed ViewResult - view "Table" executed in 2.5537ms.
2023-08-24 14:57:12.126 +02:00 [Information] Executed action "MyShop.Controllers.ItemController.Table (MyShop)" in 6.6806ms
2023-08-24 14:57:12.126 +02:00 [Information] Executed endpoint '"MyShop.Controllers.ItemController.Table (MyShop)"'
2023-08-24 14:57:12.127 +02:00 [Information] Request finished HTTP/1.1 GET https://localhost:7205/Item/Table - - - 200 - text/html;+charset=utf-8 7.3961ms
2023-08-24 14:57:13.410 +02:00 [Information] Request starting HTTP/1.1 GET https://localhost:7205/Customer/Table - -
2023-08-24 14:57:13.411 +02:00 [Information] Executing endpoint '"MyShop.Controllers.CustomerController.Table (MyShop)"'
2023-08-24 14:57:13.414 +02:00 [Information] Route matched with "{action = \"Table\", controller = \"Customer\"}". Executing controller action with signature "System.Threading.Tasks.Task`1[Microsoft.AspNetCore.Mvc.IActionResult] Table()" on controller "MyShop.Controllers.CustomerController" ("MyShop").
2023-08-24 14:57:13.436 +02:00 [Information] Executing ViewResult, running view "Table".
2023-08-24 14:57:13.453 +02:00 [Information] Executed ViewResult - view "Table" executed in 18.4102ms.
2023-08-24 14:57:13.453 +02:00 [Information] Executed action "MyShop.Controllers.CustomerController.Table (MyShop)" in 39.3488ms
2023-08-24 14:57:13.453 +02:00 [Information] Executed endpoint '"MyShop.Controllers.CustomerController.Table (MyShop)"'
2023-08-24 14:57:13.453 +02:00 [Information] Request finished HTTP/1.1 GET https://localhost:7205/Customer/Table - - - 200 - text/html;+charset=utf-8 43.2537ms
2023-08-24 14:57:14.392 +02:00 [Information] Request starting HTTP/1.1 GET https://localhost:7205/Order/Table - -
2023-08-24 14:57:14.392 +02:00 [Information] Executing endpoint '"MyShop.Controllers.OrderController.Table (MyShop)"'
2023-08-24 14:57:14.397 +02:00 [Information] Route matched with "{action = \"Table\", controller = \"Order\"}". Executing controller action with signature "System.Threading.Tasks.Task`1[Microsoft.AspNetCore.Mvc.IActionResult] Table()" on controller "MyShop.Controllers.OrderController" ("MyShop").
2023-08-24 14:57:14.438 +02:00 [Information] Executing ViewResult, running view "Table".
2023-08-24 14:57:14.453 +02:00 [Information] Executed ViewResult - view "Table" executed in 15.6595ms.
2023-08-24 14:57:14.453 +02:00 [Information] Executed action "MyShop.Controllers.OrderController.Table (MyShop)" in 55.9626ms
2023-08-24 14:57:14.453 +02:00 [Information] Executed endpoint '"MyShop.Controllers.OrderController.Table (MyShop)"'
2023-08-24 14:57:14.453 +02:00 [Information] Request finished HTTP/1.1 GET https://localhost:7205/Order/Table - - - 200 - text/html;+charset=utf-8 61.4276ms
2023-08-24 14:57:15.358 +02:00 [Information] Request starting HTTP/1.1 GET https://localhost:7205/Order/CreateOrderItem - -
2023-08-24 14:57:15.359 +02:00 [Information] Executing endpoint '"MyShop.Controllers.OrderController.CreateOrderItem (MyShop)"'
2023-08-24 14:57:15.363 +02:00 [Information] Route matched with "{action = \"CreateOrderItem\", controller = \"Order\"}". Executing controller action with signature "System.Threading.Tasks.Task`1[Microsoft.AspNetCore.Mvc.IActionResult] CreateOrderItem()" on controller "MyShop.Controllers.OrderController" ("MyShop").
2023-08-24 14:57:15.390 +02:00 [Information] Executing ViewResult, running view "CreateOrderItem".
2023-08-24 14:57:15.416 +02:00 [Information] Executed ViewResult - view "CreateOrderItem" executed in 26.6127ms.
2023-08-24 14:57:15.416 +02:00 [Information] Executed action "MyShop.Controllers.OrderController.CreateOrderItem (MyShop)" in 52.8372ms
2023-08-24 14:57:15.416 +02:00 [Information] Executed endpoint '"MyShop.Controllers.OrderController.CreateOrderItem (MyShop)"'
2023-08-24 14:57:15.416 +02:00 [Information] Request finished HTTP/1.1 GET https://localhost:7205/Order/CreateOrderItem - - - 200 - text/html;+charset=utf-8 58.4412ms
2023-08-24 14:57:21.634 +02:00 [Information] Request starting HTTP/1.1 POST https://localhost:7205/Order/CreateOrderItem application/x-www-form-urlencoded 273
2023-08-24 14:57:21.634 +02:00 [Information] Executing endpoint '"MyShop.Controllers.OrderController.CreateOrderItem (MyShop)"'
2023-08-24 14:57:21.645 +02:00 [Information] Route matched with "{action = \"CreateOrderItem\", controller = \"Order\"}". Executing controller action with signature "System.Threading.Tasks.Task`1[Microsoft.AspNetCore.Mvc.IActionResult] CreateOrderItem(MyShop.Models.OrderItem)" on controller "MyShop.Controllers.OrderController" ("MyShop").
2023-08-24 14:57:21.667 +02:00 [Information] Executing ViewResult, running view "CreateOrderItem".
2023-08-24 14:57:21.668 +02:00 [Information] Executed ViewResult - view "CreateOrderItem" executed in 1.2989ms.
2023-08-24 14:57:21.668 +02:00 [Information] Executed action "MyShop.Controllers.OrderController.CreateOrderItem (MyShop)" in 21.1439ms
2023-08-24 14:57:21.668 +02:00 [Information] Executed endpoint '"MyShop.Controllers.OrderController.CreateOrderItem (MyShop)"'
2023-08-24 14:57:21.668 +02:00 [Information] Request finished HTTP/1.1 POST https://localhost:7205/Order/CreateOrderItem application/x-www-form-urlencoded 273 - 200 - text/html;+charset=utf-8 34.8703ms
2023-08-24 14:57:24.415 +02:00 [Information] Request starting HTTP/1.1 POST https://localhost:7205/Order/CreateOrderItem application/x-www-form-urlencoded 274
2023-08-24 14:57:24.415 +02:00 [Information] Executing endpoint '"MyShop.Controllers.OrderController.CreateOrderItem (MyShop)"'
2023-08-24 14:57:24.415 +02:00 [Information] Route matched with "{action = \"CreateOrderItem\", controller = \"Order\"}". Executing controller action with signature "System.Threading.Tasks.Task`1[Microsoft.AspNetCore.Mvc.IActionResult] CreateOrderItem(MyShop.Models.OrderItem)" on controller "MyShop.Controllers.OrderController" ("MyShop").
2023-08-24 14:57:24.422 +02:00 [Information] Executing RedirectResult, redirecting to "/Order/Table".
2023-08-24 14:57:24.422 +02:00 [Information] Executed action "MyShop.Controllers.OrderController.CreateOrderItem (MyShop)" in 6.8755ms
2023-08-24 14:57:24.422 +02:00 [Information] Executed endpoint '"MyShop.Controllers.OrderController.CreateOrderItem (MyShop)"'
2023-08-24 14:57:24.422 +02:00 [Information] Request finished HTTP/1.1 POST https://localhost:7205/Order/CreateOrderItem application/x-www-form-urlencoded 274 - 302 0 - 7.2408ms
2023-08-24 14:57:24.424 +02:00 [Information] Request starting HTTP/1.1 GET https://localhost:7205/Order/Table - -
2023-08-24 14:57:24.424 +02:00 [Information] Executing endpoint '"MyShop.Controllers.OrderController.Table (MyShop)"'
2023-08-24 14:57:24.424 +02:00 [Information] Route matched with "{action = \"Table\", controller = \"Order\"}". Executing controller action with signature "System.Threading.Tasks.Task`1[Microsoft.AspNetCore.Mvc.IActionResult] Table()" on controller "MyShop.Controllers.OrderController" ("MyShop").
2023-08-24 14:57:24.425 +02:00 [Information] Executing ViewResult, running view "Table".
2023-08-24 14:57:24.429 +02:00 [Information] Executed ViewResult - view "Table" executed in 3.278ms.
2023-08-24 14:57:24.429 +02:00 [Information] Executed action "MyShop.Controllers.OrderController.Table (MyShop)" in 4.8908ms
2023-08-24 14:57:24.429 +02:00 [Information] Executed endpoint '"MyShop.Controllers.OrderController.Table (MyShop)"'
2023-08-24 14:57:24.429 +02:00 [Information] Request finished HTTP/1.1 GET https://localhost:7205/Order/Table - - - 200 - text/html;+charset=utf-8 5.1226ms
