2023-08-28 17:59:44.327 +02:00 [Information] User profile is available. Using '"/Users/baifanz/.aspnet/DataProtection-Keys"' as key repository; keys will not be encrypted at rest.
2023-08-28 17:59:44.582 +02:00 [Information] Now listening on: "https://localhost:7205"
2023-08-28 17:59:44.582 +02:00 [Information] Now listening on: "http://localhost:5112"
2023-08-28 17:59:44.585 +02:00 [Information] Application started. Press Ctrl+C to shut down.
2023-08-28 17:59:44.585 +02:00 [Information] Hosting environment: "Development"
2023-08-28 17:59:44.586 +02:00 [Information] Content root path: "/Users/baifanz/Projects/ITPE32-23H/7-Input-Validation/MyShop"
2023-08-28 17:59:45.736 +02:00 [Information] Request starting HTTP/1.1 GET https://localhost:7205/ - -
2023-08-28 17:59:45.751 +02:00 [Information] Executing endpoint '"MyShop.Controllers.HomeController.Index (MyShop)"'
2023-08-28 17:59:45.756 +02:00 [Information] Route matched with "{action = \"Index\", controller = \"Home\"}". Executing controller action with signature "Microsoft.AspNetCore.Mvc.IActionResult Index()" on controller "MyShop.Controllers.HomeController" ("MyShop").
2023-08-28 17:59:45.761 +02:00 [Information] Executing ViewResult, running view "Index".
2023-08-28 17:59:45.798 +02:00 [Information] Executed ViewResult - view "Index" executed in 37.8386ms.
2023-08-28 17:59:45.799 +02:00 [Information] Executed action "MyShop.Controllers.HomeController.Index (MyShop)" in 42.5713ms
2023-08-28 17:59:45.799 +02:00 [Information] Executed endpoint '"MyShop.Controllers.HomeController.Index (MyShop)"'
2023-08-28 17:59:45.802 +02:00 [Information] Request finished HTTP/1.1 GET https://localhost:7205/ - - - 200 - text/html;+charset=utf-8 66.0889ms
2023-08-28 17:59:47.177 +02:00 [Information] Request starting HTTP/1.1 GET https://localhost:7205/Item/Table - -
2023-08-28 17:59:47.181 +02:00 [Information] Executing endpoint '"MyShop.Controllers.ItemController.Table (MyShop)"'
2023-08-28 17:59:47.187 +02:00 [Information] Route matched with "{action = \"Table\", controller = \"Item\"}". Executing controller action with signature "System.Threading.Tasks.Task`1[Microsoft.AspNetCore.Mvc.IActionResult] Table()" on controller "MyShop.Controllers.ItemController" ("MyShop").
2023-08-28 17:59:47.251 +02:00 [Information] Executing ViewResult, running view "Table".
2023-08-28 17:59:47.259 +02:00 [Information] Executed ViewResult - view "Table" executed in 8.9103ms.
2023-08-28 17:59:47.260 +02:00 [Information] Executed action "MyShop.Controllers.ItemController.Table (MyShop)" in 72.076ms
2023-08-28 17:59:47.260 +02:00 [Information] Executed endpoint '"MyShop.Controllers.ItemController.Table (MyShop)"'
2023-08-28 17:59:47.262 +02:00 [Information] Request finished HTTP/1.1 GET https://localhost:7205/Item/Table - - - 200 - text/html;+charset=utf-8 84.2734ms
2023-08-28 17:59:49.674 +02:00 [Information] Request starting HTTP/1.1 GET https://localhost:7205/Item/Update/7 - -
2023-08-28 17:59:49.677 +02:00 [Information] Executing endpoint '"MyShop.Controllers.ItemController.Update (MyShop)"'
2023-08-28 17:59:49.690 +02:00 [Information] Route matched with "{action = \"Update\", controller = \"Item\"}". Executing controller action with signature "System.Threading.Tasks.Task`1[Microsoft.AspNetCore.Mvc.IActionResult] Update(Int32)" on controller "MyShop.Controllers.ItemController" ("MyShop").
2023-08-28 17:59:49.750 +02:00 [Information] Executing ViewResult, running view "Update".
2023-08-28 17:59:49.775 +02:00 [Information] Executed ViewResult - view "Update" executed in 25.6417ms.
2023-08-28 17:59:49.775 +02:00 [Information] Executed action "MyShop.Controllers.ItemController.Update (MyShop)" in 85.2218ms
2023-08-28 17:59:49.775 +02:00 [Information] Executed endpoint '"MyShop.Controllers.ItemController.Update (MyShop)"'
2023-08-28 17:59:49.776 +02:00 [Information] Request finished HTTP/1.1 GET https://localhost:7205/Item/Update/7 - - - 200 - text/html;+charset=utf-8 101.8717ms
2023-08-28 17:59:52.985 +02:00 [Information] Request starting HTTP/1.1 POST https://localhost:7205/Item/Update/7 application/x-www-form-urlencoded 355
2023-08-28 17:59:52.986 +02:00 [Information] Executing endpoint '"MyShop.Controllers.ItemController.Update (MyShop)"'
2023-08-28 17:59:52.994 +02:00 [Information] Route matched with "{action = \"Update\", controller = \"Item\"}". Executing controller action with signature "System.Threading.Tasks.Task`1[Microsoft.AspNetCore.Mvc.IActionResult] Update(MyShop.Models.Item)" on controller "MyShop.Controllers.ItemController" ("MyShop").
2023-08-28 17:59:53.028 +02:00 [Information] Executing RedirectResult, redirecting to "/Item/Table".
2023-08-28 17:59:53.028 +02:00 [Information] Executed action "MyShop.Controllers.ItemController.Update (MyShop)" in 34.2417ms
2023-08-28 17:59:53.028 +02:00 [Information] Executed endpoint '"MyShop.Controllers.ItemController.Update (MyShop)"'
2023-08-28 17:59:53.029 +02:00 [Information] Request finished HTTP/1.1 POST https://localhost:7205/Item/Update/7 application/x-www-form-urlencoded 355 - 302 0 - 43.1927ms
2023-08-28 17:59:53.030 +02:00 [Information] Request starting HTTP/1.1 GET https://localhost:7205/Item/Table - -
2023-08-28 17:59:53.031 +02:00 [Information] Executing endpoint '"MyShop.Controllers.ItemController.Table (MyShop)"'
2023-08-28 17:59:53.031 +02:00 [Information] Route matched with "{action = \"Table\", controller = \"Item\"}". Executing controller action with signature "System.Threading.Tasks.Task`1[Microsoft.AspNetCore.Mvc.IActionResult] Table()" on controller "MyShop.Controllers.ItemController" ("MyShop").
2023-08-28 17:59:53.033 +02:00 [Information] Executing ViewResult, running view "Table".
2023-08-28 17:59:53.034 +02:00 [Information] Executed ViewResult - view "Table" executed in 1.1845ms.
2023-08-28 17:59:53.034 +02:00 [Information] Executed action "MyShop.Controllers.ItemController.Table (MyShop)" in 3.6427ms
2023-08-28 17:59:53.034 +02:00 [Information] Executed endpoint '"MyShop.Controllers.ItemController.Table (MyShop)"'
2023-08-28 17:59:53.035 +02:00 [Information] Request finished HTTP/1.1 GET https://localhost:7205/Item/Table - - - 200 - text/html;+charset=utf-8 4.1514ms
2023-08-28 17:59:58.431 +02:00 [Information] Request starting HTTP/1.1 GET https://localhost:7205/Item/Update/1 - -
2023-08-28 17:59:58.432 +02:00 [Information] Executing endpoint '"MyShop.Controllers.ItemController.Update (MyShop)"'
2023-08-28 17:59:58.432 +02:00 [Information] Route matched with "{action = \"Update\", controller = \"Item\"}". Executing controller action with signature "System.Threading.Tasks.Task`1[Microsoft.AspNetCore.Mvc.IActionResult] Update(Int32)" on controller "MyShop.Controllers.ItemController" ("MyShop").
2023-08-28 17:59:58.439 +02:00 [Information] Executing ViewResult, running view "Update".
2023-08-28 17:59:58.444 +02:00 [Information] Executed ViewResult - view "Update" executed in 5.0278ms.
2023-08-28 17:59:58.444 +02:00 [Information] Executed action "MyShop.Controllers.ItemController.Update (MyShop)" in 11.8509ms
2023-08-28 17:59:58.444 +02:00 [Information] Executed endpoint '"MyShop.Controllers.ItemController.Update (MyShop)"'
2023-08-28 17:59:58.444 +02:00 [Information] Request finished HTTP/1.1 GET https://localhost:7205/Item/Update/1 - - - 200 - text/html;+charset=utf-8 12.7026ms
2023-08-28 17:59:59.484 +02:00 [Information] Request starting HTTP/1.1 POST https://localhost:7205/Item/Update/1 application/x-www-form-urlencoded 359
2023-08-28 17:59:59.485 +02:00 [Information] Executing endpoint '"MyShop.Controllers.ItemController.Update (MyShop)"'
2023-08-28 17:59:59.485 +02:00 [Information] Route matched with "{action = \"Update\", controller = \"Item\"}". Executing controller action with signature "System.Threading.Tasks.Task`1[Microsoft.AspNetCore.Mvc.IActionResult] Update(MyShop.Models.Item)" on controller "MyShop.Controllers.ItemController" ("MyShop").
2023-08-28 17:59:59.490 +02:00 [Information] Executing RedirectResult, redirecting to "/Item/Table".
2023-08-28 17:59:59.490 +02:00 [Information] Executed action "MyShop.Controllers.ItemController.Update (MyShop)" in 5.3612ms
2023-08-28 17:59:59.490 +02:00 [Information] Executed endpoint '"MyShop.Controllers.ItemController.Update (MyShop)"'
2023-08-28 17:59:59.490 +02:00 [Information] Request finished HTTP/1.1 POST https://localhost:7205/Item/Update/1 application/x-www-form-urlencoded 359 - 302 0 - 6.3664ms
2023-08-28 17:59:59.493 +02:00 [Information] Request starting HTTP/1.1 GET https://localhost:7205/Item/Table - -
2023-08-28 17:59:59.493 +02:00 [Information] Executing endpoint '"MyShop.Controllers.ItemController.Table (MyShop)"'
2023-08-28 17:59:59.493 +02:00 [Information] Route matched with "{action = \"Table\", controller = \"Item\"}". Executing controller action with signature "System.Threading.Tasks.Task`1[Microsoft.AspNetCore.Mvc.IActionResult] Table()" on controller "MyShop.Controllers.ItemController" ("MyShop").
2023-08-28 17:59:59.497 +02:00 [Information] Executing ViewResult, running view "Table".
2023-08-28 17:59:59.499 +02:00 [Information] Executed ViewResult - view "Table" executed in 2.304ms.
2023-08-28 17:59:59.499 +02:00 [Information] Executed action "MyShop.Controllers.ItemController.Table (MyShop)" in 5.9282ms
2023-08-28 17:59:59.499 +02:00 [Information] Executed endpoint '"MyShop.Controllers.ItemController.Table (MyShop)"'
2023-08-28 17:59:59.499 +02:00 [Information] Request finished HTTP/1.1 GET https://localhost:7205/Item/Table - - - 200 - text/html;+charset=utf-8 6.5089ms
