2023-08-28 18:12:33.689 +02:00 [Information] User profile is available. Using '"/Users/baifanz/.aspnet/DataProtection-Keys"' as key repository; keys will not be encrypted at rest.
2023-08-28 18:12:33.963 +02:00 [Information] Now listening on: "https://localhost:7205"
2023-08-28 18:12:33.964 +02:00 [Information] Now listening on: "http://localhost:5112"
2023-08-28 18:12:33.992 +02:00 [Information] Application started. Press Ctrl+C to shut down.
2023-08-28 18:12:33.993 +02:00 [Information] Hosting environment: "Development"
2023-08-28 18:12:33.993 +02:00 [Information] Content root path: "/Users/baifanz/Projects/ITPE32-23H/7-Input-Validation/MyShop"
2023-08-28 18:12:35.147 +02:00 [Information] Request starting HTTP/1.1 GET https://localhost:7205/ - -
2023-08-28 18:12:35.162 +02:00 [Information] Executing endpoint '"MyShop.Controllers.HomeController.Index (MyShop)"'
2023-08-28 18:12:35.168 +02:00 [Information] Route matched with "{action = \"Index\", controller = \"Home\"}". Executing controller action with signature "Microsoft.AspNetCore.Mvc.IActionResult Index()" on controller "MyShop.Controllers.HomeController" ("MyShop").
2023-08-28 18:12:35.173 +02:00 [Information] Executing ViewResult, running view "Index".
2023-08-28 18:12:35.218 +02:00 [Information] Executed ViewResult - view "Index" executed in 46.6485ms.
2023-08-28 18:12:35.219 +02:00 [Information] Executed action "MyShop.Controllers.HomeController.Index (MyShop)" in 51.3945ms
2023-08-28 18:12:35.219 +02:00 [Information] Executed endpoint '"MyShop.Controllers.HomeController.Index (MyShop)"'
2023-08-28 18:12:35.224 +02:00 [Information] Request finished HTTP/1.1 GET https://localhost:7205/ - - - 200 - text/html;+charset=utf-8 78.0546ms
2023-08-28 18:12:36.510 +02:00 [Information] Request starting HTTP/1.1 GET https://localhost:7205/Item/Table - -
2023-08-28 18:12:36.513 +02:00 [Information] Executing endpoint '"MyShop.Controllers.ItemController.Table (MyShop)"'
2023-08-28 18:12:36.520 +02:00 [Information] Route matched with "{action = \"Table\", controller = \"Item\"}". Executing controller action with signature "System.Threading.Tasks.Task`1[Microsoft.AspNetCore.Mvc.IActionResult] Table()" on controller "MyShop.Controllers.ItemController" ("MyShop").
2023-08-28 18:12:36.583 +02:00 [Information] Executing ViewResult, running view "Table".
2023-08-28 18:12:36.592 +02:00 [Information] Executed ViewResult - view "Table" executed in 8.7246ms.
2023-08-28 18:12:36.592 +02:00 [Information] Executed action "MyShop.Controllers.ItemController.Table (MyShop)" in 71.4608ms
2023-08-28 18:12:36.592 +02:00 [Information] Executed endpoint '"MyShop.Controllers.ItemController.Table (MyShop)"'
2023-08-28 18:12:36.594 +02:00 [Information] Request finished HTTP/1.1 GET https://localhost:7205/Item/Table - - - 200 - text/html;+charset=utf-8 84.5023ms
2023-08-28 18:12:38.176 +02:00 [Information] Request starting HTTP/1.1 GET https://localhost:7205/Item/Update/2 - -
2023-08-28 18:12:38.179 +02:00 [Information] Executing endpoint '"MyShop.Controllers.ItemController.Update (MyShop)"'
2023-08-28 18:12:38.192 +02:00 [Information] Route matched with "{action = \"Update\", controller = \"Item\"}". Executing controller action with signature "System.Threading.Tasks.Task`1[Microsoft.AspNetCore.Mvc.IActionResult] Update(Int32)" on controller "MyShop.Controllers.ItemController" ("MyShop").
2023-08-28 18:12:38.252 +02:00 [Information] Executing ViewResult, running view "Update".
2023-08-28 18:12:38.276 +02:00 [Information] Executed ViewResult - view "Update" executed in 24.2711ms.
2023-08-28 18:12:38.276 +02:00 [Information] Executed action "MyShop.Controllers.ItemController.Update (MyShop)" in 83.6275ms
2023-08-28 18:12:38.276 +02:00 [Information] Executed endpoint '"MyShop.Controllers.ItemController.Update (MyShop)"'
2023-08-28 18:12:38.276 +02:00 [Information] Request finished HTTP/1.1 GET https://localhost:7205/Item/Update/2 - - - 200 - text/html;+charset=utf-8 100.4320ms
2023-08-28 18:12:41.282 +02:00 [Information] Request starting HTTP/1.1 POST https://localhost:7205/Item/Update/2 application/x-www-form-urlencoded 404
2023-08-28 18:12:41.282 +02:00 [Information] Executing endpoint '"MyShop.Controllers.ItemController.Update (MyShop)"'
2023-08-28 18:12:41.295 +02:00 [Information] Route matched with "{action = \"Update\", controller = \"Item\"}". Executing controller action with signature "System.Threading.Tasks.Task`1[Microsoft.AspNetCore.Mvc.IActionResult] Update(MyShop.Models.Item)" on controller "MyShop.Controllers.ItemController" ("MyShop").
