2023-08-28 18:14:33.646 +02:00 [Information] User profile is available. Using '"/Users/baifanz/.aspnet/DataProtection-Keys"' as key repository; keys will not be encrypted at rest.
2023-08-28 18:14:33.954 +02:00 [Information] Now listening on: "https://localhost:7205"
2023-08-28 18:14:33.955 +02:00 [Information] Now listening on: "http://localhost:5112"
2023-08-28 18:14:33.958 +02:00 [Information] Application started. Press Ctrl+C to shut down.
2023-08-28 18:14:33.959 +02:00 [Information] Hosting environment: "Development"
2023-08-28 18:14:33.960 +02:00 [Information] Content root path: "/Users/baifanz/Projects/ITPE32-23H/7-Input-Validation/MyShop"
2023-08-28 18:14:35.167 +02:00 [Information] Request starting HTTP/1.1 GET https://localhost:7205/ - -
2023-08-28 18:14:35.183 +02:00 [Information] Executing endpoint '"MyShop.Controllers.HomeController.Index (MyShop)"'
2023-08-28 18:14:35.187 +02:00 [Information] Route matched with "{action = \"Index\", controller = \"Home\"}". Executing controller action with signature "Microsoft.AspNetCore.Mvc.IActionResult Index()" on controller "MyShop.Controllers.HomeController" ("MyShop").
2023-08-28 18:14:35.191 +02:00 [Information] Executing ViewResult, running view "Index".
2023-08-28 18:14:35.222 +02:00 [Information] Executed ViewResult - view "Index" executed in 31.5605ms.
2023-08-28 18:14:35.223 +02:00 [Information] Executed action "MyShop.Controllers.HomeController.Index (MyShop)" in 35.6743ms
2023-08-28 18:14:35.223 +02:00 [Information] Executed endpoint '"MyShop.Controllers.HomeController.Index (MyShop)"'
2023-08-28 18:14:35.225 +02:00 [Information] Request finished HTTP/1.1 GET https://localhost:7205/ - - - 200 - text/html;+charset=utf-8 58.8180ms
2023-08-28 18:14:36.336 +02:00 [Information] Request starting HTTP/1.1 GET https://localhost:7205/Item/Table - -
2023-08-28 18:14:36.341 +02:00 [Information] Executing endpoint '"MyShop.Controllers.ItemController.Table (MyShop)"'
2023-08-28 18:14:36.349 +02:00 [Information] Route matched with "{action = \"Table\", controller = \"Item\"}". Executing controller action with signature "System.Threading.Tasks.Task`1[Microsoft.AspNetCore.Mvc.IActionResult] Table()" on controller "MyShop.Controllers.ItemController" ("MyShop").
2023-08-28 18:14:36.444 +02:00 [Information] Executing ViewResult, running view "Table".
2023-08-28 18:14:36.452 +02:00 [Information] Executed ViewResult - view "Table" executed in 8.5844ms.
2023-08-28 18:14:36.452 +02:00 [Information] Executed action "MyShop.Controllers.ItemController.Table (MyShop)" in 103.4499ms
2023-08-28 18:14:36.453 +02:00 [Information] Executed endpoint '"MyShop.Controllers.ItemController.Table (MyShop)"'
2023-08-28 18:14:36.454 +02:00 [Information] Request finished HTTP/1.1 GET https://localhost:7205/Item/Table - - - 200 - text/html;+charset=utf-8 118.1274ms
2023-08-28 18:14:39.661 +02:00 [Information] Request starting HTTP/1.1 GET https://localhost:7205/Item/Update/1 - -
2023-08-28 18:14:39.665 +02:00 [Information] Executing endpoint '"MyShop.Controllers.ItemController.Update (MyShop)"'
2023-08-28 18:14:39.677 +02:00 [Information] Route matched with "{action = \"Update\", controller = \"Item\"}". Executing controller action with signature "System.Threading.Tasks.Task`1[Microsoft.AspNetCore.Mvc.IActionResult] Update(Int32)" on controller "MyShop.Controllers.ItemController" ("MyShop").
2023-08-28 18:14:39.735 +02:00 [Information] Executing ViewResult, running view "Update".
2023-08-28 18:14:39.759 +02:00 [Information] Executed ViewResult - view "Update" executed in 25.2705ms.
2023-08-28 18:14:39.760 +02:00 [Information] Executed action "MyShop.Controllers.ItemController.Update (MyShop)" in 82.0428ms
2023-08-28 18:14:39.760 +02:00 [Information] Executed endpoint '"MyShop.Controllers.ItemController.Update (MyShop)"'
2023-08-28 18:14:39.760 +02:00 [Information] Request finished HTTP/1.1 GET https://localhost:7205/Item/Update/1 - - - 200 - text/html;+charset=utf-8 98.7777ms
2023-08-28 18:14:40.804 +02:00 [Information] Request starting HTTP/1.1 POST https://localhost:7205/Item/Update/1 application/x-www-form-urlencoded 378
2023-08-28 18:14:40.804 +02:00 [Information] Executing endpoint '"MyShop.Controllers.ItemController.Update (MyShop)"'
2023-08-28 18:14:40.819 +02:00 [Information] Route matched with "{action = \"Update\", controller = \"Item\"}". Executing controller action with signature "System.Threading.Tasks.Task`1[Microsoft.AspNetCore.Mvc.IActionResult] Update(MyShop.Models.Item)" on controller "MyShop.Controllers.ItemController" ("MyShop").
2023-08-28 18:14:51.372 +02:00 [Information] Executing RedirectResult, redirecting to "/Item/Table".
2023-08-28 18:14:51.372 +02:00 [Information] Executed action "MyShop.Controllers.ItemController.Update (MyShop)" in 10553.391ms
2023-08-28 18:14:51.373 +02:00 [Information] Executed endpoint '"MyShop.Controllers.ItemController.Update (MyShop)"'
2023-08-28 18:14:51.373 +02:00 [Information] Request finished HTTP/1.1 POST https://localhost:7205/Item/Update/1 application/x-www-form-urlencoded 378 - 302 0 - 10569.1457ms
2023-08-28 18:14:51.376 +02:00 [Information] Request starting HTTP/1.1 GET https://localhost:7205/Item/Table - -
2023-08-28 18:14:51.376 +02:00 [Information] Executing endpoint '"MyShop.Controllers.ItemController.Table (MyShop)"'
2023-08-28 18:14:51.376 +02:00 [Information] Route matched with "{action = \"Table\", controller = \"Item\"}". Executing controller action with signature "System.Threading.Tasks.Task`1[Microsoft.AspNetCore.Mvc.IActionResult] Table()" on controller "MyShop.Controllers.ItemController" ("MyShop").
2023-08-28 18:14:51.378 +02:00 [Information] Executing ViewResult, running view "Table".
2023-08-28 18:14:51.378 +02:00 [Information] Executed ViewResult - view "Table" executed in 0.8109ms.
2023-08-28 18:14:51.378 +02:00 [Information] Executed action "MyShop.Controllers.ItemController.Table (MyShop)" in 2.5677ms
2023-08-28 18:14:51.378 +02:00 [Information] Executed endpoint '"MyShop.Controllers.ItemController.Table (MyShop)"'
2023-08-28 18:14:51.378 +02:00 [Information] Request finished HTTP/1.1 GET https://localhost:7205/Item/Table - - - 200 - text/html;+charset=utf-8 2.8740ms
2023-08-28 18:14:59.753 +02:00 [Information] Request starting HTTP/1.1 GET https://localhost:7205/Item/Update/3 - -
2023-08-28 18:14:59.754 +02:00 [Information] Executing endpoint '"MyShop.Controllers.ItemController.Update (MyShop)"'
2023-08-28 18:14:59.754 +02:00 [Information] Route matched with "{action = \"Update\", controller = \"Item\"}". Executing controller action with signature "System.Threading.Tasks.Task`1[Microsoft.AspNetCore.Mvc.IActionResult] Update(Int32)" on controller "MyShop.Controllers.ItemController" ("MyShop").
2023-08-28 18:14:59.762 +02:00 [Information] Executing ViewResult, running view "Update".
2023-08-28 18:14:59.767 +02:00 [Information] Executed ViewResult - view "Update" executed in 5.2851ms.
2023-08-28 18:14:59.767 +02:00 [Information] Executed action "MyShop.Controllers.ItemController.Update (MyShop)" in 13.1203ms
2023-08-28 18:14:59.767 +02:00 [Information] Executed endpoint '"MyShop.Controllers.ItemController.Update (MyShop)"'
2023-08-28 18:14:59.767 +02:00 [Information] Request finished HTTP/1.1 GET https://localhost:7205/Item/Update/3 - - - 200 - text/html;+charset=utf-8 14.1377ms
2023-08-28 18:15:03.267 +02:00 [Information] Request starting HTTP/1.1 POST https://localhost:7205/Item/Update/3 application/x-www-form-urlencoded 396
2023-08-28 18:15:03.267 +02:00 [Information] Executing endpoint '"MyShop.Controllers.ItemController.Update (MyShop)"'
2023-08-28 18:15:03.267 +02:00 [Information] Route matched with "{action = \"Update\", controller = \"Item\"}". Executing controller action with signature "System.Threading.Tasks.Task`1[Microsoft.AspNetCore.Mvc.IActionResult] Update(MyShop.Models.Item)" on controller "MyShop.Controllers.ItemController" ("MyShop").
2023-08-28 18:15:03.272 +02:00 [Information] Executing RedirectResult, redirecting to "/Item/Table".
2023-08-28 18:15:03.273 +02:00 [Information] Executed action "MyShop.Controllers.ItemController.Update (MyShop)" in 5.4578ms
2023-08-28 18:15:03.273 +02:00 [Information] Executed endpoint '"MyShop.Controllers.ItemController.Update (MyShop)"'
2023-08-28 18:15:03.273 +02:00 [Information] Request finished HTTP/1.1 POST https://localhost:7205/Item/Update/3 application/x-www-form-urlencoded 396 - 302 0 - 6.1630ms
2023-08-28 18:15:03.276 +02:00 [Information] Request starting HTTP/1.1 GET https://localhost:7205/Item/Table - -
2023-08-28 18:15:03.276 +02:00 [Information] Executing endpoint '"MyShop.Controllers.ItemController.Table (MyShop)"'
2023-08-28 18:15:03.276 +02:00 [Information] Route matched with "{action = \"Table\", controller = \"Item\"}". Executing controller action with signature "System.Threading.Tasks.Task`1[Microsoft.AspNetCore.Mvc.IActionResult] Table()" on controller "MyShop.Controllers.ItemController" ("MyShop").
2023-08-28 18:15:03.279 +02:00 [Information] Executing ViewResult, running view "Table".
2023-08-28 18:15:03.283 +02:00 [Information] Executed ViewResult - view "Table" executed in 3.327ms.
2023-08-28 18:15:03.283 +02:00 [Information] Executed action "MyShop.Controllers.ItemController.Table (MyShop)" in 6.8085ms
2023-08-28 18:15:03.283 +02:00 [Information] Executed endpoint '"MyShop.Controllers.ItemController.Table (MyShop)"'
2023-08-28 18:15:03.283 +02:00 [Information] Request finished HTTP/1.1 GET https://localhost:7205/Item/Table - - - 200 - text/html;+charset=utf-8 7.4297ms
