2023-08-28 18:17:42.634 +02:00 [Information] User profile is available. Using '"/Users/baifanz/.aspnet/DataProtection-Keys"' as key repository; keys will not be encrypted at rest.
2023-08-28 18:17:42.963 +02:00 [Information] Now listening on: "https://localhost:7205"
2023-08-28 18:17:42.964 +02:00 [Information] Now listening on: "http://localhost:5112"
2023-08-28 18:17:42.967 +02:00 [Information] Application started. Press Ctrl+C to shut down.
2023-08-28 18:17:42.968 +02:00 [Information] Hosting environment: "Development"
2023-08-28 18:17:42.969 +02:00 [Information] Content root path: "/Users/baifanz/Projects/ITPE32-23H/7-Input-Validation/MyShop"
2023-08-28 18:17:44.137 +02:00 [Information] Request starting HTTP/1.1 GET https://localhost:7205/ - -
2023-08-28 18:17:44.153 +02:00 [Information] Executing endpoint '"MyShop.Controllers.HomeController.Index (MyShop)"'
2023-08-28 18:17:44.158 +02:00 [Information] Route matched with "{action = \"Index\", controller = \"Home\"}". Executing controller action with signature "Microsoft.AspNetCore.Mvc.IActionResult Index()" on controller "MyShop.Controllers.HomeController" ("MyShop").
2023-08-28 18:17:44.165 +02:00 [Information] Executing ViewResult, running view "Index".
2023-08-28 18:17:44.206 +02:00 [Information] Executed ViewResult - view "Index" executed in 41.9606ms.
2023-08-28 18:17:44.207 +02:00 [Information] Executed action "MyShop.Controllers.HomeController.Index (MyShop)" in 48.0999ms
2023-08-28 18:17:44.207 +02:00 [Information] Executed endpoint '"MyShop.Controllers.HomeController.Index (MyShop)"'
2023-08-28 18:17:44.212 +02:00 [Information] Request finished HTTP/1.1 GET https://localhost:7205/ - - - 200 - text/html;+charset=utf-8 74.6967ms
2023-08-28 18:17:48.170 +02:00 [Information] Request starting HTTP/1.1 GET https://localhost:7205/Item/Table - -
2023-08-28 18:17:48.174 +02:00 [Information] Executing endpoint '"MyShop.Controllers.ItemController.Table (MyShop)"'
2023-08-28 18:17:48.185 +02:00 [Information] Route matched with "{action = \"Table\", controller = \"Item\"}". Executing controller action with signature "System.Threading.Tasks.Task`1[Microsoft.AspNetCore.Mvc.IActionResult] Table()" on controller "MyShop.Controllers.ItemController" ("MyShop").
2023-08-28 18:17:48.301 +02:00 [Information] Executing ViewResult, running view "Table".
2023-08-28 18:17:48.311 +02:00 [Information] Executed ViewResult - view "Table" executed in 10.178ms.
2023-08-28 18:17:48.311 +02:00 [Information] Executed action "MyShop.Controllers.ItemController.Table (MyShop)" in 126.2187ms
2023-08-28 18:17:48.311 +02:00 [Information] Executed endpoint '"MyShop.Controllers.ItemController.Table (MyShop)"'
2023-08-28 18:17:48.313 +02:00 [Information] Request finished HTTP/1.1 GET https://localhost:7205/Item/Table - - - 200 - text/html;+charset=utf-8 144.1254ms
2023-08-28 18:17:49.945 +02:00 [Information] Request starting HTTP/1.1 GET https://localhost:7205/Item/Update/3 - -
2023-08-28 18:17:49.949 +02:00 [Information] Executing endpoint '"MyShop.Controllers.ItemController.Update (MyShop)"'
2023-08-28 18:17:49.966 +02:00 [Information] Route matched with "{action = \"Update\", controller = \"Item\"}". Executing controller action with signature "System.Threading.Tasks.Task`1[Microsoft.AspNetCore.Mvc.IActionResult] Update(Int32)" on controller "MyShop.Controllers.ItemController" ("MyShop").
2023-08-28 18:17:50.019 +02:00 [Information] Executing ViewResult, running view "Update".
2023-08-28 18:17:50.048 +02:00 [Information] Executed ViewResult - view "Update" executed in 29.23ms.
2023-08-28 18:17:50.048 +02:00 [Information] Executed action "MyShop.Controllers.ItemController.Update (MyShop)" in 82.4698ms
2023-08-28 18:17:50.048 +02:00 [Information] Executed endpoint '"MyShop.Controllers.ItemController.Update (MyShop)"'
2023-08-28 18:17:50.048 +02:00 [Information] Request finished HTTP/1.1 GET https://localhost:7205/Item/Update/3 - - - 200 - text/html;+charset=utf-8 103.1665ms
2023-08-28 18:17:53.583 +02:00 [Information] Request starting HTTP/1.1 POST https://localhost:7205/Item/Update/3 application/x-www-form-urlencoded 378
2023-08-28 18:17:53.583 +02:00 [Information] Executing endpoint '"MyShop.Controllers.ItemController.Update (MyShop)"'
2023-08-28 18:17:53.599 +02:00 [Information] Route matched with "{action = \"Update\", controller = \"Item\"}". Executing controller action with signature "System.Threading.Tasks.Task`1[Microsoft.AspNetCore.Mvc.IActionResult] Update(MyShop.Models.Item)" on controller "MyShop.Controllers.ItemController" ("MyShop").
2023-08-28 18:17:53.625 +02:00 [Information] Executing RedirectResult, redirecting to "/Item/Table".
2023-08-28 18:17:53.625 +02:00 [Information] Executed action "MyShop.Controllers.ItemController.Update (MyShop)" in 25.8971ms
2023-08-28 18:17:53.625 +02:00 [Information] Executed endpoint '"MyShop.Controllers.ItemController.Update (MyShop)"'
2023-08-28 18:17:53.626 +02:00 [Information] Request finished HTTP/1.1 POST https://localhost:7205/Item/Update/3 application/x-www-form-urlencoded 378 - 302 0 - 42.9457ms
2023-08-28 18:17:53.627 +02:00 [Information] Request starting HTTP/1.1 GET https://localhost:7205/Item/Table - -
2023-08-28 18:17:53.627 +02:00 [Information] Executing endpoint '"MyShop.Controllers.ItemController.Table (MyShop)"'
2023-08-28 18:17:53.627 +02:00 [Information] Route matched with "{action = \"Table\", controller = \"Item\"}". Executing controller action with signature "System.Threading.Tasks.Task`1[Microsoft.AspNetCore.Mvc.IActionResult] Table()" on controller "MyShop.Controllers.ItemController" ("MyShop").
2023-08-28 18:17:53.629 +02:00 [Information] Executing ViewResult, running view "Table".
2023-08-28 18:17:53.630 +02:00 [Information] Executed ViewResult - view "Table" executed in 0.9666ms.
2023-08-28 18:17:53.630 +02:00 [Information] Executed action "MyShop.Controllers.ItemController.Table (MyShop)" in 2.952ms
2023-08-28 18:17:53.630 +02:00 [Information] Executed endpoint '"MyShop.Controllers.ItemController.Table (MyShop)"'
2023-08-28 18:17:53.631 +02:00 [Information] Request finished HTTP/1.1 GET https://localhost:7205/Item/Table - - - 200 - text/html;+charset=utf-8 3.3159ms
