2023-08-24 14:22:27.267 +02:00 [Information] User profile is available. Using '"/Users/baifanz/.aspnet/DataProtection-Keys"' as key repository; keys will not be encrypted at rest.
2023-08-24 14:22:27.522 +02:00 [Information] Now listening on: "https://localhost:7205"
2023-08-24 14:22:27.522 +02:00 [Information] Now listening on: "http://localhost:5112"
2023-08-24 14:22:27.524 +02:00 [Information] Application started. Press Ctrl+C to shut down.
2023-08-24 14:22:27.525 +02:00 [Information] Hosting environment: "Development"
2023-08-24 14:22:27.525 +02:00 [Information] Content root path: "/Users/baifanz/Projects/ITPE32-23H/7-Input-Validation/MyShop"
2023-08-24 14:22:28.710 +02:00 [Information] Request starting HTTP/1.1 GET https://localhost:7205/ - -
2023-08-24 14:22:28.725 +02:00 [Information] Executing endpoint '"MyShop.Controllers.HomeController.Index (MyShop)"'
2023-08-24 14:22:28.730 +02:00 [Information] Route matched with "{action = \"Index\", controller = \"Home\"}". Executing controller action with signature "Microsoft.AspNetCore.Mvc.IActionResult Index()" on controller "MyShop.Controllers.HomeController" ("MyShop").
2023-08-24 14:22:28.736 +02:00 [Information] Executing ViewResult, running view "Index".
2023-08-24 14:22:28.770 +02:00 [Information] Executed ViewResult - view "Index" executed in 36.0134ms.
2023-08-24 14:22:28.771 +02:00 [Information] Executed action "MyShop.Controllers.HomeController.Index (MyShop)" in 40.8664ms
2023-08-24 14:22:28.771 +02:00 [Information] Executed endpoint '"MyShop.Controllers.HomeController.Index (MyShop)"'
2023-08-24 14:22:28.775 +02:00 [Information] Request finished HTTP/1.1 GET https://localhost:7205/ - - - 200 - text/html;+charset=utf-8 64.8449ms
2023-08-24 14:22:31.532 +02:00 [Information] Request starting HTTP/1.1 GET https://localhost:7205/Customer/Table - -
2023-08-24 14:22:31.535 +02:00 [Information] Executing endpoint '"MyShop.Controllers.CustomerController.Table (MyShop)"'
2023-08-24 14:22:31.542 +02:00 [Information] Route matched with "{action = \"Table\", controller = \"Customer\"}". Executing controller action with signature "System.Threading.Tasks.Task`1[Microsoft.AspNetCore.Mvc.IActionResult] Table()" on controller "MyShop.Controllers.CustomerController" ("MyShop").
2023-08-24 14:22:31.600 +02:00 [Information] Executing ViewResult, running view "Table".
2023-08-24 14:22:31.619 +02:00 [Information] Executed ViewResult - view "Table" executed in 19.0531ms.
2023-08-24 14:22:31.619 +02:00 [Information] Executed action "MyShop.Controllers.CustomerController.Table (MyShop)" in 76.6078ms
2023-08-24 14:22:31.619 +02:00 [Information] Executed endpoint '"MyShop.Controllers.CustomerController.Table (MyShop)"'
2023-08-24 14:22:31.621 +02:00 [Information] Request finished HTTP/1.1 GET https://localhost:7205/Customer/Table - - - 200 - text/html;+charset=utf-8 89.0575ms
2023-08-24 14:22:32.457 +02:00 [Information] Request starting HTTP/1.1 GET https://localhost:7205/ - -
2023-08-24 14:22:32.458 +02:00 [Information] Executing endpoint '"MyShop.Controllers.HomeController.Index (MyShop)"'
2023-08-24 14:22:32.458 +02:00 [Information] Route matched with "{action = \"Index\", controller = \"Home\"}". Executing controller action with signature "Microsoft.AspNetCore.Mvc.IActionResult Index()" on controller "MyShop.Controllers.HomeController" ("MyShop").
2023-08-24 14:22:32.459 +02:00 [Information] Executing ViewResult, running view "Index".
2023-08-24 14:22:32.460 +02:00 [Information] Executed ViewResult - view "Index" executed in 1.2386ms.
2023-08-24 14:22:32.460 +02:00 [Information] Executed action "MyShop.Controllers.HomeController.Index (MyShop)" in 1.636ms
2023-08-24 14:22:32.460 +02:00 [Information] Executed endpoint '"MyShop.Controllers.HomeController.Index (MyShop)"'
2023-08-24 14:22:32.461 +02:00 [Information] Request finished HTTP/1.1 GET https://localhost:7205/ - - - 200 - text/html;+charset=utf-8 3.3304ms
2023-08-24 14:22:32.953 +02:00 [Information] Request starting HTTP/1.1 GET https://localhost:7205/Item/Table - -
2023-08-24 14:22:32.954 +02:00 [Information] Executing endpoint '"MyShop.Controllers.ItemController.Table (MyShop)"'
2023-08-24 14:22:32.958 +02:00 [Information] Route matched with "{action = \"Table\", controller = \"Item\"}". Executing controller action with signature "System.Threading.Tasks.Task`1[Microsoft.AspNetCore.Mvc.IActionResult] Table()" on controller "MyShop.Controllers.ItemController" ("MyShop").
2023-08-24 14:22:33.021 +02:00 [Information] Executing ViewResult, running view "Table".
2023-08-24 14:22:33.028 +02:00 [Information] Executed ViewResult - view "Table" executed in 7.9715ms.
2023-08-24 14:22:33.028 +02:00 [Information] Executed action "MyShop.Controllers.ItemController.Table (MyShop)" in 70.4689ms
2023-08-24 14:22:33.029 +02:00 [Information] Executed endpoint '"MyShop.Controllers.ItemController.Table (MyShop)"'
2023-08-24 14:22:33.029 +02:00 [Information] Request finished HTTP/1.1 GET https://localhost:7205/Item/Table - - - 200 - text/html;+charset=utf-8 76.0563ms
2023-08-24 14:22:33.634 +02:00 [Information] Request starting HTTP/1.1 GET https://localhost:7205/Order/Table - -
2023-08-24 14:22:33.635 +02:00 [Information] Executing endpoint '"MyShop.Controllers.OrderController.Table (MyShop)"'
2023-08-24 14:22:33.639 +02:00 [Information] Route matched with "{action = \"Table\", controller = \"Order\"}". Executing controller action with signature "System.Threading.Tasks.Task`1[Microsoft.AspNetCore.Mvc.IActionResult] Table()" on controller "MyShop.Controllers.OrderController" ("MyShop").
2023-08-24 14:22:33.653 +02:00 [Information] Executing ViewResult, running view "Table".
2023-08-24 14:22:33.693 +02:00 [Information] Executed ViewResult - view "Table" executed in 40.2222ms.
2023-08-24 14:22:33.693 +02:00 [Information] Executed action "MyShop.Controllers.OrderController.Table (MyShop)" in 53.401ms
2023-08-24 14:22:33.693 +02:00 [Information] Executed endpoint '"MyShop.Controllers.OrderController.Table (MyShop)"'
2023-08-24 14:22:33.693 +02:00 [Information] Request finished HTTP/1.1 GET https://localhost:7205/Order/Table - - - 200 - text/html;+charset=utf-8 59.3873ms
2023-08-24 14:22:34.877 +02:00 [Information] Request starting HTTP/1.1 GET https://localhost:7205/Order/CreateOrderItem - -
2023-08-24 14:22:34.878 +02:00 [Information] Executing endpoint '"MyShop.Controllers.OrderController.CreateOrderItem (MyShop)"'
2023-08-24 14:22:34.882 +02:00 [Information] Route matched with "{action = \"CreateOrderItem\", controller = \"Order\"}". Executing controller action with signature "System.Threading.Tasks.Task`1[Microsoft.AspNetCore.Mvc.IActionResult] CreateOrderItem()" on controller "MyShop.Controllers.OrderController" ("MyShop").
2023-08-24 14:22:34.900 +02:00 [Information] Executing ViewResult, running view "CreateOrderItem".
2023-08-24 14:22:34.945 +02:00 [Information] Executed ViewResult - view "CreateOrderItem" executed in 45.9128ms.
2023-08-24 14:22:34.945 +02:00 [Information] Executed action "MyShop.Controllers.OrderController.CreateOrderItem (MyShop)" in 63.3485ms
2023-08-24 14:22:34.945 +02:00 [Information] Executed endpoint '"MyShop.Controllers.OrderController.CreateOrderItem (MyShop)"'
2023-08-24 14:22:34.945 +02:00 [Information] Request finished HTTP/1.1 GET https://localhost:7205/Order/CreateOrderItem - - - 200 - text/html;+charset=utf-8 68.3536ms
2023-08-24 14:22:39.785 +02:00 [Information] Request starting HTTP/1.1 POST https://localhost:7205/Order/CreateOrderItem application/x-www-form-urlencoded 273
2023-08-24 14:22:39.785 +02:00 [Information] Executing endpoint '"MyShop.Controllers.OrderController.CreateOrderItem (MyShop)"'
2023-08-24 14:22:39.808 +02:00 [Information] Route matched with "{action = \"CreateOrderItem\", controller = \"Order\"}". Executing controller action with signature "System.Threading.Tasks.Task`1[Microsoft.AspNetCore.Mvc.IActionResult] CreateOrderItem(MyShop.Models.OrderItem)" on controller "MyShop.Controllers.OrderController" ("MyShop").
2023-08-24 14:22:39.842 +02:00 [Information] Executing ViewResult, running view "CreateOrderItem".
2023-08-24 14:22:39.844 +02:00 [Information] Executed ViewResult - view "CreateOrderItem" executed in 2.8595ms.
2023-08-24 14:22:39.845 +02:00 [Information] Executed action "MyShop.Controllers.OrderController.CreateOrderItem (MyShop)" in 36.1101ms
2023-08-24 14:22:39.845 +02:00 [Information] Executed endpoint '"MyShop.Controllers.OrderController.CreateOrderItem (MyShop)"'
2023-08-24 14:22:39.845 +02:00 [Information] Request finished HTTP/1.1 POST https://localhost:7205/Order/CreateOrderItem application/x-www-form-urlencoded 273 - 200 - text/html;+charset=utf-8 59.8166ms
2023-08-24 14:22:43.449 +02:00 [Information] Request starting HTTP/1.1 GET https://localhost:7205/lib/bootstrap/js/bootstrap.js.map - -
2023-08-24 14:22:43.571 +02:00 [Information] Sending file. Request path: '"/lib/bootstrap/js/bootstrap.js.map"'. Physical path: '"/Users/baifanz/Projects/ITPE32-23H/7-Input-Validation/MyShop/wwwroot/lib/bootstrap/js/bootstrap.js.map"'
2023-08-24 14:22:43.571 +02:00 [Information] Request finished HTTP/1.1 GET https://localhost:7205/lib/bootstrap/js/bootstrap.js.map - - - 200 306267 text/plain 121.9108ms
2023-08-24 14:22:44.587 +02:00 [Information] Request starting HTTP/1.1 POST https://localhost:7205/Order/CreateOrderItem application/x-www-form-urlencoded 273
2023-08-24 14:22:44.588 +02:00 [Information] Executing endpoint '"MyShop.Controllers.OrderController.CreateOrderItem (MyShop)"'
2023-08-24 14:22:44.588 +02:00 [Information] Route matched with "{action = \"CreateOrderItem\", controller = \"Order\"}". Executing controller action with signature "System.Threading.Tasks.Task`1[Microsoft.AspNetCore.Mvc.IActionResult] CreateOrderItem(MyShop.Models.OrderItem)" on controller "MyShop.Controllers.OrderController" ("MyShop").
2023-08-24 14:22:44.603 +02:00 [Information] Executing ViewResult, running view "CreateOrderItem".
2023-08-24 14:22:44.606 +02:00 [Information] Executed ViewResult - view "CreateOrderItem" executed in 2.554ms.
2023-08-24 14:22:44.606 +02:00 [Information] Executed action "MyShop.Controllers.OrderController.CreateOrderItem (MyShop)" in 18.414ms
2023-08-24 14:22:44.606 +02:00 [Information] Executed endpoint '"MyShop.Controllers.OrderController.CreateOrderItem (MyShop)"'
2023-08-24 14:22:44.606 +02:00 [Information] Request finished HTTP/1.1 POST https://localhost:7205/Order/CreateOrderItem application/x-www-form-urlencoded 273 - 200 - text/html;+charset=utf-8 18.9508ms
2023-08-24 14:22:47.344 +02:00 [Information] Request starting HTTP/1.1 POST https://localhost:7205/Order/CreateOrderItem application/x-www-form-urlencoded 273
2023-08-24 14:22:47.344 +02:00 [Information] Executing endpoint '"MyShop.Controllers.OrderController.CreateOrderItem (MyShop)"'
2023-08-24 14:22:47.344 +02:00 [Information] Route matched with "{action = \"CreateOrderItem\", controller = \"Order\"}". Executing controller action with signature "System.Threading.Tasks.Task`1[Microsoft.AspNetCore.Mvc.IActionResult] CreateOrderItem(MyShop.Models.OrderItem)" on controller "MyShop.Controllers.OrderController" ("MyShop").
2023-08-24 14:22:47.362 +02:00 [Information] Executing ViewResult, running view "CreateOrderItem".
2023-08-24 14:22:47.364 +02:00 [Information] Executed ViewResult - view "CreateOrderItem" executed in 1.7543ms.
2023-08-24 14:22:47.364 +02:00 [Information] Executed action "MyShop.Controllers.OrderController.CreateOrderItem (MyShop)" in 20.1803ms
2023-08-24 14:22:47.364 +02:00 [Information] Executed endpoint '"MyShop.Controllers.OrderController.CreateOrderItem (MyShop)"'
2023-08-24 14:22:47.364 +02:00 [Information] Request finished HTTP/1.1 POST https://localhost:7205/Order/CreateOrderItem application/x-www-form-urlencoded 273 - 200 - text/html;+charset=utf-8 20.7589ms
2023-08-24 14:24:22.290 +02:00 [Information] Request starting HTTP/1.1 POST https://localhost:7205/Order/CreateOrderItem application/x-www-form-urlencoded 273
2023-08-24 14:24:22.292 +02:00 [Information] Executing endpoint '"MyShop.Controllers.OrderController.CreateOrderItem (MyShop)"'
2023-08-24 14:24:22.292 +02:00 [Information] Route matched with "{action = \"CreateOrderItem\", controller = \"Order\"}". Executing controller action with signature "System.Threading.Tasks.Task`1[Microsoft.AspNetCore.Mvc.IActionResult] CreateOrderItem(MyShop.Models.OrderItem)" on controller "MyShop.Controllers.OrderController" ("MyShop").
