2023-08-28 18:09:13.134 +02:00 [Information] User profile is available. Using '"/Users/baifanz/.aspnet/DataProtection-Keys"' as key repository; keys will not be encrypted at rest.
2023-08-28 18:09:13.470 +02:00 [Information] Now listening on: "https://localhost:7205"
2023-08-28 18:09:13.471 +02:00 [Information] Now listening on: "http://localhost:5112"
2023-08-28 18:09:13.474 +02:00 [Information] Application started. Press Ctrl+C to shut down.
2023-08-28 18:09:13.475 +02:00 [Information] Hosting environment: "Development"
2023-08-28 18:09:13.475 +02:00 [Information] Content root path: "/Users/baifanz/Projects/ITPE32-23H/7-Input-Validation/MyShop"
2023-08-28 18:09:14.577 +02:00 [Information] Request starting HTTP/1.1 GET https://localhost:7205/ - -
2023-08-28 18:09:14.596 +02:00 [Information] Executing endpoint '"MyShop.Controllers.HomeController.Index (MyShop)"'
2023-08-28 18:09:14.603 +02:00 [Information] Route matched with "{action = \"Index\", controller = \"Home\"}". Executing controller action with signature "Microsoft.AspNetCore.Mvc.IActionResult Index()" on controller "MyShop.Controllers.HomeController" ("MyShop").
2023-08-28 18:09:14.610 +02:00 [Information] Executing ViewResult, running view "Index".
2023-08-28 18:09:14.667 +02:00 [Information] Executed ViewResult - view "Index" executed in 58.0735ms.
2023-08-28 18:09:14.670 +02:00 [Information] Executed action "MyShop.Controllers.HomeController.Index (MyShop)" in 65.7302ms
2023-08-28 18:09:14.670 +02:00 [Information] Executed endpoint '"MyShop.Controllers.HomeController.Index (MyShop)"'
2023-08-28 18:09:14.676 +02:00 [Information] Request finished HTTP/1.1 GET https://localhost:7205/ - - - 200 - text/html;+charset=utf-8 99.0424ms
2023-08-28 18:09:23.674 +02:00 [Information] Request starting HTTP/1.1 GET https://localhost:7205/Item/Table - -
2023-08-28 18:09:23.680 +02:00 [Information] Executing endpoint '"MyShop.Controllers.ItemController.Table (MyShop)"'
2023-08-28 18:09:23.686 +02:00 [Information] Route matched with "{action = \"Table\", controller = \"Item\"}". Executing controller action with signature "System.Threading.Tasks.Task`1[Microsoft.AspNetCore.Mvc.IActionResult] Table()" on controller "MyShop.Controllers.ItemController" ("MyShop").
2023-08-28 18:09:23.749 +02:00 [Information] Executing ViewResult, running view "Table".
2023-08-28 18:09:23.756 +02:00 [Information] Executed ViewResult - view "Table" executed in 8.2342ms.
2023-08-28 18:09:23.756 +02:00 [Information] Executed action "MyShop.Controllers.ItemController.Table (MyShop)" in 69.8475ms
2023-08-28 18:09:23.756 +02:00 [Information] Executed endpoint '"MyShop.Controllers.ItemController.Table (MyShop)"'
2023-08-28 18:09:23.759 +02:00 [Information] Request finished HTTP/1.1 GET https://localhost:7205/Item/Table - - - 200 - text/html;+charset=utf-8 85.2109ms
2023-08-28 18:09:25.615 +02:00 [Information] Request starting HTTP/1.1 GET https://localhost:7205/Item/Update/2 - -
2023-08-28 18:09:25.619 +02:00 [Information] Executing endpoint '"MyShop.Controllers.ItemController.Update (MyShop)"'
2023-08-28 18:09:25.638 +02:00 [Information] Route matched with "{action = \"Update\", controller = \"Item\"}". Executing controller action with signature "System.Threading.Tasks.Task`1[Microsoft.AspNetCore.Mvc.IActionResult] Update(Int32)" on controller "MyShop.Controllers.ItemController" ("MyShop").
2023-08-28 18:09:25.768 +02:00 [Information] Executing ViewResult, running view "Update".
2023-08-28 18:09:25.792 +02:00 [Information] Executed ViewResult - view "Update" executed in 24.2352ms.
2023-08-28 18:09:25.792 +02:00 [Information] Executed action "MyShop.Controllers.ItemController.Update (MyShop)" in 153.2957ms
2023-08-28 18:09:25.792 +02:00 [Information] Executed endpoint '"MyShop.Controllers.ItemController.Update (MyShop)"'
2023-08-28 18:09:25.792 +02:00 [Information] Request finished HTTP/1.1 GET https://localhost:7205/Item/Update/2 - - - 200 - text/html;+charset=utf-8 177.0622ms
2023-08-28 18:09:26.968 +02:00 [Information] Request starting HTTP/1.1 POST https://localhost:7205/Item/Update/2 application/x-www-form-urlencoded 385
2023-08-28 18:09:26.968 +02:00 [Information] Executing endpoint '"MyShop.Controllers.ItemController.Update (MyShop)"'
2023-08-28 18:09:26.981 +02:00 [Information] Route matched with "{action = \"Update\", controller = \"Item\"}". Executing controller action with signature "System.Threading.Tasks.Task`1[Microsoft.AspNetCore.Mvc.IActionResult] Update(MyShop.Models.Item)" on controller "MyShop.Controllers.ItemController" ("MyShop").
