2023-08-24 14:50:59.020 +02:00 [Information] User profile is available. Using '"/Users/baifanz/.aspnet/DataProtection-Keys"' as key repository; keys will not be encrypted at rest.
2023-08-24 14:50:59.289 +02:00 [Information] Now listening on: "https://localhost:7205"
2023-08-24 14:50:59.313 +02:00 [Information] Now listening on: "http://localhost:5112"
2023-08-24 14:50:59.316 +02:00 [Information] Application started. Press Ctrl+C to shut down.
2023-08-24 14:50:59.317 +02:00 [Information] Hosting environment: "Development"
2023-08-24 14:50:59.317 +02:00 [Information] Content root path: "/Users/baifanz/Projects/ITPE32-23H/7-Input-Validation/MyShop"
2023-08-24 14:51:00.451 +02:00 [Information] Request starting HTTP/1.1 GET https://localhost:7205/ - -
2023-08-24 14:51:00.464 +02:00 [Information] Executing endpoint '"MyShop.Controllers.HomeController.Index (MyShop)"'
2023-08-24 14:51:00.468 +02:00 [Information] Route matched with "{action = \"Index\", controller = \"Home\"}". Executing controller action with signature "Microsoft.AspNetCore.Mvc.IActionResult Index()" on controller "MyShop.Controllers.HomeController" ("MyShop").
2023-08-24 14:51:00.473 +02:00 [Information] Executing ViewResult, running view "Index".
2023-08-24 14:51:00.509 +02:00 [Information] Executed ViewResult - view "Index" executed in 36.4182ms.
2023-08-24 14:51:00.510 +02:00 [Information] Executed action "MyShop.Controllers.HomeController.Index (MyShop)" in 41.1713ms
2023-08-24 14:51:00.510 +02:00 [Information] Executed endpoint '"MyShop.Controllers.HomeController.Index (MyShop)"'
2023-08-24 14:51:00.512 +02:00 [Information] Request finished HTTP/1.1 GET https://localhost:7205/ - - - 200 - text/html;+charset=utf-8 62.0100ms
2023-08-24 14:51:01.619 +02:00 [Information] Request starting HTTP/1.1 GET https://localhost:7205/Order/Table - -
2023-08-24 14:51:01.622 +02:00 [Information] Executing endpoint '"MyShop.Controllers.OrderController.Table (MyShop)"'
2023-08-24 14:51:01.628 +02:00 [Information] Route matched with "{action = \"Table\", controller = \"Order\"}". Executing controller action with signature "System.Threading.Tasks.Task`1[Microsoft.AspNetCore.Mvc.IActionResult] Table()" on controller "MyShop.Controllers.OrderController" ("MyShop").
2023-08-24 14:51:12.036 +02:00 [Information] Executing ViewResult, running view "Table".
2023-08-24 14:51:40.080 +02:00 [Information] Executed ViewResult - view "Table" executed in 28074.5688ms.
2023-08-24 14:51:40.080 +02:00 [Information] Executed action "MyShop.Controllers.OrderController.Table (MyShop)" in 38452.3333ms
2023-08-24 14:51:40.080 +02:00 [Information] Executed endpoint '"MyShop.Controllers.OrderController.Table (MyShop)"'
2023-08-24 14:51:40.083 +02:00 [Information] Request finished HTTP/1.1 GET https://localhost:7205/Order/Table - - - 200 - text/html;+charset=utf-8 38465.1339ms
2023-08-24 14:51:44.799 +02:00 [Information] Request starting HTTP/1.1 GET https://localhost:7205/Order/CreateOrderItem - -
2023-08-24 14:51:44.802 +02:00 [Information] Executing endpoint '"MyShop.Controllers.OrderController.CreateOrderItem (MyShop)"'
2023-08-24 14:51:44.807 +02:00 [Information] Route matched with "{action = \"CreateOrderItem\", controller = \"Order\"}". Executing controller action with signature "System.Threading.Tasks.Task`1[Microsoft.AspNetCore.Mvc.IActionResult] CreateOrderItem()" on controller "MyShop.Controllers.OrderController" ("MyShop").
2023-08-24 14:51:44.863 +02:00 [Information] Executing ViewResult, running view "CreateOrderItem".
2023-08-24 14:51:44.887 +02:00 [Information] Executed ViewResult - view "CreateOrderItem" executed in 24.7447ms.
2023-08-24 14:51:44.888 +02:00 [Information] Executed action "MyShop.Controllers.OrderController.CreateOrderItem (MyShop)" in 80.6325ms
2023-08-24 14:51:44.888 +02:00 [Information] Executed endpoint '"MyShop.Controllers.OrderController.CreateOrderItem (MyShop)"'
2023-08-24 14:51:44.888 +02:00 [Information] Request finished HTTP/1.1 GET https://localhost:7205/Order/CreateOrderItem - - - 200 - text/html;+charset=utf-8 89.1380ms
2023-08-24 14:51:49.659 +02:00 [Information] Request starting HTTP/1.1 POST https://localhost:7205/Order/CreateOrderItem application/x-www-form-urlencoded 273
2023-08-24 14:51:49.659 +02:00 [Information] Executing endpoint '"MyShop.Controllers.OrderController.CreateOrderItem (MyShop)"'
2023-08-24 14:51:49.684 +02:00 [Information] Route matched with "{action = \"CreateOrderItem\", controller = \"Order\"}". Executing controller action with signature "System.Threading.Tasks.Task`1[Microsoft.AspNetCore.Mvc.IActionResult] CreateOrderItem(MyShop.Models.OrderItem)" on controller "MyShop.Controllers.OrderController" ("MyShop").
2023-08-24 14:53:43.411 +02:00 [Information] Executing ViewResult, running view "CreateOrderItem".
2023-08-24 14:53:43.414 +02:00 [Information] Executed ViewResult - view "CreateOrderItem" executed in 3.0107ms.
2023-08-24 14:53:43.414 +02:00 [Information] Executed action "MyShop.Controllers.OrderController.CreateOrderItem (MyShop)" in 113732.363ms
2023-08-24 14:53:43.415 +02:00 [Information] Executed endpoint '"MyShop.Controllers.OrderController.CreateOrderItem (MyShop)"'
2023-08-24 14:53:43.415 +02:00 [Information] Request finished HTTP/1.1 POST https://localhost:7205/Order/CreateOrderItem application/x-www-form-urlencoded 273 - 200 - text/html;+charset=utf-8 113757.9495ms
