2023-08-24 14:15:07.222 +02:00 [Information] User profile is available. Using '"/Users/baifanz/.aspnet/DataProtection-Keys"' as key repository; keys will not be encrypted at rest.
2023-08-24 14:15:07.515 +02:00 [Information] Now listening on: "https://localhost:7205"
2023-08-24 14:15:07.516 +02:00 [Information] Now listening on: "http://localhost:5112"
2023-08-24 14:15:07.519 +02:00 [Information] Application started. Press Ctrl+C to shut down.
2023-08-24 14:15:07.520 +02:00 [Information] Hosting environment: "Development"
2023-08-24 14:15:07.520 +02:00 [Information] Content root path: "/Users/baifanz/Projects/ITPE32-23H/7-Input-Validation/MyShop"
2023-08-24 14:15:08.624 +02:00 [Information] Request starting HTTP/1.1 GET https://localhost:7205/ - -
2023-08-24 14:15:08.642 +02:00 [Information] Executing endpoint '"MyShop.Controllers.HomeController.Index (MyShop)"'
2023-08-24 14:15:08.648 +02:00 [Information] Route matched with "{action = \"Index\", controller = \"Home\"}". Executing controller action with signature "Microsoft.AspNetCore.Mvc.IActionResult Index()" on controller "MyShop.Controllers.HomeController" ("MyShop").
2023-08-24 14:15:08.652 +02:00 [Information] Executing ViewResult, running view "Index".
2023-08-24 14:15:08.689 +02:00 [Information] Executed ViewResult - view "Index" executed in 36.922ms.
2023-08-24 14:15:08.690 +02:00 [Information] Executed action "MyShop.Controllers.HomeController.Index (MyShop)" in 42.0018ms
2023-08-24 14:15:08.690 +02:00 [Information] Executed endpoint '"MyShop.Controllers.HomeController.Index (MyShop)"'
2023-08-24 14:15:08.695 +02:00 [Information] Request finished HTTP/1.1 GET https://localhost:7205/ - - - 200 - text/html;+charset=utf-8 71.8904ms
2023-08-24 14:18:21.066 +02:00 [Information] Request starting HTTP/1.1 GET https://localhost:7205/Order/Table - -
2023-08-24 14:18:21.076 +02:00 [Information] Executing endpoint '"MyShop.Controllers.OrderController.Table (MyShop)"'
2023-08-24 14:18:21.166 +02:00 [Information] Route matched with "{action = \"Table\", controller = \"Order\"}". Executing controller action with signature "System.Threading.Tasks.Task`1[Microsoft.AspNetCore.Mvc.IActionResult] Table()" on controller "MyShop.Controllers.OrderController" ("MyShop").
2023-08-24 14:18:21.229 +02:00 [Information] Executing ViewResult, running view "Table".
2023-08-24 14:18:21.269 +02:00 [Information] Executed ViewResult - view "Table" executed in 40.9121ms.
2023-08-24 14:18:21.270 +02:00 [Information] Executed action "MyShop.Controllers.OrderController.Table (MyShop)" in 102.8328ms
2023-08-24 14:18:21.270 +02:00 [Information] Executed endpoint '"MyShop.Controllers.OrderController.Table (MyShop)"'
2023-08-24 14:18:21.271 +02:00 [Information] Request finished HTTP/1.1 GET https://localhost:7205/Order/Table - - - 200 - text/html;+charset=utf-8 205.4804ms
2023-08-24 14:18:22.475 +02:00 [Information] Request starting HTTP/1.1 GET https://localhost:7205/Customer/Table - -
2023-08-24 14:18:22.477 +02:00 [Information] Executing endpoint '"MyShop.Controllers.CustomerController.Table (MyShop)"'
2023-08-24 14:18:22.484 +02:00 [Information] Route matched with "{action = \"Table\", controller = \"Customer\"}". Executing controller action with signature "System.Threading.Tasks.Task`1[Microsoft.AspNetCore.Mvc.IActionResult] Table()" on controller "MyShop.Controllers.CustomerController" ("MyShop").
2023-08-24 14:18:22.539 +02:00 [Information] Executing ViewResult, running view "Table".
2023-08-24 14:18:22.550 +02:00 [Information] Executed ViewResult - view "Table" executed in 11.7965ms.
2023-08-24 14:18:22.550 +02:00 [Information] Executed action "MyShop.Controllers.CustomerController.Table (MyShop)" in 66.0533ms
2023-08-24 14:18:22.550 +02:00 [Information] Executed endpoint '"MyShop.Controllers.CustomerController.Table (MyShop)"'
2023-08-24 14:18:22.550 +02:00 [Information] Request finished HTTP/1.1 GET https://localhost:7205/Customer/Table - - - 200 - text/html;+charset=utf-8 75.2217ms
2023-08-24 14:18:22.930 +02:00 [Information] Request starting HTTP/1.1 GET https://localhost:7205/Item/Table - -
2023-08-24 14:18:22.931 +02:00 [Information] Executing endpoint '"MyShop.Controllers.ItemController.Table (MyShop)"'
2023-08-24 14:18:22.934 +02:00 [Information] Route matched with "{action = \"Table\", controller = \"Item\"}". Executing controller action with signature "System.Threading.Tasks.Task`1[Microsoft.AspNetCore.Mvc.IActionResult] Table()" on controller "MyShop.Controllers.ItemController" ("MyShop").
2023-08-24 14:18:22.944 +02:00 [Information] Executing ViewResult, running view "Table".
2023-08-24 14:18:22.958 +02:00 [Information] Executed ViewResult - view "Table" executed in 14.5727ms.
2023-08-24 14:18:22.958 +02:00 [Information] Executed action "MyShop.Controllers.ItemController.Table (MyShop)" in 23.9352ms
2023-08-24 14:18:22.958 +02:00 [Information] Executed endpoint '"MyShop.Controllers.ItemController.Table (MyShop)"'
2023-08-24 14:18:22.958 +02:00 [Information] Request finished HTTP/1.1 GET https://localhost:7205/Item/Table - - - 200 - text/html;+charset=utf-8 27.6910ms
2023-08-24 14:18:23.355 +02:00 [Information] Request starting HTTP/1.1 GET https://localhost:7205/ - -
2023-08-24 14:18:23.355 +02:00 [Information] Executing endpoint '"MyShop.Controllers.HomeController.Index (MyShop)"'
2023-08-24 14:18:23.355 +02:00 [Information] Route matched with "{action = \"Index\", controller = \"Home\"}". Executing controller action with signature "Microsoft.AspNetCore.Mvc.IActionResult Index()" on controller "MyShop.Controllers.HomeController" ("MyShop").
2023-08-24 14:18:23.355 +02:00 [Information] Executing ViewResult, running view "Index".
2023-08-24 14:18:23.356 +02:00 [Information] Executed ViewResult - view "Index" executed in 0.755ms.
2023-08-24 14:18:23.356 +02:00 [Information] Executed action "MyShop.Controllers.HomeController.Index (MyShop)" in 0.9175ms
2023-08-24 14:18:23.356 +02:00 [Information] Executed endpoint '"MyShop.Controllers.HomeController.Index (MyShop)"'
2023-08-24 14:18:23.356 +02:00 [Information] Request finished HTTP/1.1 GET https://localhost:7205/ - - - 200 - text/html;+charset=utf-8 1.4907ms
2023-08-24 14:18:23.875 +02:00 [Information] Request starting HTTP/1.1 GET https://localhost:7205/Item/Table - -
2023-08-24 14:18:23.877 +02:00 [Information] Executing endpoint '"MyShop.Controllers.ItemController.Table (MyShop)"'
2023-08-24 14:18:23.877 +02:00 [Information] Route matched with "{action = \"Table\", controller = \"Item\"}". Executing controller action with signature "System.Threading.Tasks.Task`1[Microsoft.AspNetCore.Mvc.IActionResult] Table()" on controller "MyShop.Controllers.ItemController" ("MyShop").
2023-08-24 14:18:23.883 +02:00 [Information] Executing ViewResult, running view "Table".
2023-08-24 14:18:23.885 +02:00 [Information] Executed ViewResult - view "Table" executed in 2.5584ms.
2023-08-24 14:18:23.885 +02:00 [Information] Executed action "MyShop.Controllers.ItemController.Table (MyShop)" in 7.9629ms
2023-08-24 14:18:23.885 +02:00 [Information] Executed endpoint '"MyShop.Controllers.ItemController.Table (MyShop)"'
2023-08-24 14:18:23.886 +02:00 [Information] Request finished HTTP/1.1 GET https://localhost:7205/Item/Table - - - 200 - text/html;+charset=utf-8 10.4507ms
2023-08-24 14:18:24.906 +02:00 [Information] Request starting HTTP/1.1 GET https://localhost:7205/Customer/Table - -
2023-08-24 14:18:24.906 +02:00 [Information] Executing endpoint '"MyShop.Controllers.CustomerController.Table (MyShop)"'
2023-08-24 14:18:24.906 +02:00 [Information] Route matched with "{action = \"Table\", controller = \"Customer\"}". Executing controller action with signature "System.Threading.Tasks.Task`1[Microsoft.AspNetCore.Mvc.IActionResult] Table()" on controller "MyShop.Controllers.CustomerController" ("MyShop").
2023-08-24 14:18:24.910 +02:00 [Information] Executing ViewResult, running view "Table".
2023-08-24 14:18:24.918 +02:00 [Information] Executed ViewResult - view "Table" executed in 7.9509ms.
2023-08-24 14:18:24.918 +02:00 [Information] Executed action "MyShop.Controllers.CustomerController.Table (MyShop)" in 12.016ms
2023-08-24 14:18:24.918 +02:00 [Information] Executed endpoint '"MyShop.Controllers.CustomerController.Table (MyShop)"'
2023-08-24 14:18:24.918 +02:00 [Information] Request finished HTTP/1.1 GET https://localhost:7205/Customer/Table - - - 200 - text/html;+charset=utf-8 12.6248ms
2023-08-24 14:18:28.500 +02:00 [Information] Request starting HTTP/1.1 GET https://localhost:7205/Order/Table - -
2023-08-24 14:18:28.501 +02:00 [Information] Executing endpoint '"MyShop.Controllers.OrderController.Table (MyShop)"'
2023-08-24 14:18:28.501 +02:00 [Information] Route matched with "{action = \"Table\", controller = \"Order\"}". Executing controller action with signature "System.Threading.Tasks.Task`1[Microsoft.AspNetCore.Mvc.IActionResult] Table()" on controller "MyShop.Controllers.OrderController" ("MyShop").
2023-08-24 14:18:28.504 +02:00 [Information] Executing ViewResult, running view "Table".
2023-08-24 14:18:28.528 +02:00 [Information] Executed ViewResult - view "Table" executed in 24.3013ms.
2023-08-24 14:18:28.529 +02:00 [Information] Executed action "MyShop.Controllers.OrderController.Table (MyShop)" in 27.5048ms
2023-08-24 14:18:28.529 +02:00 [Information] Executed endpoint '"MyShop.Controllers.OrderController.Table (MyShop)"'
2023-08-24 14:18:28.529 +02:00 [Information] Request finished HTTP/1.1 GET https://localhost:7205/Order/Table - - - 200 - text/html;+charset=utf-8 28.9680ms
