2023-08-24 14:40:32.502 +02:00 [Information] User profile is available. Using '"/Users/baifanz/.aspnet/DataProtection-Keys"' as key repository; keys will not be encrypted at rest.
2023-08-24 14:40:32.693 +02:00 [Information] Now listening on: "https://localhost:7205"
2023-08-24 14:40:32.693 +02:00 [Information] Now listening on: "http://localhost:5112"
2023-08-24 14:40:32.695 +02:00 [Information] Application started. Press Ctrl+C to shut down.
2023-08-24 14:40:32.696 +02:00 [Information] Hosting environment: "Development"
2023-08-24 14:40:32.696 +02:00 [Information] Content root path: "/Users/baifanz/Projects/ITPE32-23H/7-Input-Validation/MyShop"
2023-08-24 14:40:33.971 +02:00 [Information] Request starting HTTP/1.1 GET https://localhost:7205/ - -
2023-08-24 14:40:33.984 +02:00 [Information] Executing endpoint '"MyShop.Controllers.HomeController.Index (MyShop)"'
2023-08-24 14:40:33.988 +02:00 [Information] Route matched with "{action = \"Index\", controller = \"Home\"}". Executing controller action with signature "Microsoft.AspNetCore.Mvc.IActionResult Index()" on controller "MyShop.Controllers.HomeController" ("MyShop").
2023-08-24 14:40:33.992 +02:00 [Information] Executing ViewResult, running view "Index".
2023-08-24 14:40:34.023 +02:00 [Information] Executed ViewResult - view "Index" executed in 30.7102ms.
2023-08-24 14:40:34.024 +02:00 [Information] Executed action "MyShop.Controllers.HomeController.Index (MyShop)" in 35.8998ms
2023-08-24 14:40:34.024 +02:00 [Information] Executed endpoint '"MyShop.Controllers.HomeController.Index (MyShop)"'
2023-08-24 14:40:34.029 +02:00 [Information] Request finished HTTP/1.1 GET https://localhost:7205/ - - - 200 - text/html;+charset=utf-8 58.0431ms
2023-08-24 14:40:36.316 +02:00 [Information] Request starting HTTP/1.1 GET https://localhost:7205/Customer/Table - -
2023-08-24 14:40:36.319 +02:00 [Information] Executing endpoint '"MyShop.Controllers.CustomerController.Table (MyShop)"'
2023-08-24 14:40:36.324 +02:00 [Information] Route matched with "{action = \"Table\", controller = \"Customer\"}". Executing controller action with signature "System.Threading.Tasks.Task`1[Microsoft.AspNetCore.Mvc.IActionResult] Table()" on controller "MyShop.Controllers.CustomerController" ("MyShop").
2023-08-24 14:40:36.364 +02:00 [Information] Executing ViewResult, running view "Table".
2023-08-24 14:40:36.369 +02:00 [Information] Executed ViewResult - view "Table" executed in 5.5818ms.
2023-08-24 14:40:36.369 +02:00 [Information] Executed action "MyShop.Controllers.CustomerController.Table (MyShop)" in 45.4885ms
2023-08-24 14:40:36.370 +02:00 [Information] Executed endpoint '"MyShop.Controllers.CustomerController.Table (MyShop)"'
2023-08-24 14:40:36.373 +02:00 [Information] Request finished HTTP/1.1 GET https://localhost:7205/Customer/Table - - - 200 - text/html;+charset=utf-8 56.8288ms
2023-08-24 14:40:37.139 +02:00 [Information] Request starting HTTP/1.1 GET https://localhost:7205/Item/Table - -
2023-08-24 14:40:37.141 +02:00 [Information] Executing endpoint '"MyShop.Controllers.ItemController.Table (MyShop)"'
2023-08-24 14:40:37.144 +02:00 [Information] Route matched with "{action = \"Table\", controller = \"Item\"}". Executing controller action with signature "System.Threading.Tasks.Task`1[Microsoft.AspNetCore.Mvc.IActionResult] Table()" on controller "MyShop.Controllers.ItemController" ("MyShop").
2023-08-24 14:40:37.199 +02:00 [Information] Executing ViewResult, running view "Table".
2023-08-24 14:40:37.207 +02:00 [Information] Executed ViewResult - view "Table" executed in 8.2873ms.
2023-08-24 14:40:37.207 +02:00 [Information] Executed action "MyShop.Controllers.ItemController.Table (MyShop)" in 62.8046ms
2023-08-24 14:40:37.207 +02:00 [Information] Executed endpoint '"MyShop.Controllers.ItemController.Table (MyShop)"'
2023-08-24 14:40:37.207 +02:00 [Information] Request finished HTTP/1.1 GET https://localhost:7205/Item/Table - - - 200 - text/html;+charset=utf-8 68.3333ms
2023-08-24 14:40:37.752 +02:00 [Information] Request starting HTTP/1.1 GET https://localhost:7205/Order/Table - -
2023-08-24 14:40:37.774 +02:00 [Information] Executing endpoint '"MyShop.Controllers.OrderController.Table (MyShop)"'
2023-08-24 14:40:37.777 +02:00 [Information] Route matched with "{action = \"Table\", controller = \"Order\"}". Executing controller action with signature "System.Threading.Tasks.Task`1[Microsoft.AspNetCore.Mvc.IActionResult] Table()" on controller "MyShop.Controllers.OrderController" ("MyShop").
2023-08-24 14:40:49.945 +02:00 [Information] Executing ViewResult, running view "Table".
2023-08-24 14:41:42.207 +02:00 [Information] Executed action "MyShop.Controllers.OrderController.Table (MyShop)" in 64431.1112ms
2023-08-24 14:41:42.208 +02:00 [Information] Executed endpoint '"MyShop.Controllers.OrderController.Table (MyShop)"'
2023-08-24 14:41:42.216 +02:00 [Error] An unhandled exception has occurred while executing the request.
System.NullReferenceException: Object reference not set to an instance of an object.
   at AspNetCoreGeneratedDocument.Views_Shared__OrderItemTable.ExecuteAsync() in /Users/baifanz/Projects/ITPE32-23H/7-Input-Validation/MyShop/Views/Shared/_OrderItemTable.cshtml:line 13
   at Microsoft.AspNetCore.Mvc.Razor.RazorView.RenderPageCoreAsync(IRazorPage page, ViewContext context)
   at Microsoft.AspNetCore.Mvc.Razor.RazorView.RenderPageAsync(IRazorPage page, ViewContext context, Boolean invokeViewStarts)
   at Microsoft.AspNetCore.Mvc.Razor.RazorView.RenderAsync(ViewContext context)
   at Microsoft.AspNetCore.Mvc.TagHelpers.PartialTagHelper.RenderPartialViewAsync(TextWriter writer, Object model, IView view)
   at Microsoft.AspNetCore.Mvc.TagHelpers.PartialTagHelper.ProcessAsync(TagHelperContext context, TagHelperOutput output)
   at Microsoft.AspNetCore.Razor.Runtime.TagHelpers.TagHelperRunner.<RunAsync>g__Awaited|0_0(Task task, TagHelperExecutionContext executionContext, Int32 i, Int32 count)
   at AspNetCoreGeneratedDocument.Views_Order_Table.ExecuteAsync() in /Users/baifanz/Projects/ITPE32-23H/7-Input-Validation/MyShop/Views/Order/Table.cshtml:line 27
   at Microsoft.AspNetCore.Mvc.Razor.RazorView.RenderPageCoreAsync(IRazorPage page, ViewContext context)
   at Microsoft.AspNetCore.Mvc.Razor.RazorView.RenderPageAsync(IRazorPage page, ViewContext context, Boolean invokeViewStarts)
   at Microsoft.AspNetCore.Mvc.Razor.RazorView.RenderAsync(ViewContext context)
   at Microsoft.AspNetCore.Mvc.ViewFeatures.ViewExecutor.ExecuteAsync(ViewContext viewContext, String contentType, Nullable`1 statusCode)
   at Microsoft.AspNetCore.Mvc.ViewFeatures.ViewExecutor.ExecuteAsync(ViewContext viewContext, String contentType, Nullable`1 statusCode)
   at Microsoft.AspNetCore.Mvc.ViewFeatures.ViewExecutor.ExecuteAsync(ActionContext actionContext, IView view, ViewDataDictionary viewData, ITempDataDictionary tempData, String contentType, Nullable`1 statusCode)
   at Microsoft.AspNetCore.Mvc.ViewFeatures.ViewResultExecutor.ExecuteAsync(ActionContext context, ViewResult result)
   at Microsoft.AspNetCore.Mvc.ViewResult.ExecuteResultAsync(ActionContext context)
   at Microsoft.AspNetCore.Mvc.Infrastructure.ResourceInvoker.<InvokeNextResultFilterAsync>g__Awaited|30_0[TFilter,TFilterAsync](ResourceInvoker invoker, Task lastTask, State next, Scope scope, Object state, Boolean isCompleted)
   at Microsoft.AspNetCore.Mvc.Infrastructure.ResourceInvoker.Rethrow(ResultExecutedContextSealed context)
   at Microsoft.AspNetCore.Mvc.Infrastructure.ResourceInvoker.ResultNext[TFilter,TFilterAsync](State& next, Scope& scope, Object& state, Boolean& isCompleted)
   at Microsoft.AspNetCore.Mvc.Infrastructure.ResourceInvoker.InvokeResultFilters()
--- End of stack trace from previous location ---
   at Microsoft.AspNetCore.Mvc.Infrastructure.ResourceInvoker.<InvokeNextResourceFilter>g__Awaited|25_0(ResourceInvoker invoker, Task lastTask, State next, Scope scope, Object state, Boolean isCompleted)
   at Microsoft.AspNetCore.Mvc.Infrastructure.ResourceInvoker.Rethrow(ResourceExecutedContextSealed context)
   at Microsoft.AspNetCore.Mvc.Infrastructure.ResourceInvoker.Next(State& next, Scope& scope, Object& state, Boolean& isCompleted)
   at Microsoft.AspNetCore.Mvc.Infrastructure.ResourceInvoker.InvokeFilterPipelineAsync()
--- End of stack trace from previous location ---
   at Microsoft.AspNetCore.Mvc.Infrastructure.ResourceInvoker.<InvokeAsync>g__Logged|17_1(ResourceInvoker invoker)
   at Microsoft.AspNetCore.Mvc.Infrastructure.ResourceInvoker.<InvokeAsync>g__Logged|17_1(ResourceInvoker invoker)
   at Microsoft.AspNetCore.Routing.EndpointMiddleware.<Invoke>g__AwaitRequestTask|6_0(Endpoint endpoint, Task requestTask, ILogger logger)
   at Microsoft.AspNetCore.Diagnostics.DeveloperExceptionPageMiddlewareImpl.Invoke(HttpContext context)
2023-08-24 14:41:42.234 +02:00 [Information] Request finished HTTP/1.1 GET https://localhost:7205/Order/Table - - - 500 - text/html;+charset=utf-8 64482.1102ms
