2023-08-24 14:12:05.820 +02:00 [Information] User profile is available. Using '"/Users/baifanz/.aspnet/DataProtection-Keys"' as key repository; keys will not be encrypted at rest.
2023-08-24 14:12:06.078 +02:00 [Information] Now listening on: "https://localhost:7205"
2023-08-24 14:12:06.079 +02:00 [Information] Now listening on: "http://localhost:5112"
2023-08-24 14:12:06.109 +02:00 [Information] Application started. Press Ctrl+C to shut down.
2023-08-24 14:12:06.110 +02:00 [Information] Hosting environment: "Development"
2023-08-24 14:12:06.110 +02:00 [Information] Content root path: "/Users/baifanz/Projects/ITPE32-23H/6-Logging/MyShop-11-Logging-ErrorHandling/MyShop"
2023-08-24 14:12:07.246 +02:00 [Information] Request starting HTTP/1.1 GET https://localhost:7205/ - -
2023-08-24 14:12:07.264 +02:00 [Information] Executing endpoint '"MyShop.Controllers.HomeController.Index (MyShop)"'
2023-08-24 14:12:07.270 +02:00 [Information] Route matched with "{action = \"Index\", controller = \"Home\"}". Executing controller action with signature "Microsoft.AspNetCore.Mvc.IActionResult Index()" on controller "MyShop.Controllers.HomeController" ("MyShop").
2023-08-24 14:12:07.276 +02:00 [Information] Executing ViewResult, running view "Index".
2023-08-24 14:12:07.311 +02:00 [Information] Executed ViewResult - view "Index" executed in 36.3012ms.
2023-08-24 14:12:07.312 +02:00 [Information] Executed action "MyShop.Controllers.HomeController.Index (MyShop)" in 41.4621ms
2023-08-24 14:12:07.312 +02:00 [Information] Executed endpoint '"MyShop.Controllers.HomeController.Index (MyShop)"'
2023-08-24 14:12:07.317 +02:00 [Information] Request finished HTTP/1.1 GET https://localhost:7205/ - - - 200 - text/html;+charset=utf-8 71.9073ms
2023-08-24 14:12:20.287 +02:00 [Information] Request starting HTTP/1.1 GET https://localhost:7205/Customer/Table - -
2023-08-24 14:12:20.292 +02:00 [Information] Executing endpoint '"MyShop.Controllers.CustomerController.Table (MyShop)"'
2023-08-24 14:12:20.298 +02:00 [Information] Route matched with "{action = \"Table\", controller = \"Customer\"}". Executing controller action with signature "System.Threading.Tasks.Task`1[Microsoft.AspNetCore.Mvc.IActionResult] Table()" on controller "MyShop.Controllers.CustomerController" ("MyShop").
2023-08-24 14:12:20.356 +02:00 [Information] Executing ViewResult, running view "Table".
2023-08-24 14:12:20.376 +02:00 [Information] Executed ViewResult - view "Table" executed in 19.9378ms.
2023-08-24 14:12:20.376 +02:00 [Information] Executed action "MyShop.Controllers.CustomerController.Table (MyShop)" in 77.2055ms
2023-08-24 14:12:20.376 +02:00 [Information] Executed endpoint '"MyShop.Controllers.CustomerController.Table (MyShop)"'
2023-08-24 14:12:20.378 +02:00 [Information] Request finished HTTP/1.1 GET https://localhost:7205/Customer/Table - - - 200 - text/html;+charset=utf-8 90.6276ms
2023-08-24 14:12:20.937 +02:00 [Information] Request starting HTTP/1.1 GET https://localhost:7205/Order/Table - -
2023-08-24 14:12:20.940 +02:00 [Information] Executing endpoint '"MyShop.Controllers.OrderController.Table (MyShop)"'
2023-08-24 14:12:20.945 +02:00 [Information] Route matched with "{action = \"Table\", controller = \"Order\"}". Executing controller action with signature "System.Threading.Tasks.Task`1[Microsoft.AspNetCore.Mvc.IActionResult] Table()" on controller "MyShop.Controllers.OrderController" ("MyShop").
2023-08-24 14:12:21.000 +02:00 [Information] Executing ViewResult, running view "Table".
2023-08-24 14:12:21.028 +02:00 [Information] Executed ViewResult - view "Table" executed in 29.0458ms.
2023-08-24 14:12:21.029 +02:00 [Information] Executed action "MyShop.Controllers.OrderController.Table (MyShop)" in 83.0584ms
2023-08-24 14:12:21.029 +02:00 [Information] Executed endpoint '"MyShop.Controllers.OrderController.Table (MyShop)"'
2023-08-24 14:12:21.029 +02:00 [Information] Request finished HTTP/1.1 GET https://localhost:7205/Order/Table - - - 200 - text/html;+charset=utf-8 91.4217ms
2023-08-24 14:12:22.408 +02:00 [Information] Request starting HTTP/1.1 GET https://localhost:7205/Item/Table - -
2023-08-24 14:12:22.434 +02:00 [Information] Executing endpoint '"MyShop.Controllers.ItemController.Table (MyShop)"'
2023-08-24 14:12:22.440 +02:00 [Information] Route matched with "{action = \"Table\", controller = \"Item\"}". Executing controller action with signature "System.Threading.Tasks.Task`1[Microsoft.AspNetCore.Mvc.IActionResult] Table()" on controller "MyShop.Controllers.ItemController" ("MyShop").
2023-08-24 14:12:22.456 +02:00 [Information] Executing ViewResult, running view "Table".
2023-08-24 14:12:22.472 +02:00 [Information] Executed ViewResult - view "Table" executed in 16.6218ms.
2023-08-24 14:12:22.472 +02:00 [Information] Executed action "MyShop.Controllers.ItemController.Table (MyShop)" in 31.5649ms
2023-08-24 14:12:22.472 +02:00 [Information] Executed endpoint '"MyShop.Controllers.ItemController.Table (MyShop)"'
2023-08-24 14:12:22.472 +02:00 [Information] Request finished HTTP/1.1 GET https://localhost:7205/Item/Table - - - 200 - text/html;+charset=utf-8 64.0837ms
2023-08-24 14:12:23.705 +02:00 [Information] Request starting HTTP/1.1 GET https://localhost:7205/Item/Update/1 - -
2023-08-24 14:12:23.707 +02:00 [Information] Executing endpoint '"MyShop.Controllers.ItemController.Update (MyShop)"'
2023-08-24 14:12:23.722 +02:00 [Information] Route matched with "{action = \"Update\", controller = \"Item\"}". Executing controller action with signature "System.Threading.Tasks.Task`1[Microsoft.AspNetCore.Mvc.IActionResult] Update(Int32)" on controller "MyShop.Controllers.ItemController" ("MyShop").
2023-08-24 14:12:23.751 +02:00 [Information] Executing ViewResult, running view "Update".
2023-08-24 14:12:23.787 +02:00 [Information] Executed ViewResult - view "Update" executed in 36.3427ms.
2023-08-24 14:12:23.787 +02:00 [Information] Executed action "MyShop.Controllers.ItemController.Update (MyShop)" in 64.4362ms
2023-08-24 14:12:23.787 +02:00 [Information] Executed endpoint '"MyShop.Controllers.ItemController.Update (MyShop)"'
2023-08-24 14:12:23.787 +02:00 [Information] Request finished HTTP/1.1 GET https://localhost:7205/Item/Update/1 - - - 200 - text/html;+charset=utf-8 82.5012ms
2023-08-24 14:12:26.925 +02:00 [Information] Request starting HTTP/1.1 POST https://localhost:7205/Item/Update/1 application/x-www-form-urlencoded 360
2023-08-24 14:12:26.925 +02:00 [Information] Executing endpoint '"MyShop.Controllers.ItemController.Update (MyShop)"'
2023-08-24 14:12:26.939 +02:00 [Information] Route matched with "{action = \"Update\", controller = \"Item\"}". Executing controller action with signature "System.Threading.Tasks.Task`1[Microsoft.AspNetCore.Mvc.IActionResult] Update(MyShop.Models.Item)" on controller "MyShop.Controllers.ItemController" ("MyShop").
2023-08-24 14:12:26.978 +02:00 [Information] Executing RedirectResult, redirecting to "/Item/Table".
2023-08-24 14:12:26.978 +02:00 [Information] Executed action "MyShop.Controllers.ItemController.Update (MyShop)" in 39.1868ms
2023-08-24 14:12:26.978 +02:00 [Information] Executed endpoint '"MyShop.Controllers.ItemController.Update (MyShop)"'
2023-08-24 14:12:26.979 +02:00 [Information] Request finished HTTP/1.1 POST https://localhost:7205/Item/Update/1 application/x-www-form-urlencoded 360 - 302 0 - 54.1182ms
2023-08-24 14:12:26.981 +02:00 [Information] Request starting HTTP/1.1 GET https://localhost:7205/Item/Table - -
2023-08-24 14:12:26.981 +02:00 [Information] Executing endpoint '"MyShop.Controllers.ItemController.Table (MyShop)"'
2023-08-24 14:12:26.981 +02:00 [Information] Route matched with "{action = \"Table\", controller = \"Item\"}". Executing controller action with signature "System.Threading.Tasks.Task`1[Microsoft.AspNetCore.Mvc.IActionResult] Table()" on controller "MyShop.Controllers.ItemController" ("MyShop").
2023-08-24 14:12:26.983 +02:00 [Information] Executing ViewResult, running view "Table".
2023-08-24 14:12:26.985 +02:00 [Information] Executed ViewResult - view "Table" executed in 1.428ms.
2023-08-24 14:12:26.985 +02:00 [Information] Executed action "MyShop.Controllers.ItemController.Table (MyShop)" in 3.9458ms
2023-08-24 14:12:26.985 +02:00 [Information] Executed endpoint '"MyShop.Controllers.ItemController.Table (MyShop)"'
2023-08-24 14:12:26.985 +02:00 [Information] Request finished HTTP/1.1 GET https://localhost:7205/Item/Table - - - 200 - text/html;+charset=utf-8 4.3724ms
2023-08-24 14:12:29.777 +02:00 [Information] Request starting HTTP/1.1 GET https://localhost:7205/Item/Delete/2 - -
2023-08-24 14:12:29.778 +02:00 [Information] Executing endpoint '"MyShop.Controllers.ItemController.Delete (MyShop)"'
2023-08-24 14:12:29.783 +02:00 [Information] Route matched with "{action = \"Delete\", controller = \"Item\"}". Executing controller action with signature "System.Threading.Tasks.Task`1[Microsoft.AspNetCore.Mvc.IActionResult] Delete(Int32)" on controller "MyShop.Controllers.ItemController" ("MyShop").
2023-08-24 14:12:29.791 +02:00 [Information] Executing ViewResult, running view "Delete".
2023-08-24 14:12:29.801 +02:00 [Information] Executed ViewResult - view "Delete" executed in 10.9734ms.
2023-08-24 14:12:29.801 +02:00 [Information] Executed action "MyShop.Controllers.ItemController.Delete (MyShop)" in 17.6448ms
2023-08-24 14:12:29.801 +02:00 [Information] Executed endpoint '"MyShop.Controllers.ItemController.Delete (MyShop)"'
2023-08-24 14:12:29.801 +02:00 [Information] Request finished HTTP/1.1 GET https://localhost:7205/Item/Delete/2 - - - 200 - text/html;+charset=utf-8 24.3131ms
2023-08-24 14:12:30.670 +02:00 [Information] Request starting HTTP/1.1 POST https://localhost:7205/Item/DeleteConfirmed/2 application/x-www-form-urlencoded 182
2023-08-24 14:12:30.670 +02:00 [Information] Executing endpoint '"MyShop.Controllers.ItemController.DeleteConfirmed (MyShop)"'
2023-08-24 14:12:30.674 +02:00 [Information] Route matched with "{action = \"DeleteConfirmed\", controller = \"Item\"}". Executing controller action with signature "System.Threading.Tasks.Task`1[Microsoft.AspNetCore.Mvc.IActionResult] DeleteConfirmed(Int32)" on controller "MyShop.Controllers.ItemController" ("MyShop").
2023-08-24 14:12:30.696 +02:00 [Information] Executing RedirectResult, redirecting to "/Item/Table".
2023-08-24 14:12:30.696 +02:00 [Information] Executed action "MyShop.Controllers.ItemController.DeleteConfirmed (MyShop)" in 22.3807ms
2023-08-24 14:12:30.696 +02:00 [Information] Executed endpoint '"MyShop.Controllers.ItemController.DeleteConfirmed (MyShop)"'
2023-08-24 14:12:30.696 +02:00 [Information] Request finished HTTP/1.1 POST https://localhost:7205/Item/DeleteConfirmed/2 application/x-www-form-urlencoded 182 - 302 0 - 26.4817ms
2023-08-24 14:12:30.699 +02:00 [Information] Request starting HTTP/1.1 GET https://localhost:7205/Item/Table - -
2023-08-24 14:12:30.699 +02:00 [Information] Executing endpoint '"MyShop.Controllers.ItemController.Table (MyShop)"'
2023-08-24 14:12:30.699 +02:00 [Information] Route matched with "{action = \"Table\", controller = \"Item\"}". Executing controller action with signature "System.Threading.Tasks.Task`1[Microsoft.AspNetCore.Mvc.IActionResult] Table()" on controller "MyShop.Controllers.ItemController" ("MyShop").
2023-08-24 14:12:30.701 +02:00 [Information] Executing ViewResult, running view "Table".
2023-08-24 14:12:30.703 +02:00 [Information] Executed ViewResult - view "Table" executed in 1.7769ms.
2023-08-24 14:12:30.703 +02:00 [Information] Executed action "MyShop.Controllers.ItemController.Table (MyShop)" in 3.887ms
2023-08-24 14:12:30.703 +02:00 [Information] Executed endpoint '"MyShop.Controllers.ItemController.Table (MyShop)"'
2023-08-24 14:12:30.703 +02:00 [Information] Request finished HTTP/1.1 GET https://localhost:7205/Item/Table - - - 200 - text/html;+charset=utf-8 4.2976ms
